[ 2017-11-01T01:20:39+08:00 ] 140.205.201.30 /index.php?m=member&c=index&a=register&siteid=1
INFO: [ app_init ] --START--
INFO: Run Behavior\BuildLiteBehavior [ RunTime:0.000026s ]
INFO: [ app_init ] --END-- [ RunTime:0.000340s ]
ERR: 无法加载模块:Member

[ 2017-11-01T01:21:46+08:00 ] 140.205.201.30 /index.php?m=wap&a=index&siteid=1
INFO: [ app_init ] --START--
INFO: Run Behavior\BuildLiteBehavior [ RunTime:0.000028s ]
INFO: [ app_init ] --END-- [ RunTime:0.000378s ]
ERR: 无法加载模块:Wap

[ 2017-11-01T03:42:30+08:00 ] 140.205.225.198 /index.php?m=member&c=index&a=register&siteid=1
INFO: [ app_init ] --START--
INFO: Run Behavior\BuildLiteBehavior [ RunTime:0.000027s ]
INFO: [ app_init ] --END-- [ RunTime:0.000347s ]
ERR: 无法加载模块:Member

[ 2017-11-01T03:42:33+08:00 ] 140.205.225.198 /index.php?m=wap&a=index&siteid=1
INFO: [ app_init ] --START--
INFO: Run Behavior\BuildLiteBehavior [ RunTime:0.000028s ]
INFO: [ app_init ] --END-- [ RunTime:0.000341s ]
ERR: 无法加载模块:Wap

[ 2017-11-01T11:28:06+08:00 ] 140.205.225.192 /index.php?m=member&c=index&a=register&siteid=1
INFO: [ app_init ] --START--
INFO: Run Behavior\BuildLiteBehavior [ RunTime:0.000028s ]
INFO: [ app_init ] --END-- [ RunTime:0.000396s ]
ERR: 无法加载模块:Member

[ 2017-11-01T11:28:07+08:00 ] 140.205.225.192 /index.php?m=wap&a=index&siteid=1
INFO: [ app_init ] --START--
INFO: Run Behavior\BuildLiteBehavior [ RunTime:0.000049s ]
INFO: [ app_init ] --END-- [ RunTime:0.000382s ]
ERR: 无法加载模块:Wap

[ 2017-11-01T21:02:59+08:00 ] 140.205.225.194 /index.php?m=member&c=index&a=register&siteid=1
INFO: [ app_init ] --START--
INFO: Run Behavior\BuildLiteBehavior [ RunTime:0.000026s ]
INFO: [ app_init ] --END-- [ RunTime:0.000325s ]
ERR: 无法加载模块:Member

[ 2017-11-01T21:03:02+08:00 ] 140.205.225.194 /index.php?m=wap&a=index&siteid=1
INFO: [ app_init ] --START--
INFO: Run Behavior\BuildLiteBehavior [ RunTime:0.000026s ]
INFO: [ app_init ] --END-- [ RunTime:0.000325s ]
ERR: 无法加载模块:Wap

