[ 2017-10-12T00:20:54+08:00 ] 104.131.38.93 /
INFO: [ app_init ] --START--
INFO: Run Behavior\BuildLiteBehavior [ RunTime:0.000026s ]
INFO: [ app_init ] --END-- [ RunTime:0.000476s ]
INFO: [ app_begin ] --START--
INFO: Run Behavior\ReadHtmlCacheBehavior [ RunTime:0.000532s ]
INFO: [ app_begin ] --END-- [ RunTime:0.000652s ]

[ 2017-10-12T00:38:06+08:00 ] 183.240.198.70 /allthing/api/firstButton
INFO: [ app_init ] --START--
INFO: Run Behavior\BuildLiteBehavior [ RunTime:0.000028s ]
INFO: [ app_init ] --END-- [ RunTime:0.000359s ]
INFO: [ app_begin ] --START--
INFO: Run Behavior\ReadHtmlCacheBehavior [ RunTime:0.000374s ]
INFO: [ app_begin ] --END-- [ RunTime:0.000534s ]
ERR: 无法加载控制器:Allthing

[ 2017-10-12T00:38:06+08:00 ] 183.240.198.70 /allthing/pictureapi/getList
INFO: [ app_init ] --START--
INFO: Run Behavior\BuildLiteBehavior [ RunTime:0.000026s ]
INFO: [ app_init ] --END-- [ RunTime:0.000378s ]
INFO: [ app_begin ] --START--
INFO: Run Behavior\ReadHtmlCacheBehavior [ RunTime:0.000348s ]
INFO: [ app_begin ] --END-- [ RunTime:0.000472s ]
ERR: 无法加载控制器:Allthing

[ 2017-10-12T00:38:06+08:00 ] 183.240.198.70 /allthing/api/lunboArticles
INFO: [ app_init ] --START--
INFO: Run Behavior\BuildLiteBehavior [ RunTime:0.000029s ]
INFO: [ app_init ] --END-- [ RunTime:0.000390s ]
INFO: [ app_begin ] --START--
INFO: Run Behavior\ReadHtmlCacheBehavior [ RunTime:0.000406s ]
INFO: [ app_begin ] --END-- [ RunTime:0.000535s ]
ERR: 无法加载控制器:Allthing

[ 2017-10-12T00:38:06+08:00 ] 183.240.198.70 /allthing/orderapi/getByOpenid
INFO: [ app_init ] --START--
INFO: Run Behavior\BuildLiteBehavior [ RunTime:0.000027s ]
INFO: [ app_init ] --END-- [ RunTime:0.000380s ]
INFO: [ app_begin ] --START--
INFO: Run Behavior\ReadHtmlCacheBehavior [ RunTime:0.000356s ]
INFO: [ app_begin ] --END-- [ RunTime:0.000479s ]
ERR: 无法加载控制器:Allthing

[ 2017-10-12T00:46:27+08:00 ] 138.197.78.164 /
INFO: [ app_init ] --START--
INFO: Run Behavior\BuildLiteBehavior [ RunTime:0.000032s ]
INFO: [ app_init ] --END-- [ RunTime:0.000423s ]
INFO: [ app_begin ] --START--
INFO: Run Behavior\ReadHtmlCacheBehavior [ RunTime:0.000370s ]
INFO: [ app_begin ] --END-- [ RunTime:0.000490s ]

[ 2017-10-12T00:56:10+08:00 ] 165.227.77.64 /
INFO: [ app_init ] --START--
INFO: Run Behavior\BuildLiteBehavior [ RunTime:0.000027s ]
INFO: [ app_init ] --END-- [ RunTime:0.000363s ]
INFO: [ app_begin ] --START--
INFO: Run Behavior\ReadHtmlCacheBehavior [ RunTime:0.000366s ]
INFO: [ app_begin ] --END-- [ RunTime:0.000523s ]

[ 2017-10-12T01:22:42+08:00 ] 104.236.196.10 /
INFO: [ app_init ] --START--
INFO: Run Behavior\BuildLiteBehavior [ RunTime:0.000027s ]
INFO: [ app_init ] --END-- [ RunTime:0.000360s ]
INFO: [ app_begin ] --START--
INFO: Run Behavior\ReadHtmlCacheBehavior [ RunTime:0.000338s ]
INFO: [ app_begin ] --END-- [ RunTime:0.000471s ]

[ 2017-10-12T01:22:51+08:00 ] 104.236.56.91 /
INFO: [ app_init ] --START--
INFO: Run Behavior\BuildLiteBehavior [ RunTime:0.000026s ]
INFO: [ app_init ] --END-- [ RunTime:0.000365s ]
INFO: [ app_begin ] --START--
INFO: Run Behavior\ReadHtmlCacheBehavior [ RunTime:0.000361s ]
INFO: [ app_begin ] --END-- [ RunTime:0.000479s ]

[ 2017-10-12T03:31:19+08:00 ] 106.11.227.5 /
INFO: [ app_init ] --START--
INFO: Run Behavior\BuildLiteBehavior [ RunTime:0.000032s ]
INFO: [ app_init ] --END-- [ RunTime:0.000332s ]
INFO: [ app_begin ] --START--
INFO: Run Behavior\ReadHtmlCacheBehavior [ RunTime:0.000470s ]
INFO: [ app_begin ] --END-- [ RunTime:0.000578s ]

[ 2017-10-12T04:55:45+08:00 ] 38.142.119.130 /
INFO: [ app_init ] --START--
INFO: Run Behavior\BuildLiteBehavior [ RunTime:0.000040s ]
INFO: [ app_init ] --END-- [ RunTime:0.000398s ]
INFO: [ app_begin ] --START--
INFO: Run Behavior\ReadHtmlCacheBehavior [ RunTime:0.000385s ]
INFO: [ app_begin ] --END-- [ RunTime:0.000509s ]

[ 2017-10-12T06:27:35+08:00 ] 38.142.99.2 /
INFO: [ app_init ] --START--
INFO: Run Behavior\BuildLiteBehavior [ RunTime:0.000026s ]
INFO: [ app_init ] --END-- [ RunTime:0.000341s ]
INFO: [ app_begin ] --START--
INFO: Run Behavior\ReadHtmlCacheBehavior [ RunTime:0.000342s ]
INFO: [ app_begin ] --END-- [ RunTime:0.000458s ]

[ 2017-10-12T06:53:02+08:00 ] 138.246.253.19 /
INFO: [ app_init ] --START--
INFO: Run Behavior\BuildLiteBehavior [ RunTime:0.000026s ]
INFO: [ app_init ] --END-- [ RunTime:0.000362s ]
INFO: [ app_begin ] --START--
INFO: Run Behavior\ReadHtmlCacheBehavior [ RunTime:0.000323s ]
INFO: [ app_begin ] --END-- [ RunTime:0.000446s ]

[ 2017-10-12T07:10:51+08:00 ] 38.142.98.226 /
INFO: [ app_init ] --START--
INFO: Run Behavior\BuildLiteBehavior [ RunTime:0.000027s ]
INFO: [ app_init ] --END-- [ RunTime:0.000354s ]
INFO: [ app_begin ] --START--
INFO: Run Behavior\ReadHtmlCacheBehavior [ RunTime:0.000376s ]
INFO: [ app_begin ] --END-- [ RunTime:0.000495s ]

[ 2017-10-12T09:38:44+08:00 ] 222.240.101.174 /
INFO: [ app_init ] --START--
INFO: Run Behavior\BuildLiteBehavior [ RunTime:0.000025s ]
INFO: [ app_init ] --END-- [ RunTime:0.000377s ]
INFO: [ app_begin ] --START--
INFO: Run Behavior\ReadHtmlCacheBehavior [ RunTime:0.002258s ]
INFO: [ app_begin ] --END-- [ RunTime:0.002366s ]

[ 2017-10-12T09:50:35+08:00 ] 45.55.8.159 /
INFO: [ app_init ] --START--
INFO: Run Behavior\BuildLiteBehavior [ RunTime:0.000026s ]
INFO: [ app_init ] --END-- [ RunTime:0.000359s ]
INFO: [ app_begin ] --START--
INFO: Run Behavior\ReadHtmlCacheBehavior [ RunTime:0.000344s ]
INFO: [ app_begin ] --END-- [ RunTime:0.000468s ]

[ 2017-10-12T11:24:42+08:00 ] 43.250.201.22 //config/get_value?mallname=wxcba01efc22c3fcc6&key=mallname
INFO: [ app_init ] --START--
INFO: Run Behavior\BuildLiteBehavior [ RunTime:0.000028s ]
INFO: [ app_init ] --END-- [ RunTime:0.000561s ]
INFO: [ app_begin ] --START--
INFO: Run Behavior\ReadHtmlCacheBehavior [ RunTime:0.000538s ]
INFO: [ app_begin ] --END-- [ RunTime:0.000661s ]
SQL: SHOW COLUMNS FROM `weapp_admin` [ RunTime:0.0017s ]
SQL: SELECT * FROM `weapp_admin` WHERE `mallname` = 'wxcba01efc22c3fcc6' LIMIT 1   [ RunTime:0.0004s ]
SQL: SHOW COLUMNS FROM `weapp_statics` [ RunTime:0.0011s ]
SQL: SELECT * FROM `weapp_statics` WHERE `day` = 1507737600 AND `shopid` = 29 LIMIT 1   [ RunTime:0.0002s ]
SQL: SHOW COLUMNS FROM `weapp_statics` [ RunTime:0.0004s ]
SQL: INSERT INTO `weapp_statics` (`day`,`shopid`,`pv`,`uv`,`uvex`,`pvex`) VALUES ('1507737600','29','1','1','1','1') [ RunTime:0.0544s ]
SQL: SHOW COLUMNS FROM `weapp_config` [ RunTime:0.0020s ]
SQL: SELECT * FROM `weapp_config` WHERE `uid` = 29 LIMIT 1   [ RunTime:0.0002s ]

[ 2017-10-12T11:24:42+08:00 ] 43.250.201.22 //banner/blist?mallname=wxcba01efc22c3fcc6&key=mallname
INFO: [ app_init ] --START--
INFO: Run Behavior\BuildLiteBehavior [ RunTime:0.000026s ]
INFO: [ app_init ] --END-- [ RunTime:0.000398s ]
INFO: [ app_begin ] --START--
INFO: Run Behavior\ReadHtmlCacheBehavior [ RunTime:0.000337s ]
INFO: [ app_begin ] --END-- [ RunTime:0.000467s ]
SQL: SHOW COLUMNS FROM `weapp_admin` [ RunTime:0.0007s ]
SQL: SELECT * FROM `weapp_admin` WHERE `mallname` = 'wxcba01efc22c3fcc6' LIMIT 1   [ RunTime:0.0003s ]
SQL: SHOW COLUMNS FROM `weapp_statics` [ RunTime:0.0004s ]
SQL: SELECT * FROM `weapp_statics` WHERE `day` = 1507737600 AND `shopid` = 29 LIMIT 1   [ RunTime:0.0002s ]
SQL: UPDATE `weapp_statics` SET `pv`=pv+1 WHERE `day` = 1507737600 AND `shopid` = 29 [ RunTime:0.0033s ]
SQL: SHOW COLUMNS FROM `weapp_config` [ RunTime:0.0005s ]
SQL: SELECT * FROM `weapp_config` WHERE `uid` = 29 LIMIT 1   [ RunTime:0.0002s ]
SQL: SHOW COLUMNS FROM `weapp_shop_vbanner` [ RunTime:0.0015s ]
SQL: SELECT * FROM `weapp_shop_vbanner` WHERE `is_del` = 0 AND `uid` = 29 LIMIT 7   [ RunTime:0.0002s ]

[ 2017-10-12T11:24:42+08:00 ] 43.250.201.22 //shop/goods_categoryall?mallname=wxcba01efc22c3fcc6
INFO: [ app_init ] --START--
INFO: Run Behavior\BuildLiteBehavior [ RunTime:0.000023s ]
INFO: [ app_init ] --END-- [ RunTime:0.000343s ]
INFO: [ app_begin ] --START--
INFO: Run Behavior\ReadHtmlCacheBehavior [ RunTime:0.000367s ]
INFO: [ app_begin ] --END-- [ RunTime:0.000471s ]
SQL: SHOW COLUMNS FROM `weapp_admin` [ RunTime:0.0007s ]
SQL: SELECT * FROM `weapp_admin` WHERE `mallname` = 'wxcba01efc22c3fcc6' LIMIT 1   [ RunTime:0.0002s ]
SQL: SHOW COLUMNS FROM `weapp_statics` [ RunTime:0.0004s ]
SQL: SELECT * FROM `weapp_statics` WHERE `day` = 1507737600 AND `shopid` = 29 LIMIT 1   [ RunTime:0.0002s ]
SQL: UPDATE `weapp_statics` SET `pv`=pv+1 WHERE `day` = 1507737600 AND `shopid` = 29 [ RunTime:0.0027s ]
SQL: SHOW COLUMNS FROM `weapp_config` [ RunTime:0.0006s ]
SQL: SELECT * FROM `weapp_config` WHERE `uid` = 29 LIMIT 1   [ RunTime:0.0002s ]
SQL: SHOW COLUMNS FROM `weapp_shop_cate` [ RunTime:0.0032s ]
SQL: SELECT * FROM `weapp_shop_cate` WHERE `is_del` = 0 AND `uid` = 29 ORDER BY `order` DESC  [ RunTime:0.0003s ]

[ 2017-10-12T11:24:42+08:00 ] 43.250.201.22 //user/wxapp_login?mallname=wxcba01efc22c3fcc6&code=011c00Q425UW9K0U1VN42KoIP42c00QQ
INFO: [ app_init ] --START--
INFO: Run Behavior\BuildLiteBehavior [ RunTime:0.000026s ]
INFO: [ app_init ] --END-- [ RunTime:0.000377s ]
INFO: [ app_begin ] --START--
INFO: Run Behavior\ReadHtmlCacheBehavior [ RunTime:0.000376s ]
INFO: [ app_begin ] --END-- [ RunTime:0.000496s ]
SQL: SHOW COLUMNS FROM `weapp_admin` [ RunTime:0.0007s ]
SQL: SELECT * FROM `weapp_admin` WHERE `mallname` = 'wxcba01efc22c3fcc6' LIMIT 1   [ RunTime:0.0003s ]
SQL: SHOW COLUMNS FROM `weapp_statics` [ RunTime:0.0004s ]
SQL: SELECT * FROM `weapp_statics` WHERE `day` = 1507737600 AND `shopid` = 29 LIMIT 1   [ RunTime:0.0002s ]
SQL: UPDATE `weapp_statics` SET `pv`=pv+1 WHERE `day` = 1507737600 AND `shopid` = 29 [ RunTime:0.0032s ]
SQL: SHOW COLUMNS FROM `weapp_config` [ RunTime:0.0005s ]
SQL: SELECT * FROM `weapp_config` WHERE `uid` = 29 LIMIT 1   [ RunTime:0.0002s ]
SQL: SHOW COLUMNS FROM `weapp_weapp_session` [ RunTime:0.0013s ]
SQL: INSERT INTO `weapp_weapp_session` (`session_key`,`openid`,`create_time`,`code`) VALUES ('QXHNi//yF7VPRUC7sVufQw==','oDIAe0ZMYygYQj42hYeqTckiYjzM','1508642682','011c00Q425UW9K0U1VN42KoIP42c00QQ') [ RunTime:0.0022s ]
SQL: SHOW COLUMNS FROM `weapp_shop_wxappuser` [ RunTime:0.0011s ]
SQL: SELECT * FROM `weapp_shop_wxappuser` WHERE `openid` = 'oDIAe0ZMYygYQj42hYeqTckiYjzM' LIMIT 1   [ RunTime:0.0003s ]

[ 2017-10-12T11:24:43+08:00 ] 43.250.201.22 //shop/goods_list?mallname=wxcba01efc22c3fcc6&categoryid=
INFO: [ app_init ] --START--
INFO: Run Behavior\BuildLiteBehavior [ RunTime:0.000038s ]
INFO: [ app_init ] --END-- [ RunTime:0.000383s ]
INFO: [ app_begin ] --START--
INFO: Run Behavior\ReadHtmlCacheBehavior [ RunTime:0.000384s ]
INFO: [ app_begin ] --END-- [ RunTime:0.000507s ]
SQL: SHOW COLUMNS FROM `weapp_admin` [ RunTime:0.0007s ]
SQL: SELECT * FROM `weapp_admin` WHERE `mallname` = 'wxcba01efc22c3fcc6' LIMIT 1   [ RunTime:0.0002s ]
SQL: SHOW COLUMNS FROM `weapp_statics` [ RunTime:0.0004s ]
SQL: SELECT * FROM `weapp_statics` WHERE `day` = 1507737600 AND `shopid` = 29 LIMIT 1   [ RunTime:0.0002s ]
SQL: UPDATE `weapp_statics` SET `pv`=pv+1 WHERE `day` = 1507737600 AND `shopid` = 29 [ RunTime:0.0026s ]
SQL: SHOW COLUMNS FROM `weapp_config` [ RunTime:0.0005s ]
SQL: SELECT * FROM `weapp_config` WHERE `uid` = 29 LIMIT 1   [ RunTime:0.0002s ]
SQL: SHOW COLUMNS FROM `weapp_shop_goods` [ RunTime:0.0018s ]
SQL: SELECT * FROM `weapp_shop_goods` WHERE `is_del` = 0 AND `uid` = 29  [ RunTime:0.0005s ]

[ 2017-10-12T13:05:08+08:00 ] 101.251.246.66 /
INFO: [ app_init ] --START--
INFO: Run Behavior\BuildLiteBehavior [ RunTime:0.000026s ]
INFO: [ app_init ] --END-- [ RunTime:0.000519s ]
INFO: [ app_begin ] --START--
INFO: Run Behavior\ReadHtmlCacheBehavior [ RunTime:0.000536s ]
INFO: [ app_begin ] --END-- [ RunTime:0.000657s ]

[ 2017-10-12T14:39:59+08:00 ] 43.250.200.22 //config/get_value?mallname=wxcba01efc22c3fcc6&key=mallname
INFO: [ app_init ] --START--
INFO: Run Behavior\BuildLiteBehavior [ RunTime:0.000027s ]
INFO: [ app_init ] --END-- [ RunTime:0.001043s ]
INFO: [ app_begin ] --START--
INFO: Run Behavior\ReadHtmlCacheBehavior [ RunTime:0.000960s ]
INFO: [ app_begin ] --END-- [ RunTime:0.001073s ]
SQL: SHOW COLUMNS FROM `weapp_admin` [ RunTime:0.0040s ]
SQL: SELECT * FROM `weapp_admin` WHERE `mallname` = 'wxcba01efc22c3fcc6' LIMIT 1   [ RunTime:0.0009s ]
SQL: SHOW COLUMNS FROM `weapp_statics` [ RunTime:0.0021s ]
SQL: SELECT * FROM `weapp_statics` WHERE `day` = 1507737600 AND `shopid` = 29 LIMIT 1   [ RunTime:0.0002s ]
SQL: UPDATE `weapp_statics` SET `pv`=pv+1 WHERE `day` = 1507737600 AND `shopid` = 29 [ RunTime:0.0040s ]
SQL: SHOW COLUMNS FROM `weapp_config` [ RunTime:0.0695s ]
SQL: SELECT * FROM `weapp_config` WHERE `uid` = 29 LIMIT 1   [ RunTime:0.0033s ]

[ 2017-10-12T14:39:59+08:00 ] 43.250.200.22 //banner/blist?mallname=wxcba01efc22c3fcc6&key=mallname
INFO: [ app_init ] --START--
INFO: Run Behavior\BuildLiteBehavior [ RunTime:0.000028s ]
INFO: [ app_init ] --END-- [ RunTime:0.000528s ]
INFO: [ app_begin ] --START--
INFO: Run Behavior\ReadHtmlCacheBehavior [ RunTime:0.000843s ]
INFO: [ app_begin ] --END-- [ RunTime:0.000966s ]
SQL: SHOW COLUMNS FROM `weapp_admin` [ RunTime:0.0041s ]
SQL: SELECT * FROM `weapp_admin` WHERE `mallname` = 'wxcba01efc22c3fcc6' LIMIT 1   [ RunTime:0.0003s ]
SQL: SHOW COLUMNS FROM `weapp_statics` [ RunTime:0.0014s ]
SQL: SELECT * FROM `weapp_statics` WHERE `day` = 1507737600 AND `shopid` = 29 LIMIT 1   [ RunTime:0.0013s ]
SQL: UPDATE `weapp_statics` SET `pv`=pv+1 WHERE `day` = 1507737600 AND `shopid` = 29 [ RunTime:0.0717s ]
SQL: SHOW COLUMNS FROM `weapp_config` [ RunTime:0.0024s ]
SQL: SELECT * FROM `weapp_config` WHERE `uid` = 29 LIMIT 1   [ RunTime:0.0018s ]
SQL: SHOW COLUMNS FROM `weapp_shop_vbanner` [ RunTime:0.0019s ]
SQL: SELECT * FROM `weapp_shop_vbanner` WHERE `is_del` = 0 AND `uid` = 29 LIMIT 7   [ RunTime:0.0007s ]

[ 2017-10-12T14:39:59+08:00 ] 43.250.200.22 //shop/goods_categoryall?mallname=wxcba01efc22c3fcc6
INFO: [ app_init ] --START--
INFO: Run Behavior\BuildLiteBehavior [ RunTime:0.000072s ]
INFO: [ app_init ] --END-- [ RunTime:0.000614s ]
INFO: [ app_begin ] --START--
INFO: Run Behavior\ReadHtmlCacheBehavior [ RunTime:0.000365s ]
INFO: [ app_begin ] --END-- [ RunTime:0.000572s ]
SQL: SHOW COLUMNS FROM `weapp_admin` [ RunTime:0.0005s ]
SQL: SELECT * FROM `weapp_admin` WHERE `mallname` = 'wxcba01efc22c3fcc6' LIMIT 1   [ RunTime:0.0002s ]
SQL: SHOW COLUMNS FROM `weapp_statics` [ RunTime:0.0008s ]
SQL: SELECT * FROM `weapp_statics` WHERE `day` = 1507737600 AND `shopid` = 29 LIMIT 1   [ RunTime:0.0009s ]
SQL: UPDATE `weapp_statics` SET `pv`=pv+1 WHERE `day` = 1507737600 AND `shopid` = 29 [ RunTime:0.0038s ]
SQL: SHOW COLUMNS FROM `weapp_config` [ RunTime:0.0004s ]
SQL: SELECT * FROM `weapp_config` WHERE `uid` = 29 LIMIT 1   [ RunTime:0.0002s ]
SQL: SHOW COLUMNS FROM `weapp_shop_cate` [ RunTime:0.0667s ]
SQL: SELECT * FROM `weapp_shop_cate` WHERE `is_del` = 0 AND `uid` = 29 ORDER BY `order` DESC  [ RunTime:0.0006s ]

[ 2017-10-12T14:39:59+08:00 ] 43.250.200.22 //user/wxapp_login?mallname=wxcba01efc22c3fcc6&code=003NXVSj19Y0ak06n6Qj1WpLSj1NXVS0
INFO: [ app_init ] --START--
INFO: Run Behavior\BuildLiteBehavior [ RunTime:0.000026s ]
INFO: [ app_init ] --END-- [ RunTime:0.000346s ]
INFO: [ app_begin ] --START--
INFO: Run Behavior\ReadHtmlCacheBehavior [ RunTime:0.000369s ]
INFO: [ app_begin ] --END-- [ RunTime:0.000488s ]
SQL: SHOW COLUMNS FROM `weapp_admin` [ RunTime:0.0017s ]
SQL: SELECT * FROM `weapp_admin` WHERE `mallname` = 'wxcba01efc22c3fcc6' LIMIT 1   [ RunTime:0.0008s ]
SQL: SHOW COLUMNS FROM `weapp_statics` [ RunTime:0.0009s ]
SQL: SELECT * FROM `weapp_statics` WHERE `day` = 1507737600 AND `shopid` = 29 LIMIT 1   [ RunTime:0.0002s ]
SQL: UPDATE `weapp_statics` SET `pv`=pv+1 WHERE `day` = 1507737600 AND `shopid` = 29 [ RunTime:0.0681s ]
SQL: SHOW COLUMNS FROM `weapp_config` [ RunTime:0.0005s ]
SQL: SELECT * FROM `weapp_config` WHERE `uid` = 29 LIMIT 1   [ RunTime:0.0002s ]
SQL: SHOW COLUMNS FROM `weapp_weapp_session` [ RunTime:0.0156s ]
SQL: INSERT INTO `weapp_weapp_session` (`session_key`,`openid`,`create_time`,`code`) VALUES ('+rK5aRe+7ar5J/jfoQlQEg==','oDIAe0dsX0uqOua76TV6xRGnISGg','1508654399','003NXVSj19Y0ak06n6Qj1WpLSj1NXVS0') [ RunTime:0.0034s ]
SQL: SHOW COLUMNS FROM `weapp_shop_wxappuser` [ RunTime:0.0015s ]
SQL: SELECT * FROM `weapp_shop_wxappuser` WHERE `openid` = 'oDIAe0dsX0uqOua76TV6xRGnISGg' LIMIT 1   [ RunTime:0.0007s ]

[ 2017-10-12T19:23:33+08:00 ] 74.82.47.2 /
INFO: [ app_init ] --START--
INFO: Run Behavior\BuildLiteBehavior [ RunTime:0.000030s ]
INFO: [ app_init ] --END-- [ RunTime:0.000610s ]
INFO: [ app_begin ] --START--
INFO: Run Behavior\ReadHtmlCacheBehavior [ RunTime:0.000569s ]
INFO: [ app_begin ] --END-- [ RunTime:0.001140s ]

[ 2017-10-12T22:03:23+08:00 ] 139.162.116.133 /
INFO: [ app_init ] --START--
INFO: Run Behavior\BuildLiteBehavior [ RunTime:0.000028s ]
INFO: [ app_init ] --END-- [ RunTime:0.000546s ]
INFO: [ app_begin ] --START--
INFO: Run Behavior\ReadHtmlCacheBehavior [ RunTime:0.000555s ]
INFO: [ app_begin ] --END-- [ RunTime:0.000684s ]

