[ 2017-10-24T00:54:56+08:00 ] 66.249.75.18 /robots.txt
INFO: [ app_init ] --START--
INFO: Run Behavior\BuildLiteBehavior [ RunTime:0.000028s ]
INFO: [ app_init ] --END-- [ RunTime:0.000521s ]
INFO: [ app_begin ] --START--
INFO: Run Behavior\ReadHtmlCacheBehavior [ RunTime:0.000488s ]
INFO: [ app_begin ] --END-- [ RunTime:0.000611s ]
ERR: 无法加载控制器:Robots.txt

[ 2017-10-24T03:09:41+08:00 ] 101.37.84.41 /
INFO: [ app_init ] --START--
INFO: Run Behavior\BuildLiteBehavior [ RunTime:0.000027s ]
INFO: [ app_init ] --END-- [ RunTime:0.000356s ]
INFO: [ app_begin ] --START--
INFO: Run Behavior\ReadHtmlCacheBehavior [ RunTime:0.000333s ]
INFO: [ app_begin ] --END-- [ RunTime:0.000449s ]

[ 2017-10-24T04:16:07+08:00 ] 178.255.87.242 /robots.txt
INFO: [ app_init ] --START--
INFO: Run Behavior\BuildLiteBehavior [ RunTime:0.000024s ]
INFO: [ app_init ] --END-- [ RunTime:0.000712s ]
INFO: [ app_begin ] --START--
INFO: Run Behavior\ReadHtmlCacheBehavior [ RunTime:0.000338s ]
INFO: [ app_begin ] --END-- [ RunTime:0.000442s ]
ERR: 无法加载控制器:Robots.txt

[ 2017-10-24T07:55:43+08:00 ] 106.11.242.7 /
INFO: [ app_init ] --START--
INFO: Run Behavior\BuildLiteBehavior [ RunTime:0.000024s ]
INFO: [ app_init ] --END-- [ RunTime:0.000322s ]
INFO: [ app_begin ] --START--
INFO: Run Behavior\ReadHtmlCacheBehavior [ RunTime:0.000317s ]
INFO: [ app_begin ] --END-- [ RunTime:0.000441s ]

[ 2017-10-24T08:37:19+08:00 ] 124.236.176.158 /
INFO: [ app_init ] --START--
INFO: Run Behavior\BuildLiteBehavior [ RunTime:0.000023s ]
INFO: [ app_init ] --END-- [ RunTime:0.000321s ]
INFO: [ app_begin ] --START--
INFO: Run Behavior\ReadHtmlCacheBehavior [ RunTime:0.000417s ]
INFO: [ app_begin ] --END-- [ RunTime:0.000539s ]

[ 2017-10-24T08:46:06+08:00 ] 60.191.49.188 /
INFO: [ app_init ] --START--
INFO: Run Behavior\BuildLiteBehavior [ RunTime:0.000048s ]
INFO: [ app_init ] --END-- [ RunTime:0.000409s ]
INFO: [ app_begin ] --START--
INFO: Run Behavior\ReadHtmlCacheBehavior [ RunTime:0.000338s ]
INFO: [ app_begin ] --END-- [ RunTime:0.000454s ]

[ 2017-10-24T08:46:32+08:00 ] 60.191.40.194 /
INFO: [ app_init ] --START--
INFO: Run Behavior\BuildLiteBehavior [ RunTime:0.000022s ]
INFO: [ app_init ] --END-- [ RunTime:0.000346s ]
INFO: [ app_begin ] --START--
INFO: Run Behavior\ReadHtmlCacheBehavior [ RunTime:0.000345s ]
INFO: [ app_begin ] --END-- [ RunTime:0.000446s ]

[ 2017-10-24T10:25:00+08:00 ] 140.205.225.185 /showcase/integration/saveGangster.action
INFO: [ app_init ] --START--
INFO: Run Behavior\BuildLiteBehavior [ RunTime:0.000061s ]
INFO: [ app_init ] --END-- [ RunTime:0.000549s ]
INFO: [ app_begin ] --START--
INFO: Run Behavior\ReadHtmlCacheBehavior [ RunTime:0.000459s ]
INFO: [ app_begin ] --END-- [ RunTime:0.000585s ]
ERR: 无法加载控制器:Showcase

[ 2017-10-24T10:25:00+08:00 ] 140.205.225.185 /struts2-showcase/integration/saveGangster.action
INFO: [ app_init ] --START--
INFO: Run Behavior\BuildLiteBehavior [ RunTime:0.000039s ]
INFO: [ app_init ] --END-- [ RunTime:0.000383s ]
INFO: [ app_begin ] --START--
INFO: Run Behavior\ReadHtmlCacheBehavior [ RunTime:0.000334s ]
INFO: [ app_begin ] --END-- [ RunTime:0.000460s ]
ERR: 无法加载控制器:Struts2-showcase

[ 2017-10-24T10:25:00+08:00 ] 140.205.225.185 /integration/saveGangster.action
INFO: [ app_init ] --START--
INFO: Run Behavior\BuildLiteBehavior [ RunTime:0.000039s ]
INFO: [ app_init ] --END-- [ RunTime:0.000413s ]
INFO: [ app_begin ] --START--
INFO: Run Behavior\ReadHtmlCacheBehavior [ RunTime:0.000316s ]
INFO: [ app_begin ] --END-- [ RunTime:0.000418s ]
ERR: 无法加载控制器:Integration

[ 2017-10-24T11:37:33+08:00 ] 54.91.181.154 /
INFO: [ app_init ] --START--
INFO: Run Behavior\BuildLiteBehavior [ RunTime:0.000036s ]
INFO: [ app_init ] --END-- [ RunTime:0.000786s ]
INFO: [ app_begin ] --START--
INFO: Run Behavior\ReadHtmlCacheBehavior [ RunTime:0.000544s ]
INFO: [ app_begin ] --END-- [ RunTime:0.000683s ]

[ 2017-10-24T14:08:02+08:00 ] 66.249.73.6 /robots.txt
INFO: [ app_init ] --START--
INFO: Run Behavior\BuildLiteBehavior [ RunTime:0.000030s ]
INFO: [ app_init ] --END-- [ RunTime:0.000537s ]
INFO: [ app_begin ] --START--
INFO: Run Behavior\ReadHtmlCacheBehavior [ RunTime:0.000526s ]
INFO: [ app_begin ] --END-- [ RunTime:0.000629s ]
ERR: 无法加载控制器:Robots.txt

[ 2017-10-24T14:49:38+08:00 ] 139.162.106.181 /
INFO: [ app_init ] --START--
INFO: Run Behavior\BuildLiteBehavior [ RunTime:0.000023s ]
INFO: [ app_init ] --END-- [ RunTime:0.000346s ]
INFO: [ app_begin ] --START--
INFO: Run Behavior\ReadHtmlCacheBehavior [ RunTime:0.000565s ]
INFO: [ app_begin ] --END-- [ RunTime:0.000668s ]

[ 2017-10-24T18:02:26+08:00 ] 140.205.201.31 /showcase/integration/saveGangster.action
INFO: [ app_init ] --START--
INFO: Run Behavior\BuildLiteBehavior [ RunTime:0.000033s ]
INFO: [ app_init ] --END-- [ RunTime:0.000523s ]
INFO: [ app_begin ] --START--
INFO: Run Behavior\ReadHtmlCacheBehavior [ RunTime:0.000507s ]
INFO: [ app_begin ] --END-- [ RunTime:0.000643s ]
ERR: 无法加载控制器:Showcase

[ 2017-10-24T18:02:26+08:00 ] 140.205.201.31 /struts2-showcase/integration/saveGangster.action
INFO: [ app_init ] --START--
INFO: Run Behavior\BuildLiteBehavior [ RunTime:0.000041s ]
INFO: [ app_init ] --END-- [ RunTime:0.000543s ]
INFO: [ app_begin ] --START--
INFO: Run Behavior\ReadHtmlCacheBehavior [ RunTime:0.000528s ]
INFO: [ app_begin ] --END-- [ RunTime:0.000789s ]
ERR: 无法加载控制器:Struts2-showcase

[ 2017-10-24T18:02:26+08:00 ] 140.205.201.31 /integration/saveGangster.action
INFO: [ app_init ] --START--
INFO: Run Behavior\BuildLiteBehavior [ RunTime:0.000024s ]
INFO: [ app_init ] --END-- [ RunTime:0.000316s ]
INFO: [ app_begin ] --START--
INFO: Run Behavior\ReadHtmlCacheBehavior [ RunTime:0.000358s ]
INFO: [ app_begin ] --END-- [ RunTime:0.000463s ]
ERR: 无法加载控制器:Integration

[ 2017-10-24T19:01:04+08:00 ] 223.166.135.9 //config/get_value?mallname=wxcba01efc22c3fcc6&key=mallname
INFO: [ app_init ] --START--
INFO: Run Behavior\BuildLiteBehavior [ RunTime:0.000024s ]
INFO: [ app_init ] --END-- [ RunTime:0.000463s ]
INFO: [ app_begin ] --START--
INFO: Run Behavior\ReadHtmlCacheBehavior [ RunTime:0.000467s ]
INFO: [ app_begin ] --END-- [ RunTime:0.000568s ]
SQL: SHOW COLUMNS FROM `weapp_admin` [ RunTime:0.0037s ]
SQL: SELECT * FROM `weapp_admin` WHERE `mallname` = 'wxcba01efc22c3fcc6' LIMIT 1   [ RunTime:0.0009s ]
SQL: SHOW COLUMNS FROM `weapp_statics` [ RunTime:0.0013s ]
SQL: SELECT * FROM `weapp_statics` WHERE `day` = 1508774400 AND `shopid` = 29 LIMIT 1   [ RunTime:0.0002s ]
SQL: SHOW COLUMNS FROM `weapp_statics` [ RunTime:0.0007s ]
SQL: INSERT INTO `weapp_statics` (`day`,`shopid`,`pv`,`uv`,`uvex`,`pvex`) VALUES ('1508774400','29','1','1','1','1') [ RunTime:0.0952s ]
SQL: SHOW COLUMNS FROM `weapp_config` [ RunTime:0.0018s ]
SQL: SELECT * FROM `weapp_config` WHERE `uid` = 29 LIMIT 1   [ RunTime:0.0002s ]

[ 2017-10-24T19:01:04+08:00 ] 223.166.135.9 //banner/blist?mallname=wxcba01efc22c3fcc6&key=mallname
INFO: [ app_init ] --START--
INFO: Run Behavior\BuildLiteBehavior [ RunTime:0.000026s ]
INFO: [ app_init ] --END-- [ RunTime:0.000328s ]
INFO: [ app_begin ] --START--
INFO: Run Behavior\ReadHtmlCacheBehavior [ RunTime:0.000333s ]
INFO: [ app_begin ] --END-- [ RunTime:0.000474s ]
SQL: SHOW COLUMNS FROM `weapp_admin` [ RunTime:0.0010s ]
SQL: SELECT * FROM `weapp_admin` WHERE `mallname` = 'wxcba01efc22c3fcc6' LIMIT 1   [ RunTime:0.0002s ]
SQL: SHOW COLUMNS FROM `weapp_statics` [ RunTime:0.0006s ]
SQL: SELECT * FROM `weapp_statics` WHERE `day` = 1508774400 AND `shopid` = 29 LIMIT 1   [ RunTime:0.0002s ]
SQL: UPDATE `weapp_statics` SET `pv`=pv+1 WHERE `day` = 1508774400 AND `shopid` = 29 [ RunTime:0.0873s ]
SQL: SHOW COLUMNS FROM `weapp_config` [ RunTime:0.0048s ]
SQL: SELECT * FROM `weapp_config` WHERE `uid` = 29 LIMIT 1   [ RunTime:0.0002s ]
SQL: SHOW COLUMNS FROM `weapp_shop_vbanner` [ RunTime:0.0035s ]
SQL: SELECT * FROM `weapp_shop_vbanner` WHERE `is_del` = 0 AND `uid` = 29 LIMIT 7   [ RunTime:0.0002s ]

[ 2017-10-24T19:01:04+08:00 ] 223.166.135.9 //shop/goods_categoryall?mallname=wxcba01efc22c3fcc6
INFO: [ app_init ] --START--
INFO: Run Behavior\BuildLiteBehavior [ RunTime:0.000025s ]
INFO: [ app_init ] --END-- [ RunTime:0.000355s ]
INFO: [ app_begin ] --START--
INFO: Run Behavior\ReadHtmlCacheBehavior [ RunTime:0.000332s ]
INFO: [ app_begin ] --END-- [ RunTime:0.000467s ]
SQL: SHOW COLUMNS FROM `weapp_admin` [ RunTime:0.0017s ]
SQL: SELECT * FROM `weapp_admin` WHERE `mallname` = 'wxcba01efc22c3fcc6' LIMIT 1   [ RunTime:0.0011s ]
SQL: SHOW COLUMNS FROM `weapp_statics` [ RunTime:0.0015s ]
SQL: SELECT * FROM `weapp_statics` WHERE `day` = 1508774400 AND `shopid` = 29 LIMIT 1   [ RunTime:0.0012s ]
SQL: UPDATE `weapp_statics` SET `pv`=pv+1 WHERE `day` = 1508774400 AND `shopid` = 29 [ RunTime:0.0032s ]
SQL: SHOW COLUMNS FROM `weapp_config` [ RunTime:0.0007s ]
SQL: SELECT * FROM `weapp_config` WHERE `uid` = 29 LIMIT 1   [ RunTime:0.0002s ]
SQL: SHOW COLUMNS FROM `weapp_shop_cate` [ RunTime:0.0665s ]
SQL: SELECT * FROM `weapp_shop_cate` WHERE `is_del` = 0 AND `uid` = 29 ORDER BY `order` DESC  [ RunTime:0.0011s ]

[ 2017-10-24T19:01:04+08:00 ] 223.166.135.9 //shop/goods_list?mallname=wxcba01efc22c3fcc6&categoryid=
INFO: [ app_init ] --START--
INFO: Run Behavior\BuildLiteBehavior [ RunTime:0.000026s ]
INFO: [ app_init ] --END-- [ RunTime:0.000369s ]
INFO: [ app_begin ] --START--
INFO: Run Behavior\ReadHtmlCacheBehavior [ RunTime:0.000337s ]
INFO: [ app_begin ] --END-- [ RunTime:0.000499s ]
SQL: SHOW COLUMNS FROM `weapp_admin` [ RunTime:0.0010s ]
SQL: SELECT * FROM `weapp_admin` WHERE `mallname` = 'wxcba01efc22c3fcc6' LIMIT 1   [ RunTime:0.0002s ]
SQL: SHOW COLUMNS FROM `weapp_statics` [ RunTime:0.0008s ]
SQL: SELECT * FROM `weapp_statics` WHERE `day` = 1508774400 AND `shopid` = 29 LIMIT 1   [ RunTime:0.0002s ]
SQL: UPDATE `weapp_statics` SET `pv`=pv+1 WHERE `day` = 1508774400 AND `shopid` = 29 [ RunTime:0.0028s ]
SQL: SHOW COLUMNS FROM `weapp_config` [ RunTime:0.0007s ]
SQL: SELECT * FROM `weapp_config` WHERE `uid` = 29 LIMIT 1   [ RunTime:0.0002s ]
SQL: SHOW COLUMNS FROM `weapp_shop_goods` [ RunTime:0.0020s ]
SQL: SELECT * FROM `weapp_shop_goods` WHERE `is_del` = 0 AND `uid` = 29  [ RunTime:0.0008s ]

[ 2017-10-24T19:01:04+08:00 ] 223.166.135.9 //user/wxapp_login?mallname=wxcba01efc22c3fcc6&code=061xOufJ1Z3hD80DZjgJ1WiufJ1xOuf7
INFO: [ app_init ] --START--
INFO: Run Behavior\BuildLiteBehavior [ RunTime:0.000030s ]
INFO: [ app_init ] --END-- [ RunTime:0.004307s ]
INFO: [ app_begin ] --START--
INFO: Run Behavior\ReadHtmlCacheBehavior [ RunTime:0.001424s ]
INFO: [ app_begin ] --END-- [ RunTime:0.001551s ]
SQL: SHOW COLUMNS FROM `weapp_admin` [ RunTime:0.0015s ]
SQL: SELECT * FROM `weapp_admin` WHERE `mallname` = 'wxcba01efc22c3fcc6' LIMIT 1   [ RunTime:0.0011s ]
SQL: SHOW COLUMNS FROM `weapp_statics` [ RunTime:0.0013s ]
SQL: SELECT * FROM `weapp_statics` WHERE `day` = 1508774400 AND `shopid` = 29 LIMIT 1   [ RunTime:0.0002s ]
SQL: UPDATE `weapp_statics` SET `pv`=pv+1 WHERE `day` = 1508774400 AND `shopid` = 29 [ RunTime:0.0126s ]
SQL: SHOW COLUMNS FROM `weapp_config` [ RunTime:0.0580s ]
SQL: SELECT * FROM `weapp_config` WHERE `uid` = 29 LIMIT 1   [ RunTime:0.0006s ]
SQL: SHOW COLUMNS FROM `weapp_weapp_session` [ RunTime:0.0021s ]
SQL: INSERT INTO `weapp_weapp_session` (`session_key`,`openid`,`create_time`,`code`) VALUES ('mPuDEfNLDDtbu2Liy/ZG1w==','oDIAe0QzEZdnzDxwmy0UOzjxOzSc','1509706864','061xOufJ1Z3hD80DZjgJ1WiufJ1xOuf7') [ RunTime:0.0030s ]
SQL: SHOW COLUMNS FROM `weapp_shop_wxappuser` [ RunTime:0.0294s ]
SQL: SELECT * FROM `weapp_shop_wxappuser` WHERE `openid` = 'oDIAe0QzEZdnzDxwmy0UOzjxOzSc' LIMIT 1   [ RunTime:0.0002s ]

[ 2017-10-24T19:01:06+08:00 ] 223.166.135.9 //user/wxapp_registercomplex?mallname=wxcba01efc22c3fcc6&openid=oDIAe0QzEZdnzDxwmy0UOzjxOzSc&code=%7B%22errMsg%22%3A%22getUserInfo%3Aok%22%2C%22rawData%22%3A%22%7B%5C%22nickName%5C%22%3A%5C%22%40%E5%91%BD%E4%B8%AD%E6%B3%A8%E5%AE%9A%F0%9F%92%8B%5C%22%2C%5C%22gender%5C%22%3A2%2C%5C%22language%5C%22%3A%5C%22zh_CN%5C%22%2C%5C%22city%5C%22%3A%5C%22%5C%22%2C%5C%22province%5C%22%3A%5C%22Shanghai%5C%22%2C%5C%22country%5C%22%3A%5C%22China%5C%22%2C%5C%22avatarUrl%5C%22%3A%5C%22https%3A%2F%2Fwx.qlogo.cn%2Fmmopen%2Fvi_32%2FDYAIOgq83eow3XEL4gicuiafMghfpMybHiaaPJUGVjC3Nj1u2MiaiaATBHxdiaHaZKoViaHmDAFeh7YCPWXA7ZkyE1oLg%2F0%5C%22%7D%22%2C%22userInfo%22%3A%7B%22nickName%22%3A%22%40%E5%91%BD%E4%B8%AD%E6%B3%A8%E5%AE%9A%F0%9F%92%8B%22%2C%22gender%22%3A2%2C%22language%22%3A%22zh_CN%22%2C%22city%22%3A%22%22%2C%22province%22%3A%22Shanghai%22%2C%22country%22%3A%22China%22%2C%22avatarUrl%22%3A%22https%3A%2F%2Fwx.qlogo.cn%2Fmmopen%2Fvi_32%2FDYAIOgq83eow3XEL4gicuiafMghfpMybHiaaPJUGVjC3Nj1u2MiaiaATBHxdiaHaZKoViaHmDAFeh7YCPWXA7ZkyE1oLg%2F0%22%7D%2C%22signature%22%3A%229e984534ae82f18f54436158b27e5ff9177f3f9f%22%2C%22encryptedData%22%3A%22JfDMPS6ORC63fTt%2FQoar6mt7anb%2Bd6zb%2F59j2c8fIunI%2Fp6ghHU03gnpaImEPV83YZBYavSM9X1wBJsKtI57yS5%2B6jPwMEzOi50Fp8NA%2BSFcyl%2F91tP3cKRedkJxQmvDAMhv2sSl3fMsjtzhweh3gaL%2BuKlbQFapoKSRRJqNGM2DETCU1GcMoK%2BoUc53xNLcbTz0cPCkzg0fLaVozBP%2B56p6nyw0BTmRK9Pto3pi4uXFt5uohBmIZt%2FFK%2FKvyThIbm7B5j9kWuaxHEWF2yv0cGCNqn55s%2BECBqagDpKwWCc2zI3Fj2stHini5LgJbQKB8qS1cJLd6xIyxsf0o3RZmP2AntvwdgwGAlPM488Ad%2F%2FY%2BZZH5CgialljrKF7duzRequFJ4SzEd2WRg0ONN4mJtEXLhhLTLTvm5vTgg0WwbExJUcmeflN6Qz1cBnHYOO6rE8kLIJuRn%2Fr1hWO1IpdNqIlv29K4nrxQoG3L%2B%2B%2FRgE%3D%22%2C%22iv%22%3A%22b%2BaOSJaWJ%2BaHQgNkrhGGrA%3D%3D%22%7D
INFO: [ app_init ] --START--
INFO: Run Behavior\BuildLiteBehavior [ RunTime:0.000026s ]
INFO: [ app_init ] --END-- [ RunTime:0.000351s ]
INFO: [ app_begin ] --START--
INFO: Run Behavior\ReadHtmlCacheBehavior [ RunTime:0.000341s ]
INFO: [ app_begin ] --END-- [ RunTime:0.000469s ]
SQL: SHOW COLUMNS FROM `weapp_admin` [ RunTime:0.0013s ]
SQL: SELECT * FROM `weapp_admin` WHERE `mallname` = 'wxcba01efc22c3fcc6' LIMIT 1   [ RunTime:0.0002s ]
SQL: SHOW COLUMNS FROM `weapp_statics` [ RunTime:0.0006s ]
SQL: SELECT * FROM `weapp_statics` WHERE `day` = 1508774400 AND `shopid` = 29 LIMIT 1   [ RunTime:0.0002s ]
SQL: UPDATE `weapp_statics` SET `pv`=pv+1 WHERE `day` = 1508774400 AND `shopid` = 29 [ RunTime:0.0041s ]
SQL: SHOW COLUMNS FROM `weapp_config` [ RunTime:0.0007s ]
SQL: SELECT * FROM `weapp_config` WHERE `uid` = 29 LIMIT 1   [ RunTime:0.0002s ]
NOTIC: [8] Undefined index: signature /home/wwwroot/small/Application/Admin/Controller/UserController.class.php 第 145 行.
NOTIC: [8] Undefined index: encryptedData /home/wwwroot/small/Application/Admin/Controller/UserController.class.php 第 146 行.
NOTIC: [8] Undefined index: iv /home/wwwroot/small/Application/Admin/Controller/UserController.class.php 第 147 行.
SQL: SHOW COLUMNS FROM `weapp_shop_wxappuser` [ RunTime:0.0007s ]
SQL: SELECT * FROM `weapp_shop_wxappuser` WHERE `openid` = 'oDIAe0QzEZdnzDxwmy0UOzjxOzSc' LIMIT 1   [ RunTime:0.0002s ]
SQL: SHOW COLUMNS FROM `weapp_shop_wxappuser` [ RunTime:0.0007s ]
SQL: INSERT INTO `weapp_shop_wxappuser` (`nickName`,`gender`,`language`,`city`,`province`,`country`,`avatarUrl`,`signature`,`encryptedData`,`iv`,`token`,`token_time`,`shopid`,`create_time`,`openid`) VALUES ('@命中注定💋','2','zh_CN','','Shanghai','China','https://wx.qlogo.cn/mmopen/vi_32/DYAIOgq83eow3XEL4gicuiafMghfpMybHiaaPJUGVjC3Nj1u2MiaiaATBHxdiaHaZKoViaHmDAFeh7YCPWXA7ZkyE1oLg/0',NULL,NULL,NULL,'61df591417816133b8704c72283157e7','1511434866','29','1508842866','oDIAe0QzEZdnzDxwmy0UOzjxOzSc') [ RunTime:0.0035s ]

[ 2017-10-24T19:01:06+08:00 ] 223.166.135.9 //order/statistics?mallname=wxcba01efc22c3fcc6&token=undefined
INFO: [ app_init ] --START--
INFO: Run Behavior\BuildLiteBehavior [ RunTime:0.000026s ]
INFO: [ app_init ] --END-- [ RunTime:0.000352s ]
INFO: [ app_begin ] --START--
INFO: Run Behavior\ReadHtmlCacheBehavior [ RunTime:0.000388s ]
INFO: [ app_begin ] --END-- [ RunTime:0.000513s ]
SQL: SHOW COLUMNS FROM `weapp_admin` [ RunTime:0.0010s ]
SQL: SELECT * FROM `weapp_admin` WHERE `mallname` = 'wxcba01efc22c3fcc6' LIMIT 1   [ RunTime:0.0003s ]
SQL: SHOW COLUMNS FROM `weapp_statics` [ RunTime:0.0017s ]
SQL: SELECT * FROM `weapp_statics` WHERE `day` = 1508774400 AND `shopid` = 29 LIMIT 1   [ RunTime:0.0002s ]
SQL: UPDATE `weapp_statics` SET `pv`=pv+1 WHERE `day` = 1508774400 AND `shopid` = 29 [ RunTime:0.0027s ]
SQL: SHOW COLUMNS FROM `weapp_config` [ RunTime:0.0007s ]
SQL: SELECT * FROM `weapp_config` WHERE `uid` = 29 LIMIT 1   [ RunTime:0.0002s ]
SQL: SHOW COLUMNS FROM `weapp_shop_wxappuser` [ RunTime:0.0008s ]
NOTIC: [2] Illegal offset type in isset or empty /home/wwwroot/small/ThinkPHP/Library/Think/Model.class.php 第 445 行.
SQL: UPDATE `weapp_shop_wxappuser` SET `token_time`='1511434866' WHERE `token` = 'undefined' [ RunTime:0.0002s ]
SQL: SELECT * FROM `weapp_shop_wxappuser` WHERE `token` = 'undefined' LIMIT 1   [ RunTime:0.0003s ]
SQL: SHOW COLUMNS FROM `weapp_shop_order` [ RunTime:0.0013s ]
SQL: SELECT * FROM `weapp_shop_order` WHERE `is_del` = 0 AND `uid` = 29 AND `wxuid` = null  [ RunTime:0.0013s ]
NOTIC: [8] Undefined variable: array /home/wwwroot/small/Application/Admin/Controller/OrderController.class.php 第 97 行.
NOTIC: [2] Invalid argument supplied for foreach() /home/wwwroot/small/Application/Admin/Controller/OrderController.class.php 第 97 行.

[ 2017-10-24T19:01:06+08:00 ] 223.166.135.9 //order/blist?mallname=wxcba01efc22c3fcc6&token=undefined
INFO: [ app_init ] --START--
INFO: Run Behavior\BuildLiteBehavior [ RunTime:0.000026s ]
INFO: [ app_init ] --END-- [ RunTime:0.000342s ]
INFO: [ app_begin ] --START--
INFO: Run Behavior\ReadHtmlCacheBehavior [ RunTime:0.000391s ]
INFO: [ app_begin ] --END-- [ RunTime:0.001668s ]
SQL: SHOW COLUMNS FROM `weapp_admin` [ RunTime:0.0008s ]
SQL: SELECT * FROM `weapp_admin` WHERE `mallname` = 'wxcba01efc22c3fcc6' LIMIT 1   [ RunTime:0.0002s ]
SQL: SHOW COLUMNS FROM `weapp_statics` [ RunTime:0.0006s ]
SQL: SELECT * FROM `weapp_statics` WHERE `day` = 1508774400 AND `shopid` = 29 LIMIT 1   [ RunTime:0.0002s ]
SQL: UPDATE `weapp_statics` SET `pv`=pv+1 WHERE `day` = 1508774400 AND `shopid` = 29 [ RunTime:0.0176s ]
SQL: SHOW COLUMNS FROM `weapp_config` [ RunTime:0.0007s ]
SQL: SELECT * FROM `weapp_config` WHERE `uid` = 29 LIMIT 1   [ RunTime:0.0002s ]
SQL: SHOW COLUMNS FROM `weapp_shop_wxappuser` [ RunTime:0.0007s ]
NOTIC: [2] Illegal offset type in isset or empty /home/wwwroot/small/ThinkPHP/Library/Think/Model.class.php 第 445 行.
SQL: UPDATE `weapp_shop_wxappuser` SET `token_time`='1511434866' WHERE `token` = 'undefined' [ RunTime:0.0002s ]
SQL: SELECT * FROM `weapp_shop_wxappuser` WHERE `token` = 'undefined' LIMIT 1   [ RunTime:0.0003s ]

[ 2017-10-24T19:01:07+08:00 ] 223.166.135.9 //user/wxapp_login?mallname=wxcba01efc22c3fcc6&code=021A4blE1MNLj404XIoE1rt4lE1A4bl8
INFO: [ app_init ] --START--
INFO: Run Behavior\BuildLiteBehavior [ RunTime:0.000030s ]
INFO: [ app_init ] --END-- [ RunTime:0.000343s ]
INFO: [ app_begin ] --START--
INFO: Run Behavior\ReadHtmlCacheBehavior [ RunTime:0.000322s ]
INFO: [ app_begin ] --END-- [ RunTime:0.000429s ]
SQL: SHOW COLUMNS FROM `weapp_admin` [ RunTime:0.0010s ]
SQL: SELECT * FROM `weapp_admin` WHERE `mallname` = 'wxcba01efc22c3fcc6' LIMIT 1   [ RunTime:0.0002s ]
SQL: SHOW COLUMNS FROM `weapp_statics` [ RunTime:0.0006s ]
SQL: SELECT * FROM `weapp_statics` WHERE `day` = 1508774400 AND `shopid` = 29 LIMIT 1   [ RunTime:0.0002s ]
SQL: UPDATE `weapp_statics` SET `pv`=pv+1 WHERE `day` = 1508774400 AND `shopid` = 29 [ RunTime:0.0027s ]
SQL: SHOW COLUMNS FROM `weapp_config` [ RunTime:0.0006s ]
SQL: SELECT * FROM `weapp_config` WHERE `uid` = 29 LIMIT 1   [ RunTime:0.0002s ]
SQL: SHOW COLUMNS FROM `weapp_weapp_session` [ RunTime:0.0010s ]
SQL: INSERT INTO `weapp_weapp_session` (`session_key`,`openid`,`create_time`,`code`) VALUES ('mPuDEfNLDDtbu2Liy/ZG1w==','oDIAe0QzEZdnzDxwmy0UOzjxOzSc','1509706867','021A4blE1MNLj404XIoE1rt4lE1A4bl8') [ RunTime:0.0036s ]
SQL: SHOW COLUMNS FROM `weapp_shop_wxappuser` [ RunTime:0.0007s ]
SQL: SELECT * FROM `weapp_shop_wxappuser` WHERE `openid` = 'oDIAe0QzEZdnzDxwmy0UOzjxOzSc' LIMIT 1   [ RunTime:0.0002s ]

[ 2017-10-24T19:39:40+08:00 ] 74.82.47.4 /
INFO: [ app_init ] --START--
INFO: Run Behavior\BuildLiteBehavior [ RunTime:0.000026s ]
INFO: [ app_init ] --END-- [ RunTime:0.000359s ]
INFO: [ app_begin ] --START--
INFO: Run Behavior\ReadHtmlCacheBehavior [ RunTime:0.000357s ]
INFO: [ app_begin ] --END-- [ RunTime:0.000476s ]

[ 2017-10-24T19:42:10+08:00 ] 168.1.128.52 /
INFO: [ app_init ] --START--
INFO: Run Behavior\BuildLiteBehavior [ RunTime:0.000026s ]
INFO: [ app_init ] --END-- [ RunTime:0.000371s ]
INFO: [ app_begin ] --START--
INFO: Run Behavior\ReadHtmlCacheBehavior [ RunTime:0.000365s ]
INFO: [ app_begin ] --END-- [ RunTime:0.000483s ]

[ 2017-10-24T19:51:41+08:00 ] 140.205.225.187 /struts2-showcase/integration/saveGangster.action
INFO: [ app_init ] --START--
INFO: Run Behavior\BuildLiteBehavior [ RunTime:0.000028s ]
INFO: [ app_init ] --END-- [ RunTime:0.000355s ]
INFO: [ app_begin ] --START--
INFO: Run Behavior\ReadHtmlCacheBehavior [ RunTime:0.000328s ]
INFO: [ app_begin ] --END-- [ RunTime:0.000487s ]
ERR: 无法加载控制器:Struts2-showcase

[ 2017-10-24T19:51:41+08:00 ] 140.205.225.187 /integration/saveGangster.action
INFO: [ app_init ] --START--
INFO: Run Behavior\BuildLiteBehavior [ RunTime:0.000027s ]
INFO: [ app_init ] --END-- [ RunTime:0.000347s ]
INFO: [ app_begin ] --START--
INFO: Run Behavior\ReadHtmlCacheBehavior [ RunTime:0.000328s ]
INFO: [ app_begin ] --END-- [ RunTime:0.000446s ]
ERR: 无法加载控制器:Integration

[ 2017-10-24T21:38:07+08:00 ] 183.240.198.100 /
INFO: [ app_init ] --START--
INFO: Run Behavior\BuildLiteBehavior [ RunTime:0.000030s ]
INFO: [ app_init ] --END-- [ RunTime:0.000398s ]
INFO: [ app_begin ] --START--
INFO: Run Behavior\ReadHtmlCacheBehavior [ RunTime:0.000338s ]
INFO: [ app_begin ] --END-- [ RunTime:0.000456s ]

[ 2017-10-24T21:38:21+08:00 ] 183.240.198.100 /
INFO: [ app_init ] --START--
INFO: Run Behavior\BuildLiteBehavior [ RunTime:0.000026s ]
INFO: [ app_init ] --END-- [ RunTime:0.000386s ]
INFO: [ app_begin ] --START--
INFO: Run Behavior\ReadHtmlCacheBehavior [ RunTime:0.000341s ]
INFO: [ app_begin ] --END-- [ RunTime:0.000474s ]

[ 2017-10-24T22:37:52+08:00 ] 183.240.198.100 /
INFO: [ app_init ] --START--
INFO: Run Behavior\BuildLiteBehavior [ RunTime:0.000027s ]
INFO: [ app_init ] --END-- [ RunTime:0.000465s ]
INFO: [ app_begin ] --START--
INFO: Run Behavior\ReadHtmlCacheBehavior [ RunTime:0.000465s ]
INFO: [ app_begin ] --END-- [ RunTime:0.000581s ]

[ 2017-10-24T22:39:16+08:00 ] 183.240.198.100 /
INFO: [ app_init ] --START--
INFO: Run Behavior\BuildLiteBehavior [ RunTime:0.000026s ]
INFO: [ app_init ] --END-- [ RunTime:0.000387s ]
INFO: [ app_begin ] --START--
INFO: Run Behavior\ReadHtmlCacheBehavior [ RunTime:0.000330s ]
INFO: [ app_begin ] --END-- [ RunTime:0.000452s ]

[ 2017-10-24T22:51:55+08:00 ] 183.240.198.100 /
INFO: [ app_init ] --START--
INFO: Run Behavior\BuildLiteBehavior [ RunTime:0.000026s ]
INFO: [ app_init ] --END-- [ RunTime:0.000411s ]
INFO: [ app_begin ] --START--
INFO: Run Behavior\ReadHtmlCacheBehavior [ RunTime:0.000359s ]
INFO: [ app_begin ] --END-- [ RunTime:0.000478s ]

[ 2017-10-24T23:12:30+08:00 ] 169.54.233.117 /
INFO: [ app_init ] --START--
INFO: Run Behavior\BuildLiteBehavior [ RunTime:0.000025s ]
INFO: [ app_init ] --END-- [ RunTime:0.000367s ]
INFO: [ app_begin ] --START--
INFO: Run Behavior\ReadHtmlCacheBehavior [ RunTime:0.000348s ]
INFO: [ app_begin ] --END-- [ RunTime:0.000494s ]

