[ 2017-11-01T00:07:03+08:00 ] 106.15.103.239 /
INFO: [ app_init ] --START--
INFO: Run Behavior\BuildLiteBehavior [ RunTime:0.000027s ]
INFO: [ app_init ] --END-- [ RunTime:0.000364s ]
INFO: [ app_begin ] --START--
INFO: Run Behavior\ReadHtmlCacheBehavior [ RunTime:0.000331s ]
INFO: [ app_begin ] --END-- [ RunTime:0.000454s ]

[ 2017-11-01T00:46:05+08:00 ] 117.136.89.124 //banner/blist?mallname=wxcba01efc22c3fcc6&key=mallname
INFO: [ app_init ] --START--
INFO: Run Behavior\BuildLiteBehavior [ RunTime:0.000026s ]
INFO: [ app_init ] --END-- [ RunTime:0.000334s ]
INFO: [ app_begin ] --START--
INFO: Run Behavior\ReadHtmlCacheBehavior [ RunTime:0.000400s ]
INFO: [ app_begin ] --END-- [ RunTime:0.000527s ]
SQL: SHOW COLUMNS FROM `weapp_admin` [ RunTime:0.0012s ]
SQL: SELECT * FROM `weapp_admin` WHERE `mallname` = 'wxcba01efc22c3fcc6' LIMIT 1   [ RunTime:0.0002s ]
SQL: SHOW COLUMNS FROM `weapp_statics` [ RunTime:0.0018s ]
SQL: SELECT * FROM `weapp_statics` WHERE `day` = 1509465600 AND `shopid` = 29 LIMIT 1   [ RunTime:0.0017s ]
SQL: SHOW COLUMNS FROM `weapp_statics` [ RunTime:0.0012s ]
SQL: INSERT INTO `weapp_statics` (`day`,`shopid`,`pv`,`uv`,`uvex`,`pvex`) VALUES ('1509465600','29','1','1','1','1') [ RunTime:0.0024s ]
SQL: SHOW COLUMNS FROM `weapp_config` [ RunTime:0.0012s ]
SQL: SELECT * FROM `weapp_config` WHERE `uid` = 29 LIMIT 1   [ RunTime:0.0002s ]
SQL: SHOW COLUMNS FROM `weapp_shop_vbanner` [ RunTime:0.0024s ]
SQL: SELECT * FROM `weapp_shop_vbanner` WHERE `is_del` = 0 AND `uid` = 29 LIMIT 7   [ RunTime:0.0002s ]

[ 2017-11-01T00:46:05+08:00 ] 117.136.89.124 //config/get_value?mallname=wxcba01efc22c3fcc6&key=mallname
INFO: [ app_init ] --START--
INFO: Run Behavior\BuildLiteBehavior [ RunTime:0.000028s ]
INFO: [ app_init ] --END-- [ RunTime:0.000571s ]
INFO: [ app_begin ] --START--
INFO: Run Behavior\ReadHtmlCacheBehavior [ RunTime:0.000540s ]
INFO: [ app_begin ] --END-- [ RunTime:0.000661s ]
SQL: SHOW COLUMNS FROM `weapp_admin` [ RunTime:0.0039s ]
SQL: SELECT * FROM `weapp_admin` WHERE `mallname` = 'wxcba01efc22c3fcc6' LIMIT 1   [ RunTime:0.0003s ]
SQL: SHOW COLUMNS FROM `weapp_statics` [ RunTime:0.0032s ]
SQL: SELECT * FROM `weapp_statics` WHERE `day` = 1509465600 AND `shopid` = 29 LIMIT 1   [ RunTime:0.0002s ]
SQL: SHOW COLUMNS FROM `weapp_statics` [ RunTime:0.0011s ]
SQL: INSERT INTO `weapp_statics` (`day`,`shopid`,`pv`,`uv`,`uvex`,`pvex`) VALUES ('1509465600','29','1','1','1','1') [ RunTime:0.0077s ]
SQL: SHOW COLUMNS FROM `weapp_config` [ RunTime:0.0020s ]
SQL: SELECT * FROM `weapp_config` WHERE `uid` = 29 LIMIT 1   [ RunTime:0.0002s ]

[ 2017-11-01T00:46:05+08:00 ] 117.136.89.124 //shop/goods_categoryall?mallname=wxcba01efc22c3fcc6
INFO: [ app_init ] --START--
INFO: Run Behavior\BuildLiteBehavior [ RunTime:0.000026s ]
INFO: [ app_init ] --END-- [ RunTime:0.000368s ]
INFO: [ app_begin ] --START--
INFO: Run Behavior\ReadHtmlCacheBehavior [ RunTime:0.000446s ]
INFO: [ app_begin ] --END-- [ RunTime:0.001261s ]
SQL: SHOW COLUMNS FROM `weapp_admin` [ RunTime:0.0047s ]
SQL: SELECT * FROM `weapp_admin` WHERE `mallname` = 'wxcba01efc22c3fcc6' LIMIT 1   [ RunTime:0.0025s ]
SQL: SHOW COLUMNS FROM `weapp_statics` [ RunTime:0.0011s ]
SQL: SELECT * FROM `weapp_statics` WHERE `day` = 1509465600 AND `shopid` = 29 LIMIT 1   [ RunTime:0.0002s ]
SQL: UPDATE `weapp_statics` SET `pv`=pv+1 WHERE `day` = 1509465600 AND `shopid` = 29 [ RunTime:0.0358s ]
SQL: SHOW COLUMNS FROM `weapp_config` [ RunTime:0.0022s ]
SQL: SELECT * FROM `weapp_config` WHERE `uid` = 29 LIMIT 1   [ RunTime:0.0003s ]
SQL: SHOW COLUMNS FROM `weapp_shop_cate` [ RunTime:0.0027s ]
SQL: SELECT * FROM `weapp_shop_cate` WHERE `is_del` = 0 AND `uid` = 29 ORDER BY `order` DESC  [ RunTime:0.0011s ]

[ 2017-11-01T00:46:05+08:00 ] 117.136.89.124 //user/wxapp_login?mallname=wxcba01efc22c3fcc6&code=003NMh8I0vdNmk29Q45I0JFa8I0NMh8W
INFO: [ app_init ] --START--
INFO: Run Behavior\BuildLiteBehavior [ RunTime:0.000025s ]
INFO: [ app_init ] --END-- [ RunTime:0.000340s ]
INFO: [ app_begin ] --START--
INFO: Run Behavior\ReadHtmlCacheBehavior [ RunTime:0.000368s ]
INFO: [ app_begin ] --END-- [ RunTime:0.000488s ]
SQL: SHOW COLUMNS FROM `weapp_admin` [ RunTime:0.0012s ]
SQL: SELECT * FROM `weapp_admin` WHERE `mallname` = 'wxcba01efc22c3fcc6' LIMIT 1   [ RunTime:0.0002s ]
SQL: SHOW COLUMNS FROM `weapp_statics` [ RunTime:0.0011s ]
SQL: SELECT * FROM `weapp_statics` WHERE `day` = 1509465600 AND `shopid` = 29 LIMIT 1   [ RunTime:0.0002s ]
SQL: UPDATE `weapp_statics` SET `pv`=pv+1 WHERE `day` = 1509465600 AND `shopid` = 29 [ RunTime:0.0028s ]
SQL: SHOW COLUMNS FROM `weapp_config` [ RunTime:0.0015s ]
SQL: SELECT * FROM `weapp_config` WHERE `uid` = 29 LIMIT 1   [ RunTime:0.0002s ]
SQL: SHOW COLUMNS FROM `weapp_weapp_session` [ RunTime:0.0029s ]
SQL: INSERT INTO `weapp_weapp_session` (`session_key`,`openid`,`create_time`,`code`) VALUES ('djZPErfvbHdKgHqy566HLg==','oDIAe0akqCad1iAhJbxe-andBHRU','1510332365','003NMh8I0vdNmk29Q45I0JFa8I0NMh8W') [ RunTime:0.0038s ]
SQL: SHOW COLUMNS FROM `weapp_shop_wxappuser` [ RunTime:0.0024s ]
SQL: SELECT * FROM `weapp_shop_wxappuser` WHERE `openid` = 'oDIAe0akqCad1iAhJbxe-andBHRU' LIMIT 1   [ RunTime:0.0003s ]

[ 2017-11-01T00:46:05+08:00 ] 117.136.89.124 //shop/goods_list?mallname=wxcba01efc22c3fcc6&categoryid=
INFO: [ app_init ] --START--
INFO: Run Behavior\BuildLiteBehavior [ RunTime:0.000030s ]
INFO: [ app_init ] --END-- [ RunTime:0.000419s ]
INFO: [ app_begin ] --START--
INFO: Run Behavior\ReadHtmlCacheBehavior [ RunTime:0.000334s ]
INFO: [ app_begin ] --END-- [ RunTime:0.000451s ]
SQL: SHOW COLUMNS FROM `weapp_admin` [ RunTime:0.0018s ]
SQL: SELECT * FROM `weapp_admin` WHERE `mallname` = 'wxcba01efc22c3fcc6' LIMIT 1   [ RunTime:0.0002s ]
SQL: SHOW COLUMNS FROM `weapp_statics` [ RunTime:0.0011s ]
SQL: SELECT * FROM `weapp_statics` WHERE `day` = 1509465600 AND `shopid` = 29 LIMIT 1   [ RunTime:0.0002s ]
SQL: UPDATE `weapp_statics` SET `pv`=pv+1 WHERE `day` = 1509465600 AND `shopid` = 29 [ RunTime:0.0033s ]
SQL: SHOW COLUMNS FROM `weapp_config` [ RunTime:0.0011s ]
SQL: SELECT * FROM `weapp_config` WHERE `uid` = 29 LIMIT 1   [ RunTime:0.0002s ]
SQL: SHOW COLUMNS FROM `weapp_shop_goods` [ RunTime:0.0026s ]
SQL: SELECT * FROM `weapp_shop_goods` WHERE `is_del` = 0 AND `uid` = 29  [ RunTime:0.0005s ]

[ 2017-11-01T00:48:45+08:00 ] 117.136.89.124 //shop/goods_detail?mallname=wxcba01efc22c3fcc6&id=86
INFO: [ app_init ] --START--
INFO: Run Behavior\BuildLiteBehavior [ RunTime:0.000025s ]
INFO: [ app_init ] --END-- [ RunTime:0.000390s ]
INFO: [ app_begin ] --START--
INFO: Run Behavior\ReadHtmlCacheBehavior [ RunTime:0.000329s ]
INFO: [ app_begin ] --END-- [ RunTime:0.000479s ]
SQL: SHOW COLUMNS FROM `weapp_admin` [ RunTime:0.0018s ]
SQL: SELECT * FROM `weapp_admin` WHERE `mallname` = 'wxcba01efc22c3fcc6' LIMIT 1   [ RunTime:0.0002s ]
SQL: SHOW COLUMNS FROM `weapp_statics` [ RunTime:0.0010s ]
SQL: SELECT * FROM `weapp_statics` WHERE `day` = 1509465600 AND `shopid` = 29 LIMIT 1   [ RunTime:0.0002s ]
SQL: UPDATE `weapp_statics` SET `pv`=pv+1 WHERE `day` = 1509465600 AND `shopid` = 29 [ RunTime:0.0036s ]
SQL: SHOW COLUMNS FROM `weapp_config` [ RunTime:0.0011s ]
SQL: SELECT * FROM `weapp_config` WHERE `uid` = 29 LIMIT 1   [ RunTime:0.0002s ]
SQL: SHOW COLUMNS FROM `weapp_shop_goods` [ RunTime:0.0012s ]
SQL: SELECT * FROM `weapp_shop_goods` WHERE `is_del` = 0 AND `uid` = 29 AND `id` = 86 LIMIT 1   [ RunTime:0.0002s ]
NOTIC: [8] Undefined offset: 1 /home/wwwroot/small/Application/Admin/Controller/ShopController.class.php 第 32 行.
NOTIC: [8] Undefined offset: 2 /home/wwwroot/small/Application/Admin/Controller/ShopController.class.php 第 33 行.

[ 2017-11-01T03:18:47+08:00 ] 196.52.43.55 /
INFO: [ app_init ] --START--
INFO: Run Behavior\BuildLiteBehavior [ RunTime:0.000028s ]
INFO: [ app_init ] --END-- [ RunTime:0.000539s ]
INFO: [ app_begin ] --START--
INFO: Run Behavior\ReadHtmlCacheBehavior [ RunTime:0.000572s ]
INFO: [ app_begin ] --END-- [ RunTime:0.000719s ]

[ 2017-11-01T06:48:05+08:00 ] 106.11.225.99 /
INFO: [ app_init ] --START--
INFO: Run Behavior\BuildLiteBehavior [ RunTime:0.000027s ]
INFO: [ app_init ] --END-- [ RunTime:0.000520s ]
INFO: [ app_begin ] --START--
INFO: Run Behavior\ReadHtmlCacheBehavior [ RunTime:0.000566s ]
INFO: [ app_begin ] --END-- [ RunTime:0.000708s ]

[ 2017-11-01T08:34:59+08:00 ] 183.240.198.9 /
INFO: [ app_init ] --START--
INFO: Run Behavior\BuildLiteBehavior [ RunTime:0.000027s ]
INFO: [ app_init ] --END-- [ RunTime:0.000336s ]
INFO: [ app_begin ] --START--
INFO: Run Behavior\ReadHtmlCacheBehavior [ RunTime:0.000360s ]
INFO: [ app_begin ] --END-- [ RunTime:0.000458s ]

[ 2017-11-01T08:45:33+08:00 ] 183.240.198.9 /
INFO: [ app_init ] --START--
INFO: Run Behavior\BuildLiteBehavior [ RunTime:0.000026s ]
INFO: [ app_init ] --END-- [ RunTime:0.000357s ]
INFO: [ app_begin ] --START--
INFO: Run Behavior\ReadHtmlCacheBehavior [ RunTime:0.000362s ]
INFO: [ app_begin ] --END-- [ RunTime:0.000483s ]

[ 2017-11-01T08:45:58+08:00 ] 183.240.198.9 /
INFO: [ app_init ] --START--
INFO: Run Behavior\BuildLiteBehavior [ RunTime:0.000026s ]
INFO: [ app_init ] --END-- [ RunTime:0.000350s ]
INFO: [ app_begin ] --START--
INFO: Run Behavior\ReadHtmlCacheBehavior [ RunTime:0.000376s ]
INFO: [ app_begin ] --END-- [ RunTime:0.000494s ]

[ 2017-11-01T11:05:18+08:00 ] 140.205.201.41 /showcase/integration/saveGangster.action
INFO: [ app_init ] --START--
INFO: Run Behavior\BuildLiteBehavior [ RunTime:0.000027s ]
INFO: [ app_init ] --END-- [ RunTime:0.000335s ]
INFO: [ app_begin ] --START--
INFO: Run Behavior\ReadHtmlCacheBehavior [ RunTime:0.000379s ]
INFO: [ app_begin ] --END-- [ RunTime:0.000498s ]
ERR: 无法加载控制器:Showcase

[ 2017-11-01T11:05:18+08:00 ] 140.205.201.41 /struts2-showcase/integration/saveGangster.action
INFO: [ app_init ] --START--
INFO: Run Behavior\BuildLiteBehavior [ RunTime:0.000026s ]
INFO: [ app_init ] --END-- [ RunTime:0.000343s ]
INFO: [ app_begin ] --START--
INFO: Run Behavior\ReadHtmlCacheBehavior [ RunTime:0.000328s ]
INFO: [ app_begin ] --END-- [ RunTime:0.000450s ]
ERR: 无法加载控制器:Struts2-showcase

[ 2017-11-01T11:05:18+08:00 ] 140.205.201.41 /integration/saveGangster.action
INFO: [ app_init ] --START--
INFO: Run Behavior\BuildLiteBehavior [ RunTime:0.000030s ]
INFO: [ app_init ] --END-- [ RunTime:0.000410s ]
INFO: [ app_begin ] --START--
INFO: Run Behavior\ReadHtmlCacheBehavior [ RunTime:0.000326s ]
INFO: [ app_begin ] --END-- [ RunTime:0.000454s ]
ERR: 无法加载控制器:Integration

[ 2017-11-01T11:19:43+08:00 ] 175.10.93.132 //config/get_value?mallname=wxcba01efc22c3fcc6&key=mallname
INFO: [ app_init ] --START--
INFO: Run Behavior\BuildLiteBehavior [ RunTime:0.000026s ]
INFO: [ app_init ] --END-- [ RunTime:0.000373s ]
INFO: [ app_begin ] --START--
INFO: Run Behavior\ReadHtmlCacheBehavior [ RunTime:0.000378s ]
INFO: [ app_begin ] --END-- [ RunTime:0.000508s ]
SQL: SHOW COLUMNS FROM `weapp_admin` [ RunTime:0.0029s ]
SQL: SELECT * FROM `weapp_admin` WHERE `mallname` = 'wxcba01efc22c3fcc6' LIMIT 1   [ RunTime:0.0002s ]
SQL: SHOW COLUMNS FROM `weapp_statics` [ RunTime:0.0046s ]
SQL: SELECT * FROM `weapp_statics` WHERE `day` = 1509465600 AND `shopid` = 29 LIMIT 1   [ RunTime:0.0002s ]
SQL: UPDATE `weapp_statics` SET `pv`=pv+1 WHERE `day` = 1509465600 AND `shopid` = 29 [ RunTime:0.0045s ]
SQL: SHOW COLUMNS FROM `weapp_config` [ RunTime:0.0018s ]
SQL: SELECT * FROM `weapp_config` WHERE `uid` = 29 LIMIT 1   [ RunTime:0.0002s ]

[ 2017-11-01T11:19:43+08:00 ] 175.10.93.132 //banner/blist?mallname=wxcba01efc22c3fcc6&key=mallname
INFO: [ app_init ] --START--
INFO: Run Behavior\BuildLiteBehavior [ RunTime:0.000028s ]
INFO: [ app_init ] --END-- [ RunTime:0.001700s ]
INFO: [ app_begin ] --START--
INFO: Run Behavior\ReadHtmlCacheBehavior [ RunTime:0.000350s ]
INFO: [ app_begin ] --END-- [ RunTime:0.001668s ]
SQL: SHOW COLUMNS FROM `weapp_admin` [ RunTime:0.0023s ]
SQL: SELECT * FROM `weapp_admin` WHERE `mallname` = 'wxcba01efc22c3fcc6' LIMIT 1   [ RunTime:0.0003s ]
SQL: SHOW COLUMNS FROM `weapp_statics` [ RunTime:0.0015s ]
SQL: SELECT * FROM `weapp_statics` WHERE `day` = 1509465600 AND `shopid` = 29 LIMIT 1   [ RunTime:0.0008s ]
SQL: UPDATE `weapp_statics` SET `pv`=pv+1 WHERE `day` = 1509465600 AND `shopid` = 29 [ RunTime:0.0027s ]
SQL: SHOW COLUMNS FROM `weapp_config` [ RunTime:0.0015s ]
SQL: SELECT * FROM `weapp_config` WHERE `uid` = 29 LIMIT 1   [ RunTime:0.0022s ]
SQL: SHOW COLUMNS FROM `weapp_shop_vbanner` [ RunTime:0.0027s ]
SQL: SELECT * FROM `weapp_shop_vbanner` WHERE `is_del` = 0 AND `uid` = 29 LIMIT 7   [ RunTime:0.0022s ]

[ 2017-11-01T11:19:44+08:00 ] 175.10.93.132 //shop/goods_categoryall?mallname=wxcba01efc22c3fcc6
INFO: [ app_init ] --START--
INFO: Run Behavior\BuildLiteBehavior [ RunTime:0.000027s ]
INFO: [ app_init ] --END-- [ RunTime:0.000369s ]
INFO: [ app_begin ] --START--
INFO: Run Behavior\ReadHtmlCacheBehavior [ RunTime:0.000343s ]
INFO: [ app_begin ] --END-- [ RunTime:0.000467s ]
SQL: SHOW COLUMNS FROM `weapp_admin` [ RunTime:0.0028s ]
SQL: SELECT * FROM `weapp_admin` WHERE `mallname` = 'wxcba01efc22c3fcc6' LIMIT 1   [ RunTime:0.0004s ]
SQL: SHOW COLUMNS FROM `weapp_statics` [ RunTime:0.0014s ]
SQL: SELECT * FROM `weapp_statics` WHERE `day` = 1509465600 AND `shopid` = 29 LIMIT 1   [ RunTime:0.0006s ]
SQL: UPDATE `weapp_statics` SET `pv`=pv+1 WHERE `day` = 1509465600 AND `shopid` = 29 [ RunTime:0.0029s ]
SQL: SHOW COLUMNS FROM `weapp_config` [ RunTime:0.0023s ]
SQL: SELECT * FROM `weapp_config` WHERE `uid` = 29 LIMIT 1   [ RunTime:0.0002s ]
SQL: SHOW COLUMNS FROM `weapp_shop_cate` [ RunTime:0.0025s ]
SQL: SELECT * FROM `weapp_shop_cate` WHERE `is_del` = 0 AND `uid` = 29 ORDER BY `order` DESC  [ RunTime:0.0016s ]

[ 2017-11-01T11:19:44+08:00 ] 175.10.93.132 //shop/goods_list?mallname=wxcba01efc22c3fcc6&categoryid=
INFO: [ app_init ] --START--
INFO: Run Behavior\BuildLiteBehavior [ RunTime:0.000026s ]
INFO: [ app_init ] --END-- [ RunTime:0.000350s ]
INFO: [ app_begin ] --START--
INFO: Run Behavior\ReadHtmlCacheBehavior [ RunTime:0.000375s ]
INFO: [ app_begin ] --END-- [ RunTime:0.000498s ]
SQL: SHOW COLUMNS FROM `weapp_admin` [ RunTime:0.0017s ]
SQL: SELECT * FROM `weapp_admin` WHERE `mallname` = 'wxcba01efc22c3fcc6' LIMIT 1   [ RunTime:0.0002s ]
SQL: SHOW COLUMNS FROM `weapp_statics` [ RunTime:0.0010s ]
SQL: SELECT * FROM `weapp_statics` WHERE `day` = 1509465600 AND `shopid` = 29 LIMIT 1   [ RunTime:0.0002s ]
SQL: UPDATE `weapp_statics` SET `pv`=pv+1 WHERE `day` = 1509465600 AND `shopid` = 29 [ RunTime:0.0027s ]
SQL: SHOW COLUMNS FROM `weapp_config` [ RunTime:0.0011s ]
SQL: SELECT * FROM `weapp_config` WHERE `uid` = 29 LIMIT 1   [ RunTime:0.0002s ]
SQL: SHOW COLUMNS FROM `weapp_shop_goods` [ RunTime:0.0018s ]
SQL: SELECT * FROM `weapp_shop_goods` WHERE `is_del` = 0 AND `uid` = 29  [ RunTime:0.0005s ]

[ 2017-11-01T11:19:44+08:00 ] 175.10.93.132 //user/wxapp_login?mallname=wxcba01efc22c3fcc6&code=071HJK8k0myb3k1pUf7k0Y6r8k0HJK8v
INFO: [ app_init ] --START--
INFO: Run Behavior\BuildLiteBehavior [ RunTime:0.000036s ]
INFO: [ app_init ] --END-- [ RunTime:0.000492s ]
INFO: [ app_begin ] --START--
INFO: Run Behavior\ReadHtmlCacheBehavior [ RunTime:0.004480s ]
INFO: [ app_begin ] --END-- [ RunTime:0.005883s ]
SQL: SHOW COLUMNS FROM `weapp_admin` [ RunTime:0.0016s ]
SQL: SELECT * FROM `weapp_admin` WHERE `mallname` = 'wxcba01efc22c3fcc6' LIMIT 1   [ RunTime:0.0003s ]
SQL: SHOW COLUMNS FROM `weapp_statics` [ RunTime:0.0014s ]
SQL: SELECT * FROM `weapp_statics` WHERE `day` = 1509465600 AND `shopid` = 29 LIMIT 1   [ RunTime:0.0003s ]
SQL: UPDATE `weapp_statics` SET `pv`=pv+1 WHERE `day` = 1509465600 AND `shopid` = 29 [ RunTime:0.0048s ]
SQL: SHOW COLUMNS FROM `weapp_config` [ RunTime:0.0015s ]
SQL: SELECT * FROM `weapp_config` WHERE `uid` = 29 LIMIT 1   [ RunTime:0.0002s ]
SQL: SHOW COLUMNS FROM `weapp_weapp_session` [ RunTime:0.0026s ]
SQL: INSERT INTO `weapp_weapp_session` (`session_key`,`openid`,`create_time`,`code`) VALUES ('BT9ORwFftQXyK6cfQ3ShDA==','oDIAe0X3R8L8y2NjM-b4RGU-KCl8','1510370384','071HJK8k0myb3k1pUf7k0Y6r8k0HJK8v') [ RunTime:0.0023s ]
SQL: SHOW COLUMNS FROM `weapp_shop_wxappuser` [ RunTime:0.0055s ]
SQL: SELECT * FROM `weapp_shop_wxappuser` WHERE `openid` = 'oDIAe0X3R8L8y2NjM-b4RGU-KCl8' LIMIT 1   [ RunTime:0.0002s ]

[ 2017-11-01T11:19:47+08:00 ] 175.10.93.132 //user/wxapp_registercomplex?mallname=wxcba01efc22c3fcc6&openid=oDIAe0X3R8L8y2NjM-b4RGU-KCl8&code=%7B%22errMsg%22%3A%22getUserInfo%3Aok%22%2C%22rawData%22%3A%22%7B%5C%22nickName%5C%22%3A%5C%22%E8%81%86%E5%90%AC%5C%22%2C%5C%22gender%5C%22%3A1%2C%5C%22language%5C%22%3A%5C%22zh_CN%5C%22%2C%5C%22city%5C%22%3A%5C%22Changde%5C%22%2C%5C%22province%5C%22%3A%5C%22Hunan%5C%22%2C%5C%22country%5C%22%3A%5C%22China%5C%22%2C%5C%22avatarUrl%5C%22%3A%5C%22https%3A%2F%2Fwx.qlogo.cn%2Fmmopen%2Fvi_32%2FDYAIOgq83eoYvh3WZDGvwF1J1LKBdpfA81d6sKt9fTfmc9KNicMcq3ZbLGj2r6oYLVMdo9paEA7cbnBdzSU7WZg%2F0%5C%22%7D%22%2C%22userInfo%22%3A%7B%22nickName%22%3A%22%E8%81%86%E5%90%AC%22%2C%22gender%22%3A1%2C%22language%22%3A%22zh_CN%22%2C%22city%22%3A%22Changde%22%2C%22province%22%3A%22Hunan%22%2C%22country%22%3A%22China%22%2C%22avatarUrl%22%3A%22https%3A%2F%2Fwx.qlogo.cn%2Fmmopen%2Fvi_32%2FDYAIOgq83eoYvh3WZDGvwF1J1LKBdpfA81d6sKt9fTfmc9KNicMcq3ZbLGj2r6oYLVMdo9paEA7cbnBdzSU7WZg%2F0%22%7D%2C%22signature%22%3A%22efc05be0eabfa5b4be5c3b8a24229cd079e55b1b%22%2C%22encryptedData%22%3A%22jMELuLzfXj3q6GQhZabafRMTWWnRKFI7UfXWRhK%2FQkj%2Bw1uEHjKO5y6BNnEbrQQEaTsFARn3AxkUYAtLm%2FylFegcfaLWV%2BQ%2Fdz6R1nz%2BGy1PJOk2no1hoCqNbZ6rtcso9XCM5s1CrfPUTOVrzBaiR%2FT01%2F0266yLJAIelosVjIrR2xOfoo8j5rWkmZLtUS41hw%2FSTdduyGnv3qbJBpLWd9UaVUYF0ERXVBDbvcn999xJ6Iym1VUOL58kAC2WP64OZEm7vYHefVnI1IP%2Bsp%2Bg7goZxLB5tHn8%2Fi1NyfSPyeJj8IWsqQOq5R9j2ut5gYQsPuOBhIauINFV3%2Fci5FtETyKtSkaGz4C4EI3N5i7Zyq%2BPcXgeTJ2I%2BicqLyWaaW%2FEOCvvJiy4Mty6F4BGF6Pu8%2FF9v%2BJ4jVouL1sboeUBrT7e0n57T9%2F2pmEbfVkt4mvfVThaPgwJYSEjhVgkzo6Gxg%3D%3D%22%2C%22iv%22%3A%220MNQryWGSifWbCG%2FBjkqPA%3D%3D%22%7D
INFO: [ app_init ] --START--
INFO: Run Behavior\BuildLiteBehavior [ RunTime:0.000024s ]
INFO: [ app_init ] --END-- [ RunTime:0.000362s ]
INFO: [ app_begin ] --START--
INFO: Run Behavior\ReadHtmlCacheBehavior [ RunTime:0.000379s ]
INFO: [ app_begin ] --END-- [ RunTime:0.000482s ]
SQL: SHOW COLUMNS FROM `weapp_admin` [ RunTime:0.0021s ]
SQL: SELECT * FROM `weapp_admin` WHERE `mallname` = 'wxcba01efc22c3fcc6' LIMIT 1   [ RunTime:0.0003s ]
SQL: SHOW COLUMNS FROM `weapp_statics` [ RunTime:0.0012s ]
SQL: SELECT * FROM `weapp_statics` WHERE `day` = 1509465600 AND `shopid` = 29 LIMIT 1   [ RunTime:0.0002s ]
SQL: UPDATE `weapp_statics` SET `pv`=pv+1 WHERE `day` = 1509465600 AND `shopid` = 29 [ RunTime:0.0028s ]
SQL: SHOW COLUMNS FROM `weapp_config` [ RunTime:0.0012s ]
SQL: SELECT * FROM `weapp_config` WHERE `uid` = 29 LIMIT 1   [ RunTime:0.0002s ]
NOTIC: [8] Undefined index: signature /home/wwwroot/small/Application/Admin/Controller/UserController.class.php 第 145 行.
NOTIC: [8] Undefined index: encryptedData /home/wwwroot/small/Application/Admin/Controller/UserController.class.php 第 146 行.
NOTIC: [8] Undefined index: iv /home/wwwroot/small/Application/Admin/Controller/UserController.class.php 第 147 行.
SQL: SHOW COLUMNS FROM `weapp_shop_wxappuser` [ RunTime:0.0012s ]
SQL: SELECT * FROM `weapp_shop_wxappuser` WHERE `openid` = 'oDIAe0X3R8L8y2NjM-b4RGU-KCl8' LIMIT 1   [ RunTime:0.0002s ]
SQL: SHOW COLUMNS FROM `weapp_shop_wxappuser` [ RunTime:0.0012s ]
SQL: INSERT INTO `weapp_shop_wxappuser` (`nickName`,`gender`,`language`,`city`,`province`,`country`,`avatarUrl`,`signature`,`encryptedData`,`iv`,`token`,`token_time`,`shopid`,`create_time`,`openid`) VALUES ('聆听','1','zh_CN','Changde','Hunan','China','https://wx.qlogo.cn/mmopen/vi_32/DYAIOgq83eoYvh3WZDGvwF1J1LKBdpfA81d6sKt9fTfmc9KNicMcq3ZbLGj2r6oYLVMdo9paEA7cbnBdzSU7WZg/0',NULL,NULL,NULL,'80db54a2bd7865f3b9eba0d9dae270f8','1512098387','29','1509506387','oDIAe0X3R8L8y2NjM-b4RGU-KCl8') [ RunTime:0.0025s ]

[ 2017-11-01T11:19:48+08:00 ] 175.10.93.132 //user/wxapp_login?mallname=wxcba01efc22c3fcc6&code=0110L33c0H7SGw19LOZb03kR2c00L33W
INFO: [ app_init ] --START--
INFO: Run Behavior\BuildLiteBehavior [ RunTime:0.000027s ]
INFO: [ app_init ] --END-- [ RunTime:0.000334s ]
INFO: [ app_begin ] --START--
INFO: Run Behavior\ReadHtmlCacheBehavior [ RunTime:0.000406s ]
INFO: [ app_begin ] --END-- [ RunTime:0.000549s ]
SQL: SHOW COLUMNS FROM `weapp_admin` [ RunTime:0.0018s ]
SQL: SELECT * FROM `weapp_admin` WHERE `mallname` = 'wxcba01efc22c3fcc6' LIMIT 1   [ RunTime:0.0002s ]
SQL: SHOW COLUMNS FROM `weapp_statics` [ RunTime:0.0010s ]
SQL: SELECT * FROM `weapp_statics` WHERE `day` = 1509465600 AND `shopid` = 29 LIMIT 1   [ RunTime:0.0002s ]
SQL: UPDATE `weapp_statics` SET `pv`=pv+1 WHERE `day` = 1509465600 AND `shopid` = 29 [ RunTime:0.0028s ]
SQL: SHOW COLUMNS FROM `weapp_config` [ RunTime:0.0011s ]
SQL: SELECT * FROM `weapp_config` WHERE `uid` = 29 LIMIT 1   [ RunTime:0.0002s ]
SQL: SHOW COLUMNS FROM `weapp_weapp_session` [ RunTime:0.0018s ]
SQL: INSERT INTO `weapp_weapp_session` (`session_key`,`openid`,`create_time`,`code`) VALUES ('BT9ORwFftQXyK6cfQ3ShDA==','oDIAe0X3R8L8y2NjM-b4RGU-KCl8','1510370388','0110L33c0H7SGw19LOZb03kR2c00L33W') [ RunTime:0.0023s ]
SQL: SHOW COLUMNS FROM `weapp_shop_wxappuser` [ RunTime:0.0016s ]
SQL: SELECT * FROM `weapp_shop_wxappuser` WHERE `openid` = 'oDIAe0X3R8L8y2NjM-b4RGU-KCl8' LIMIT 1   [ RunTime:0.0003s ]

[ 2017-11-01T12:23:01+08:00 ] 175.10.93.132 //config/get_value?mallname=wxcba01efc22c3fcc6&key=mallname
INFO: [ app_init ] --START--
INFO: Run Behavior\BuildLiteBehavior [ RunTime:0.000032s ]
INFO: [ app_init ] --END-- [ RunTime:0.000547s ]
INFO: [ app_begin ] --START--
INFO: Run Behavior\ReadHtmlCacheBehavior [ RunTime:0.000575s ]
INFO: [ app_begin ] --END-- [ RunTime:0.000693s ]
SQL: SHOW COLUMNS FROM `weapp_admin` [ RunTime:0.0029s ]
SQL: SELECT * FROM `weapp_admin` WHERE `mallname` = 'wxcba01efc22c3fcc6' LIMIT 1   [ RunTime:0.0002s ]
SQL: SHOW COLUMNS FROM `weapp_statics` [ RunTime:0.0017s ]
SQL: SELECT * FROM `weapp_statics` WHERE `day` = 1509465600 AND `shopid` = 29 LIMIT 1   [ RunTime:0.0002s ]
SQL: UPDATE `weapp_statics` SET `pv`=pv+1 WHERE `day` = 1509465600 AND `shopid` = 29 [ RunTime:0.0030s ]
SQL: SHOW COLUMNS FROM `weapp_config` [ RunTime:0.0021s ]
SQL: SELECT * FROM `weapp_config` WHERE `uid` = 29 LIMIT 1   [ RunTime:0.0002s ]

[ 2017-11-01T12:23:01+08:00 ] 175.10.93.132 //banner/blist?mallname=wxcba01efc22c3fcc6&key=mallname
INFO: [ app_init ] --START--
INFO: Run Behavior\BuildLiteBehavior [ RunTime:0.000028s ]
INFO: [ app_init ] --END-- [ RunTime:0.000349s ]
INFO: [ app_begin ] --START--
INFO: Run Behavior\ReadHtmlCacheBehavior [ RunTime:0.000339s ]
INFO: [ app_begin ] --END-- [ RunTime:0.000456s ]
SQL: SHOW COLUMNS FROM `weapp_admin` [ RunTime:0.0018s ]
SQL: SELECT * FROM `weapp_admin` WHERE `mallname` = 'wxcba01efc22c3fcc6' LIMIT 1   [ RunTime:0.0003s ]
SQL: SHOW COLUMNS FROM `weapp_statics` [ RunTime:0.0021s ]
SQL: SELECT * FROM `weapp_statics` WHERE `day` = 1509465600 AND `shopid` = 29 LIMIT 1   [ RunTime:0.0005s ]
SQL: UPDATE `weapp_statics` SET `pv`=pv+1 WHERE `day` = 1509465600 AND `shopid` = 29 [ RunTime:0.0049s ]
SQL: SHOW COLUMNS FROM `weapp_config` [ RunTime:0.0011s ]
SQL: SELECT * FROM `weapp_config` WHERE `uid` = 29 LIMIT 1   [ RunTime:0.0002s ]
SQL: SHOW COLUMNS FROM `weapp_shop_vbanner` [ RunTime:0.0024s ]
SQL: SELECT * FROM `weapp_shop_vbanner` WHERE `is_del` = 0 AND `uid` = 29 LIMIT 7   [ RunTime:0.0002s ]

[ 2017-11-01T12:23:01+08:00 ] 175.10.93.132 //shop/goods_categoryall?mallname=wxcba01efc22c3fcc6
INFO: [ app_init ] --START--
INFO: Run Behavior\BuildLiteBehavior [ RunTime:0.000025s ]
INFO: [ app_init ] --END-- [ RunTime:0.000348s ]
INFO: [ app_begin ] --START--
INFO: Run Behavior\ReadHtmlCacheBehavior [ RunTime:0.000338s ]
INFO: [ app_begin ] --END-- [ RunTime:0.002720s ]
SQL: SHOW COLUMNS FROM `weapp_admin` [ RunTime:0.0019s ]
SQL: SELECT * FROM `weapp_admin` WHERE `mallname` = 'wxcba01efc22c3fcc6' LIMIT 1   [ RunTime:0.0002s ]
SQL: SHOW COLUMNS FROM `weapp_statics` [ RunTime:0.0011s ]
SQL: SELECT * FROM `weapp_statics` WHERE `day` = 1509465600 AND `shopid` = 29 LIMIT 1   [ RunTime:0.0017s ]
SQL: UPDATE `weapp_statics` SET `pv`=pv+1 WHERE `day` = 1509465600 AND `shopid` = 29 [ RunTime:0.0035s ]
SQL: SHOW COLUMNS FROM `weapp_config` [ RunTime:0.0011s ]
SQL: SELECT * FROM `weapp_config` WHERE `uid` = 29 LIMIT 1   [ RunTime:0.0009s ]
SQL: SHOW COLUMNS FROM `weapp_shop_cate` [ RunTime:0.0033s ]
SQL: SELECT * FROM `weapp_shop_cate` WHERE `is_del` = 0 AND `uid` = 29 ORDER BY `order` DESC  [ RunTime:0.0008s ]

[ 2017-11-01T12:23:01+08:00 ] 175.10.93.132 //user/wxapp_login?mallname=wxcba01efc22c3fcc6&code=013ctEnR0hrz5b2tUBnR0ZnhnR0ctEnU
INFO: [ app_init ] --START--
INFO: Run Behavior\BuildLiteBehavior [ RunTime:0.000024s ]
INFO: [ app_init ] --END-- [ RunTime:0.000996s ]
INFO: [ app_begin ] --START--
INFO: Run Behavior\ReadHtmlCacheBehavior [ RunTime:0.001438s ]
INFO: [ app_begin ] --END-- [ RunTime:0.001544s ]
SQL: SHOW COLUMNS FROM `weapp_admin` [ RunTime:0.0012s ]
SQL: SELECT * FROM `weapp_admin` WHERE `mallname` = 'wxcba01efc22c3fcc6' LIMIT 1   [ RunTime:0.0002s ]
SQL: SHOW COLUMNS FROM `weapp_statics` [ RunTime:0.0010s ]
SQL: SELECT * FROM `weapp_statics` WHERE `day` = 1509465600 AND `shopid` = 29 LIMIT 1   [ RunTime:0.0002s ]
SQL: UPDATE `weapp_statics` SET `pv`=pv+1 WHERE `day` = 1509465600 AND `shopid` = 29 [ RunTime:0.0032s ]
SQL: SHOW COLUMNS FROM `weapp_config` [ RunTime:0.0011s ]
SQL: SELECT * FROM `weapp_config` WHERE `uid` = 29 LIMIT 1   [ RunTime:0.0002s ]
SQL: SHOW COLUMNS FROM `weapp_weapp_session` [ RunTime:0.0026s ]
SQL: INSERT INTO `weapp_weapp_session` (`session_key`,`openid`,`create_time`,`code`) VALUES ('2Z+16OqOYUnSPj4leOaLuw==','oDIAe0cc2Fl3Gd32v8quNG3_CLMs','1510374181','013ctEnR0hrz5b2tUBnR0ZnhnR0ctEnU') [ RunTime:0.0026s ]
SQL: SHOW COLUMNS FROM `weapp_shop_wxappuser` [ RunTime:0.0018s ]
SQL: SELECT * FROM `weapp_shop_wxappuser` WHERE `openid` = 'oDIAe0cc2Fl3Gd32v8quNG3_CLMs' LIMIT 1   [ RunTime:0.0185s ]

[ 2017-11-01T12:23:01+08:00 ] 175.10.93.132 //shop/goods_list?mallname=wxcba01efc22c3fcc6&categoryid=
INFO: [ app_init ] --START--
INFO: Run Behavior\BuildLiteBehavior [ RunTime:0.000024s ]
INFO: [ app_init ] --END-- [ RunTime:0.000362s ]
INFO: [ app_begin ] --START--
INFO: Run Behavior\ReadHtmlCacheBehavior [ RunTime:0.000342s ]
INFO: [ app_begin ] --END-- [ RunTime:0.000450s ]
SQL: SHOW COLUMNS FROM `weapp_admin` [ RunTime:0.0018s ]
SQL: SELECT * FROM `weapp_admin` WHERE `mallname` = 'wxcba01efc22c3fcc6' LIMIT 1   [ RunTime:0.0002s ]
SQL: SHOW COLUMNS FROM `weapp_statics` [ RunTime:0.0011s ]
SQL: SELECT * FROM `weapp_statics` WHERE `day` = 1509465600 AND `shopid` = 29 LIMIT 1   [ RunTime:0.0002s ]
SQL: UPDATE `weapp_statics` SET `pv`=pv+1 WHERE `day` = 1509465600 AND `shopid` = 29 [ RunTime:0.0030s ]
SQL: SHOW COLUMNS FROM `weapp_config` [ RunTime:0.0012s ]
SQL: SELECT * FROM `weapp_config` WHERE `uid` = 29 LIMIT 1   [ RunTime:0.0002s ]
SQL: SHOW COLUMNS FROM `weapp_shop_goods` [ RunTime:0.0018s ]
SQL: SELECT * FROM `weapp_shop_goods` WHERE `is_del` = 0 AND `uid` = 29  [ RunTime:0.0005s ]

[ 2017-11-01T12:23:02+08:00 ] 175.10.93.132 //user/wxapp_registercomplex?mallname=wxcba01efc22c3fcc6&openid=oDIAe0cc2Fl3Gd32v8quNG3_CLMs&code=%7B%22errMsg%22%3A%22getUserInfo%3Aok%22%2C%22rawData%22%3A%22%7B%5C%22nickName%5C%22%3A%5C%22%E7%A7%91%E6%8A%80%E6%94%B9%E5%8F%98%E7%94%9F%E6%B4%BB%5C%22%2C%5C%22gender%5C%22%3A1%2C%5C%22language%5C%22%3A%5C%22zh_CN%5C%22%2C%5C%22city%5C%22%3A%5C%22Changsha%5C%22%2C%5C%22province%5C%22%3A%5C%22Hunan%5C%22%2C%5C%22country%5C%22%3A%5C%22China%5C%22%2C%5C%22avatarUrl%5C%22%3A%5C%22https%3A%2F%2Fwx.qlogo.cn%2Fmmopen%2Fvi_32%2F4ZzictT3ZiaaoWbyCx420S4ibmK34iagVXJ09QIoJticIY1tbRmnu7SXebWiaL0aaDxbRfaNgDwARR0ibpY10sjDnzFNg%2F0%5C%22%7D%22%2C%22userInfo%22%3A%7B%22nickName%22%3A%22%E7%A7%91%E6%8A%80%E6%94%B9%E5%8F%98%E7%94%9F%E6%B4%BB%22%2C%22gender%22%3A1%2C%22language%22%3A%22zh_CN%22%2C%22city%22%3A%22Changsha%22%2C%22province%22%3A%22Hunan%22%2C%22country%22%3A%22China%22%2C%22avatarUrl%22%3A%22https%3A%2F%2Fwx.qlogo.cn%2Fmmopen%2Fvi_32%2F4ZzictT3ZiaaoWbyCx420S4ibmK34iagVXJ09QIoJticIY1tbRmnu7SXebWiaL0aaDxbRfaNgDwARR0ibpY10sjDnzFNg%2F0%22%7D%2C%22signature%22%3A%228ef3b775f21dd574dbe1ef2c8a91059d1ab7f3fa%22%2C%22encryptedData%22%3A%22al%2F9yQVEO0oVHhoBzOZzNJIXgvtvQ0SbEmJEZBD7sL%2BPRAx7vxgPkA6mTlqdoLVm8Al829KY1qNZrjAnYuMX6WRPt7vD2zzjWNw%2B2qiLj7Sek6Sayamz6R9Nd0gBiEEhnBAFKIWzOq0aANY7gs6X%2BcHAyOf8mzm8IiG0HYR37WjDxOBxPBV05p%2Bh7Kd%2BBaGEbRslq3lZ%2F7Lt8vnIAydg9FItn7U0Pdua5zPv%2FvyOXVwUT%2BMd6iY%2F%2BdlrkVHigoJXSbZn32hZHKfa7yOgoJfScQYu5WPnBimE81N03xkLu0Iuy4Do0aRIci5xrY5mNVLelyK1q66Z%2FX4iQ81qsSuq%2B4KHpRmnJD2NX6QQXo7MqtFFkmjzpXWP6fgZDvqHkCva9rjXz9fRozpRJRrzSBRJ7i753jqaiNvNIQK3xzTpj9Mu7acMQdRaPzqqvU3YrRNEUrJusDS8nASgfsd5fSMDppFrhJsIATNwK9fRitumwaY%3D%22%2C%22iv%22%3A%22cQeJdkKA%2FgXnCHoX1mRryg%3D%3D%22%7D
INFO: [ app_init ] --START--
INFO: Run Behavior\BuildLiteBehavior [ RunTime:0.000026s ]
INFO: [ app_init ] --END-- [ RunTime:0.000358s ]
INFO: [ app_begin ] --START--
INFO: Run Behavior\ReadHtmlCacheBehavior [ RunTime:0.000331s ]
INFO: [ app_begin ] --END-- [ RunTime:0.000449s ]
SQL: SHOW COLUMNS FROM `weapp_admin` [ RunTime:0.0018s ]
SQL: SELECT * FROM `weapp_admin` WHERE `mallname` = 'wxcba01efc22c3fcc6' LIMIT 1   [ RunTime:0.0002s ]
SQL: SHOW COLUMNS FROM `weapp_statics` [ RunTime:0.0013s ]
SQL: SELECT * FROM `weapp_statics` WHERE `day` = 1509465600 AND `shopid` = 29 LIMIT 1   [ RunTime:0.0002s ]
SQL: UPDATE `weapp_statics` SET `pv`=pv+1 WHERE `day` = 1509465600 AND `shopid` = 29 [ RunTime:0.0116s ]
SQL: SHOW COLUMNS FROM `weapp_config` [ RunTime:0.0011s ]
SQL: SELECT * FROM `weapp_config` WHERE `uid` = 29 LIMIT 1   [ RunTime:0.0002s ]
NOTIC: [8] Undefined index: signature /home/wwwroot/small/Application/Admin/Controller/UserController.class.php 第 145 行.
NOTIC: [8] Undefined index: encryptedData /home/wwwroot/small/Application/Admin/Controller/UserController.class.php 第 146 行.
NOTIC: [8] Undefined index: iv /home/wwwroot/small/Application/Admin/Controller/UserController.class.php 第 147 行.
SQL: SHOW COLUMNS FROM `weapp_shop_wxappuser` [ RunTime:0.0012s ]
SQL: SELECT * FROM `weapp_shop_wxappuser` WHERE `openid` = 'oDIAe0cc2Fl3Gd32v8quNG3_CLMs' LIMIT 1   [ RunTime:0.0002s ]
NOTIC: [2] Illegal offset type in isset or empty /home/wwwroot/small/ThinkPHP/Library/Think/Model.class.php 第 445 行.
SQL: UPDATE `weapp_shop_wxappuser` SET `nickName`='科技改变生活',`gender`='1',`language`='zh_CN',`city`='Changsha',`province`='Hunan',`country`='China',`avatarUrl`='https://wx.qlogo.cn/mmopen/vi_32/4ZzictT3ZiaaoWbyCx420S4ibmK34iagVXJ09QIoJticIY1tbRmnu7SXebWiaL0aaDxbRfaNgDwARR0ibpY10sjDnzFNg/0',`signature`=NULL,`encryptedData`=NULL,`iv`=NULL,`token`='4945653e0226fe23d2a565ccc69177e1',`token_time`='1512102182',`shopid`='29',`create_time`='1509510182' WHERE `id` = 4837 [ RunTime:0.0022s ]

[ 2017-11-01T12:23:03+08:00 ] 175.10.93.132 //user/wxapp_login?mallname=wxcba01efc22c3fcc6&code=013AlUV91QKlxS1KK5V91Ri9W91AlUVC
INFO: [ app_init ] --START--
INFO: Run Behavior\BuildLiteBehavior [ RunTime:0.000026s ]
INFO: [ app_init ] --END-- [ RunTime:0.000369s ]
INFO: [ app_begin ] --START--
INFO: Run Behavior\ReadHtmlCacheBehavior [ RunTime:0.000443s ]
INFO: [ app_begin ] --END-- [ RunTime:0.000566s ]
SQL: SHOW COLUMNS FROM `weapp_admin` [ RunTime:0.0018s ]
SQL: SELECT * FROM `weapp_admin` WHERE `mallname` = 'wxcba01efc22c3fcc6' LIMIT 1   [ RunTime:0.0003s ]
SQL: SHOW COLUMNS FROM `weapp_statics` [ RunTime:0.0011s ]
SQL: SELECT * FROM `weapp_statics` WHERE `day` = 1509465600 AND `shopid` = 29 LIMIT 1   [ RunTime:0.0002s ]
SQL: UPDATE `weapp_statics` SET `pv`=pv+1 WHERE `day` = 1509465600 AND `shopid` = 29 [ RunTime:0.0033s ]
SQL: SHOW COLUMNS FROM `weapp_config` [ RunTime:0.0011s ]
SQL: SELECT * FROM `weapp_config` WHERE `uid` = 29 LIMIT 1   [ RunTime:0.0002s ]
SQL: SHOW COLUMNS FROM `weapp_weapp_session` [ RunTime:0.0019s ]
SQL: INSERT INTO `weapp_weapp_session` (`session_key`,`openid`,`create_time`,`code`) VALUES ('2Z+16OqOYUnSPj4leOaLuw==','oDIAe0cc2Fl3Gd32v8quNG3_CLMs','1510374183','013AlUV91QKlxS1KK5V91Ri9W91AlUVC') [ RunTime:0.0025s ]
SQL: SHOW COLUMNS FROM `weapp_shop_wxappuser` [ RunTime:0.0012s ]
SQL: SELECT * FROM `weapp_shop_wxappuser` WHERE `openid` = 'oDIAe0cc2Fl3Gd32v8quNG3_CLMs' LIMIT 1   [ RunTime:0.0003s ]

[ 2017-11-01T12:24:01+08:00 ] 117.136.89.127 //config/get_value?mallname=wxcba01efc22c3fcc6&key=mallname
INFO: [ app_init ] --START--
INFO: Run Behavior\BuildLiteBehavior [ RunTime:0.000026s ]
INFO: [ app_init ] --END-- [ RunTime:0.000348s ]
INFO: [ app_begin ] --START--
INFO: Run Behavior\ReadHtmlCacheBehavior [ RunTime:0.000363s ]
INFO: [ app_begin ] --END-- [ RunTime:0.000488s ]
SQL: SHOW COLUMNS FROM `weapp_admin` [ RunTime:0.0018s ]
SQL: SELECT * FROM `weapp_admin` WHERE `mallname` = 'wxcba01efc22c3fcc6' LIMIT 1   [ RunTime:0.0002s ]
SQL: SHOW COLUMNS FROM `weapp_statics` [ RunTime:0.0011s ]
SQL: SELECT * FROM `weapp_statics` WHERE `day` = 1509465600 AND `shopid` = 29 LIMIT 1   [ RunTime:0.0002s ]
SQL: UPDATE `weapp_statics` SET `pv`=pv+1 WHERE `day` = 1509465600 AND `shopid` = 29 [ RunTime:0.0043s ]
SQL: SHOW COLUMNS FROM `weapp_config` [ RunTime:0.0019s ]
SQL: SELECT * FROM `weapp_config` WHERE `uid` = 29 LIMIT 1   [ RunTime:0.0002s ]

[ 2017-11-01T12:24:01+08:00 ] 117.136.89.127 //shop/goods_categoryall?mallname=wxcba01efc22c3fcc6
INFO: [ app_init ] --START--
INFO: Run Behavior\BuildLiteBehavior [ RunTime:0.000027s ]
INFO: [ app_init ] --END-- [ RunTime:0.004025s ]
INFO: [ app_begin ] --START--
INFO: Run Behavior\ReadHtmlCacheBehavior [ RunTime:0.000330s ]
INFO: [ app_begin ] --END-- [ RunTime:0.000467s ]
SQL: SHOW COLUMNS FROM `weapp_admin` [ RunTime:0.0030s ]
SQL: SELECT * FROM `weapp_admin` WHERE `mallname` = 'wxcba01efc22c3fcc6' LIMIT 1   [ RunTime:0.0023s ]
SQL: SHOW COLUMNS FROM `weapp_statics` [ RunTime:0.0011s ]
SQL: SELECT * FROM `weapp_statics` WHERE `day` = 1509465600 AND `shopid` = 29 LIMIT 1   [ RunTime:0.0023s ]
SQL: UPDATE `weapp_statics` SET `pv`=pv+1 WHERE `day` = 1509465600 AND `shopid` = 29 [ RunTime:0.0026s ]
SQL: SHOW COLUMNS FROM `weapp_config` [ RunTime:0.0011s ]
SQL: SELECT * FROM `weapp_config` WHERE `uid` = 29 LIMIT 1   [ RunTime:0.0002s ]
SQL: SHOW COLUMNS FROM `weapp_shop_cate` [ RunTime:0.0021s ]
SQL: SELECT * FROM `weapp_shop_cate` WHERE `is_del` = 0 AND `uid` = 29 ORDER BY `order` DESC  [ RunTime:0.0006s ]

[ 2017-11-01T12:24:01+08:00 ] 117.136.89.127 //banner/blist?mallname=wxcba01efc22c3fcc6&key=mallname
INFO: [ app_init ] --START--
INFO: Run Behavior\BuildLiteBehavior [ RunTime:0.000028s ]
INFO: [ app_init ] --END-- [ RunTime:0.000347s ]
INFO: [ app_begin ] --START--
INFO: Run Behavior\ReadHtmlCacheBehavior [ RunTime:0.000359s ]
INFO: [ app_begin ] --END-- [ RunTime:0.000476s ]
SQL: SHOW COLUMNS FROM `weapp_admin` [ RunTime:0.0012s ]
SQL: SELECT * FROM `weapp_admin` WHERE `mallname` = 'wxcba01efc22c3fcc6' LIMIT 1   [ RunTime:0.0002s ]
SQL: SHOW COLUMNS FROM `weapp_statics` [ RunTime:0.0022s ]
SQL: SELECT * FROM `weapp_statics` WHERE `day` = 1509465600 AND `shopid` = 29 LIMIT 1   [ RunTime:0.0002s ]
SQL: UPDATE `weapp_statics` SET `pv`=pv+1 WHERE `day` = 1509465600 AND `shopid` = 29 [ RunTime:0.0024s ]
SQL: SHOW COLUMNS FROM `weapp_config` [ RunTime:0.0011s ]
SQL: SELECT * FROM `weapp_config` WHERE `uid` = 29 LIMIT 1   [ RunTime:0.0002s ]
SQL: SHOW COLUMNS FROM `weapp_shop_vbanner` [ RunTime:0.0014s ]
SQL: SELECT * FROM `weapp_shop_vbanner` WHERE `is_del` = 0 AND `uid` = 29 LIMIT 7   [ RunTime:0.0021s ]

[ 2017-11-01T12:24:01+08:00 ] 117.136.89.127 //shop/goods_list?mallname=wxcba01efc22c3fcc6&categoryid=
INFO: [ app_init ] --START--
INFO: Run Behavior\BuildLiteBehavior [ RunTime:0.000027s ]
INFO: [ app_init ] --END-- [ RunTime:0.000374s ]
INFO: [ app_begin ] --START--
INFO: Run Behavior\ReadHtmlCacheBehavior [ RunTime:0.000370s ]
INFO: [ app_begin ] --END-- [ RunTime:0.000486s ]
SQL: SHOW COLUMNS FROM `weapp_admin` [ RunTime:0.0017s ]
SQL: SELECT * FROM `weapp_admin` WHERE `mallname` = 'wxcba01efc22c3fcc6' LIMIT 1   [ RunTime:0.0003s ]
SQL: SHOW COLUMNS FROM `weapp_statics` [ RunTime:0.0010s ]
SQL: SELECT * FROM `weapp_statics` WHERE `day` = 1509465600 AND `shopid` = 29 LIMIT 1   [ RunTime:0.0002s ]
SQL: UPDATE `weapp_statics` SET `pv`=pv+1 WHERE `day` = 1509465600 AND `shopid` = 29 [ RunTime:0.0032s ]
SQL: SHOW COLUMNS FROM `weapp_config` [ RunTime:0.0011s ]
SQL: SELECT * FROM `weapp_config` WHERE `uid` = 29 LIMIT 1   [ RunTime:0.0002s ]
SQL: SHOW COLUMNS FROM `weapp_shop_goods` [ RunTime:0.0012s ]
SQL: SELECT * FROM `weapp_shop_goods` WHERE `is_del` = 0 AND `uid` = 29  [ RunTime:0.0005s ]

[ 2017-11-01T12:24:01+08:00 ] 117.136.89.127 //user/wxapp_login?mallname=wxcba01efc22c3fcc6&code=013jVA962jlmdN023wc62kYg962jVA9m
INFO: [ app_init ] --START--
INFO: Run Behavior\BuildLiteBehavior [ RunTime:0.000027s ]
INFO: [ app_init ] --END-- [ RunTime:0.005271s ]
INFO: [ app_begin ] --START--
INFO: Run Behavior\ReadHtmlCacheBehavior [ RunTime:0.000347s ]
INFO: [ app_begin ] --END-- [ RunTime:0.004142s ]
SQL: SHOW COLUMNS FROM `weapp_admin` [ RunTime:0.0011s ]
SQL: SELECT * FROM `weapp_admin` WHERE `mallname` = 'wxcba01efc22c3fcc6' LIMIT 1   [ RunTime:0.0006s ]
SQL: SHOW COLUMNS FROM `weapp_statics` [ RunTime:0.0014s ]
SQL: SELECT * FROM `weapp_statics` WHERE `day` = 1509465600 AND `shopid` = 29 LIMIT 1   [ RunTime:0.0007s ]
SQL: UPDATE `weapp_statics` SET `pv`=pv+1 WHERE `day` = 1509465600 AND `shopid` = 29 [ RunTime:0.0030s ]
SQL: SHOW COLUMNS FROM `weapp_config` [ RunTime:0.0015s ]
SQL: SELECT * FROM `weapp_config` WHERE `uid` = 29 LIMIT 1   [ RunTime:0.0002s ]
SQL: SHOW COLUMNS FROM `weapp_weapp_session` [ RunTime:0.0019s ]
SQL: INSERT INTO `weapp_weapp_session` (`session_key`,`openid`,`create_time`,`code`) VALUES ('FBXowlbEeELKUugnpyffiA==','oDIAe0Uz-AQ3pSKvyjiuBuD9zWpI','1510374241','013jVA962jlmdN023wc62kYg962jVA9m') [ RunTime:0.0025s ]
SQL: SHOW COLUMNS FROM `weapp_shop_wxappuser` [ RunTime:0.0014s ]
SQL: SELECT * FROM `weapp_shop_wxappuser` WHERE `openid` = 'oDIAe0Uz-AQ3pSKvyjiuBuD9zWpI' LIMIT 1   [ RunTime:0.0003s ]

[ 2017-11-01T12:24:04+08:00 ] 117.136.89.127 //user/wxapp_registercomplex?mallname=wxcba01efc22c3fcc6&openid=oDIAe0Uz-AQ3pSKvyjiuBuD9zWpI&code=%7B%22errMsg%22%3A%22getUserInfo%3Aok%22%2C%22rawData%22%3A%22%7B%5C%22nickName%5C%22%3A%5C%22L%E3%80%82%5C%22%2C%5C%22gender%5C%22%3A1%2C%5C%22language%5C%22%3A%5C%22zh_CN%5C%22%2C%5C%22city%5C%22%3A%5C%22Changsha%5C%22%2C%5C%22province%5C%22%3A%5C%22Hunan%5C%22%2C%5C%22country%5C%22%3A%5C%22China%5C%22%2C%5C%22avatarUrl%5C%22%3A%5C%22https%3A%2F%2Fwx.qlogo.cn%2Fmmopen%2Fvi_32%2FISVKPGUiaPbBk9LKctMMbMoica9SUkGsZ6HyQZkZ6XFuP1ZEibJOnjDIoLkh48Mia847BUzLgYPpBPiadTmshrwfpow%2F0%5C%22%7D%22%2C%22userInfo%22%3A%7B%22nickName%22%3A%22L%E3%80%82%22%2C%22gender%22%3A1%2C%22language%22%3A%22zh_CN%22%2C%22city%22%3A%22Changsha%22%2C%22province%22%3A%22Hunan%22%2C%22country%22%3A%22China%22%2C%22avatarUrl%22%3A%22https%3A%2F%2Fwx.qlogo.cn%2Fmmopen%2Fvi_32%2FISVKPGUiaPbBk9LKctMMbMoica9SUkGsZ6HyQZkZ6XFuP1ZEibJOnjDIoLkh48Mia847BUzLgYPpBPiadTmshrwfpow%2F0%22%7D%2C%22signature%22%3A%2286549d3e3313a28e508826885bcb155fd9cb1f8f%22%2C%22encryptedData%22%3A%22yMLGfm3s%2FCNmxLKN1YqixH7iHlG8%2B15%2FWHgYa1%2FFmEObw3%2BQqAu%2Brc%2BqwrD3rY7omNUNK%2BF7r8jjG1ufR4nyluwZul8g%2Fhed1nd9pZmbYdzuH4g3hu9awWrH5inaBshHVVcsmuEmLs5ckYkQmTphdz3SmNitchn4GkfGf9NIjhAYzIn3Gy8QM2DX9aEUfFGmy6Fa1CjoJBZDY3dG4YXf1VSBGjSQPys3P%2BFLGNGo3aCwXS9cdMTXg3cEfd2VCMhS7Kn%2BXth33MeS0b5IuURfKF%2BvNYxL6twmWE4%2BT5veutuXGSd5fXwr9w9qanDOC%2FehidOOGKYxyNQMQcXaBsY%2FwOocSuz9sXE7e2eDUNEvMCyoSLZV%2Bs7Y1zReL7Btizz0JHzltXiH8cQM8s94DT0D%2BhHk5AZI8vsVssXSBDOWM%2B2Bz%2BxG%2BaH6MbbUh1ROq%2Bx%2BQHs2TsgYU6cdczEK4c70bw%3D%3D%22%2C%22iv%22%3A%22Ysmzwdz039CIRyEE2xZ%2BQw%3D%3D%22%7D
INFO: [ app_init ] --START--
INFO: Run Behavior\BuildLiteBehavior [ RunTime:0.000026s ]
INFO: [ app_init ] --END-- [ RunTime:0.000341s ]
INFO: [ app_begin ] --START--
INFO: Run Behavior\ReadHtmlCacheBehavior [ RunTime:0.000332s ]
INFO: [ app_begin ] --END-- [ RunTime:0.000432s ]
SQL: SHOW COLUMNS FROM `weapp_admin` [ RunTime:0.0018s ]
SQL: SELECT * FROM `weapp_admin` WHERE `mallname` = 'wxcba01efc22c3fcc6' LIMIT 1   [ RunTime:0.0002s ]
SQL: SHOW COLUMNS FROM `weapp_statics` [ RunTime:0.0011s ]
SQL: SELECT * FROM `weapp_statics` WHERE `day` = 1509465600 AND `shopid` = 29 LIMIT 1   [ RunTime:0.0002s ]
SQL: UPDATE `weapp_statics` SET `pv`=pv+1 WHERE `day` = 1509465600 AND `shopid` = 29 [ RunTime:0.0030s ]
SQL: SHOW COLUMNS FROM `weapp_config` [ RunTime:0.0011s ]
SQL: SELECT * FROM `weapp_config` WHERE `uid` = 29 LIMIT 1   [ RunTime:0.0002s ]
NOTIC: [8] Undefined index: signature /home/wwwroot/small/Application/Admin/Controller/UserController.class.php 第 145 行.
NOTIC: [8] Undefined index: encryptedData /home/wwwroot/small/Application/Admin/Controller/UserController.class.php 第 146 行.
NOTIC: [8] Undefined index: iv /home/wwwroot/small/Application/Admin/Controller/UserController.class.php 第 147 行.
SQL: SHOW COLUMNS FROM `weapp_shop_wxappuser` [ RunTime:0.0012s ]
SQL: SELECT * FROM `weapp_shop_wxappuser` WHERE `openid` = 'oDIAe0Uz-AQ3pSKvyjiuBuD9zWpI' LIMIT 1   [ RunTime:0.0002s ]
SQL: SHOW COLUMNS FROM `weapp_shop_wxappuser` [ RunTime:0.0011s ]
SQL: INSERT INTO `weapp_shop_wxappuser` (`nickName`,`gender`,`language`,`city`,`province`,`country`,`avatarUrl`,`signature`,`encryptedData`,`iv`,`token`,`token_time`,`shopid`,`create_time`,`openid`) VALUES ('L。','1','zh_CN','Changsha','Hunan','China','https://wx.qlogo.cn/mmopen/vi_32/ISVKPGUiaPbBk9LKctMMbMoica9SUkGsZ6HyQZkZ6XFuP1ZEibJOnjDIoLkh48Mia847BUzLgYPpBPiadTmshrwfpow/0',NULL,NULL,NULL,'8aabcc56cde201654b5391f22b222001','1512102244','29','1509510244','oDIAe0Uz-AQ3pSKvyjiuBuD9zWpI') [ RunTime:0.0022s ]

[ 2017-11-01T12:24:04+08:00 ] 117.136.89.127 //user/wxapp_login?mallname=wxcba01efc22c3fcc6&code=003RBPD92VBHiO0Ku2G92Wc3E92RBPDc
INFO: [ app_init ] --START--
INFO: Run Behavior\BuildLiteBehavior [ RunTime:0.000033s ]
INFO: [ app_init ] --END-- [ RunTime:0.000400s ]
INFO: [ app_begin ] --START--
INFO: Run Behavior\ReadHtmlCacheBehavior [ RunTime:0.000366s ]
INFO: [ app_begin ] --END-- [ RunTime:0.000482s ]
SQL: SHOW COLUMNS FROM `weapp_admin` [ RunTime:0.0018s ]
SQL: SELECT * FROM `weapp_admin` WHERE `mallname` = 'wxcba01efc22c3fcc6' LIMIT 1   [ RunTime:0.0003s ]
SQL: SHOW COLUMNS FROM `weapp_statics` [ RunTime:0.0010s ]
SQL: SELECT * FROM `weapp_statics` WHERE `day` = 1509465600 AND `shopid` = 29 LIMIT 1   [ RunTime:0.0002s ]
SQL: UPDATE `weapp_statics` SET `pv`=pv+1 WHERE `day` = 1509465600 AND `shopid` = 29 [ RunTime:0.0028s ]
SQL: SHOW COLUMNS FROM `weapp_config` [ RunTime:0.0011s ]
SQL: SELECT * FROM `weapp_config` WHERE `uid` = 29 LIMIT 1   [ RunTime:0.0002s ]
SQL: SHOW COLUMNS FROM `weapp_weapp_session` [ RunTime:0.0018s ]
SQL: INSERT INTO `weapp_weapp_session` (`session_key`,`openid`,`create_time`,`code`) VALUES ('FBXowlbEeELKUugnpyffiA==','oDIAe0Uz-AQ3pSKvyjiuBuD9zWpI','1510374244','003RBPD92VBHiO0Ku2G92Wc3E92RBPDc') [ RunTime:0.0026s ]
SQL: SHOW COLUMNS FROM `weapp_shop_wxappuser` [ RunTime:0.0012s ]
SQL: SELECT * FROM `weapp_shop_wxappuser` WHERE `openid` = 'oDIAe0Uz-AQ3pSKvyjiuBuD9zWpI' LIMIT 1   [ RunTime:0.0003s ]

[ 2017-11-01T12:24:37+08:00 ] 175.10.93.132 //shop/goods_detail?mallname=wxcba01efc22c3fcc6&id=42
INFO: [ app_init ] --START--
INFO: Run Behavior\BuildLiteBehavior [ RunTime:0.000024s ]
INFO: [ app_init ] --END-- [ RunTime:0.000338s ]
INFO: [ app_begin ] --START--
INFO: Run Behavior\ReadHtmlCacheBehavior [ RunTime:0.000375s ]
INFO: [ app_begin ] --END-- [ RunTime:0.000479s ]
SQL: SHOW COLUMNS FROM `weapp_admin` [ RunTime:0.0018s ]
SQL: SELECT * FROM `weapp_admin` WHERE `mallname` = 'wxcba01efc22c3fcc6' LIMIT 1   [ RunTime:0.0002s ]
SQL: SHOW COLUMNS FROM `weapp_statics` [ RunTime:0.0011s ]
SQL: SELECT * FROM `weapp_statics` WHERE `day` = 1509465600 AND `shopid` = 29 LIMIT 1   [ RunTime:0.0002s ]
SQL: UPDATE `weapp_statics` SET `pv`=pv+1 WHERE `day` = 1509465600 AND `shopid` = 29 [ RunTime:0.0031s ]
SQL: SHOW COLUMNS FROM `weapp_config` [ RunTime:0.0011s ]
SQL: SELECT * FROM `weapp_config` WHERE `uid` = 29 LIMIT 1   [ RunTime:0.0002s ]
SQL: SHOW COLUMNS FROM `weapp_shop_goods` [ RunTime:0.0012s ]
SQL: SELECT * FROM `weapp_shop_goods` WHERE `is_del` = 0 AND `uid` = 29 AND `id` = 42 LIMIT 1   [ RunTime:0.0002s ]
NOTIC: [8] Undefined offset: 1 /home/wwwroot/small/Application/Admin/Controller/ShopController.class.php 第 32 行.
NOTIC: [8] Undefined offset: 2 /home/wwwroot/small/Application/Admin/Controller/ShopController.class.php 第 33 行.

[ 2017-11-01T12:29:49+08:00 ] 117.136.89.127 //banner/blist?mallname=wxcba01efc22c3fcc6&key=mallname
INFO: [ app_init ] --START--
INFO: Run Behavior\BuildLiteBehavior [ RunTime:0.000027s ]
INFO: [ app_init ] --END-- [ RunTime:0.000336s ]
INFO: [ app_begin ] --START--
INFO: Run Behavior\ReadHtmlCacheBehavior [ RunTime:0.000356s ]
INFO: [ app_begin ] --END-- [ RunTime:0.000476s ]
SQL: SHOW COLUMNS FROM `weapp_admin` [ RunTime:0.0020s ]
SQL: SELECT * FROM `weapp_admin` WHERE `mallname` = 'wxcba01efc22c3fcc6' LIMIT 1   [ RunTime:0.0002s ]
SQL: SHOW COLUMNS FROM `weapp_statics` [ RunTime:0.0011s ]
SQL: SELECT * FROM `weapp_statics` WHERE `day` = 1509465600 AND `shopid` = 29 LIMIT 1   [ RunTime:0.0002s ]
SQL: UPDATE `weapp_statics` SET `pv`=pv+1 WHERE `day` = 1509465600 AND `shopid` = 29 [ RunTime:0.0032s ]
SQL: SHOW COLUMNS FROM `weapp_config` [ RunTime:0.0011s ]
SQL: SELECT * FROM `weapp_config` WHERE `uid` = 29 LIMIT 1   [ RunTime:0.0002s ]
SQL: SHOW COLUMNS FROM `weapp_shop_vbanner` [ RunTime:0.0011s ]
SQL: SELECT * FROM `weapp_shop_vbanner` WHERE `is_del` = 0 AND `uid` = 29 LIMIT 7   [ RunTime:0.0002s ]

[ 2017-11-01T12:29:49+08:00 ] 117.136.89.127 //shop/goods_categoryall?mallname=wxcba01efc22c3fcc6
INFO: [ app_init ] --START--
INFO: Run Behavior\BuildLiteBehavior [ RunTime:0.000026s ]
INFO: [ app_init ] --END-- [ RunTime:0.000337s ]
INFO: [ app_begin ] --START--
INFO: Run Behavior\ReadHtmlCacheBehavior [ RunTime:0.000387s ]
INFO: [ app_begin ] --END-- [ RunTime:0.000502s ]
SQL: SHOW COLUMNS FROM `weapp_admin` [ RunTime:0.0018s ]
SQL: SELECT * FROM `weapp_admin` WHERE `mallname` = 'wxcba01efc22c3fcc6' LIMIT 1   [ RunTime:0.0002s ]
SQL: SHOW COLUMNS FROM `weapp_statics` [ RunTime:0.0011s ]
SQL: SELECT * FROM `weapp_statics` WHERE `day` = 1509465600 AND `shopid` = 29 LIMIT 1   [ RunTime:0.0002s ]
SQL: UPDATE `weapp_statics` SET `pv`=pv+1 WHERE `day` = 1509465600 AND `shopid` = 29 [ RunTime:0.0031s ]
SQL: SHOW COLUMNS FROM `weapp_config` [ RunTime:0.0012s ]
SQL: SELECT * FROM `weapp_config` WHERE `uid` = 29 LIMIT 1   [ RunTime:0.0002s ]
SQL: SHOW COLUMNS FROM `weapp_shop_cate` [ RunTime:0.0011s ]
SQL: SELECT * FROM `weapp_shop_cate` WHERE `is_del` = 0 AND `uid` = 29 ORDER BY `order` DESC  [ RunTime:0.0002s ]

[ 2017-11-01T12:29:49+08:00 ] 117.136.89.127 //shop/goods_list?mallname=wxcba01efc22c3fcc6&categoryid=
INFO: [ app_init ] --START--
INFO: Run Behavior\BuildLiteBehavior [ RunTime:0.000027s ]
INFO: [ app_init ] --END-- [ RunTime:0.000356s ]
INFO: [ app_begin ] --START--
INFO: Run Behavior\ReadHtmlCacheBehavior [ RunTime:0.000366s ]
INFO: [ app_begin ] --END-- [ RunTime:0.000502s ]
SQL: SHOW COLUMNS FROM `weapp_admin` [ RunTime:0.0018s ]
SQL: SELECT * FROM `weapp_admin` WHERE `mallname` = 'wxcba01efc22c3fcc6' LIMIT 1   [ RunTime:0.0002s ]
SQL: SHOW COLUMNS FROM `weapp_statics` [ RunTime:0.0011s ]
SQL: SELECT * FROM `weapp_statics` WHERE `day` = 1509465600 AND `shopid` = 29 LIMIT 1   [ RunTime:0.0002s ]
SQL: UPDATE `weapp_statics` SET `pv`=pv+1 WHERE `day` = 1509465600 AND `shopid` = 29 [ RunTime:0.0026s ]
SQL: SHOW COLUMNS FROM `weapp_config` [ RunTime:0.0011s ]
SQL: SELECT * FROM `weapp_config` WHERE `uid` = 29 LIMIT 1   [ RunTime:0.0002s ]
SQL: SHOW COLUMNS FROM `weapp_shop_goods` [ RunTime:0.0012s ]
SQL: SELECT * FROM `weapp_shop_goods` WHERE `is_del` = 0 AND `uid` = 29  [ RunTime:0.0005s ]

[ 2017-11-01T12:30:11+08:00 ] 117.136.89.127 //order/statistics?mallname=wxcba01efc22c3fcc6&token=8aabcc56cde201654b5391f22b222001
INFO: [ app_init ] --START--
INFO: Run Behavior\BuildLiteBehavior [ RunTime:0.000023s ]
INFO: [ app_init ] --END-- [ RunTime:0.001091s ]
INFO: [ app_begin ] --START--
INFO: Run Behavior\ReadHtmlCacheBehavior [ RunTime:0.000341s ]
INFO: [ app_begin ] --END-- [ RunTime:0.000448s ]
SQL: SHOW COLUMNS FROM `weapp_admin` [ RunTime:0.0016s ]
SQL: SELECT * FROM `weapp_admin` WHERE `mallname` = 'wxcba01efc22c3fcc6' LIMIT 1   [ RunTime:0.0002s ]
SQL: SHOW COLUMNS FROM `weapp_statics` [ RunTime:0.0011s ]
SQL: SELECT * FROM `weapp_statics` WHERE `day` = 1509465600 AND `shopid` = 29 LIMIT 1   [ RunTime:0.0006s ]
SQL: UPDATE `weapp_statics` SET `pv`=pv+1 WHERE `day` = 1509465600 AND `shopid` = 29 [ RunTime:0.0036s ]
SQL: SHOW COLUMNS FROM `weapp_config` [ RunTime:0.0011s ]
SQL: SELECT * FROM `weapp_config` WHERE `uid` = 29 LIMIT 1   [ RunTime:0.0002s ]
SQL: SHOW COLUMNS FROM `weapp_shop_wxappuser` [ RunTime:0.0012s ]
NOTIC: [2] Illegal offset type in isset or empty /home/wwwroot/small/ThinkPHP/Library/Think/Model.class.php 第 445 行.
SQL: UPDATE `weapp_shop_wxappuser` SET `token_time`='1512102611' WHERE `token` = '8aabcc56cde201654b5391f22b222001' [ RunTime:0.0026s ]
SQL: SELECT * FROM `weapp_shop_wxappuser` WHERE `token` = '8aabcc56cde201654b5391f22b222001' LIMIT 1   [ RunTime:0.0003s ]
SQL: SHOW COLUMNS FROM `weapp_shop_order` [ RunTime:0.0021s ]
SQL: SELECT * FROM `weapp_shop_order` WHERE `is_del` = 0 AND `uid` = 29 AND `wxuid` = '4889'  [ RunTime:0.0003s ]
NOTIC: [8] Undefined variable: array /home/wwwroot/small/Application/Admin/Controller/OrderController.class.php 第 97 行.
NOTIC: [2] Invalid argument supplied for foreach() /home/wwwroot/small/Application/Admin/Controller/OrderController.class.php 第 97 行.

[ 2017-11-01T12:30:12+08:00 ] 117.136.89.127 //order/blist?mallname=wxcba01efc22c3fcc6&token=8aabcc56cde201654b5391f22b222001
INFO: [ app_init ] --START--
INFO: Run Behavior\BuildLiteBehavior [ RunTime:0.000024s ]
INFO: [ app_init ] --END-- [ RunTime:0.000344s ]
INFO: [ app_begin ] --START--
INFO: Run Behavior\ReadHtmlCacheBehavior [ RunTime:0.000351s ]
INFO: [ app_begin ] --END-- [ RunTime:0.000480s ]
SQL: SHOW COLUMNS FROM `weapp_admin` [ RunTime:0.0018s ]
SQL: SELECT * FROM `weapp_admin` WHERE `mallname` = 'wxcba01efc22c3fcc6' LIMIT 1   [ RunTime:0.0007s ]
SQL: SHOW COLUMNS FROM `weapp_statics` [ RunTime:0.0017s ]
SQL: SELECT * FROM `weapp_statics` WHERE `day` = 1509465600 AND `shopid` = 29 LIMIT 1   [ RunTime:0.0004s ]
SQL: UPDATE `weapp_statics` SET `pv`=pv+1 WHERE `day` = 1509465600 AND `shopid` = 29 [ RunTime:0.0039s ]
SQL: SHOW COLUMNS FROM `weapp_config` [ RunTime:0.0012s ]
SQL: SELECT * FROM `weapp_config` WHERE `uid` = 29 LIMIT 1   [ RunTime:0.0002s ]
SQL: SHOW COLUMNS FROM `weapp_shop_wxappuser` [ RunTime:0.0011s ]
NOTIC: [2] Illegal offset type in isset or empty /home/wwwroot/small/ThinkPHP/Library/Think/Model.class.php 第 445 行.
SQL: UPDATE `weapp_shop_wxappuser` SET `token_time`='1512102612' WHERE `token` = '8aabcc56cde201654b5391f22b222001' [ RunTime:0.0029s ]
SQL: SELECT * FROM `weapp_shop_wxappuser` WHERE `token` = '8aabcc56cde201654b5391f22b222001' LIMIT 1   [ RunTime:0.0003s ]
SQL: SHOW COLUMNS FROM `weapp_shop_order` [ RunTime:0.0012s ]
SQL: SELECT * FROM `weapp_shop_order` WHERE `wxuid` = '4889' AND `is_del` = 0 AND `uid` = 29 ORDER BY create_time DESC  [ RunTime:0.0002s ]

[ 2017-11-01T12:30:12+08:00 ] 117.136.89.127 //order/statistics?mallname=wxcba01efc22c3fcc6&token=8aabcc56cde201654b5391f22b222001
INFO: [ app_init ] --START--
INFO: Run Behavior\BuildLiteBehavior [ RunTime:0.000026s ]
INFO: [ app_init ] --END-- [ RunTime:0.000335s ]
INFO: [ app_begin ] --START--
INFO: Run Behavior\ReadHtmlCacheBehavior [ RunTime:0.002353s ]
INFO: [ app_begin ] --END-- [ RunTime:0.002469s ]
SQL: SHOW COLUMNS FROM `weapp_admin` [ RunTime:0.0018s ]
SQL: SELECT * FROM `weapp_admin` WHERE `mallname` = 'wxcba01efc22c3fcc6' LIMIT 1   [ RunTime:0.0002s ]
SQL: SHOW COLUMNS FROM `weapp_statics` [ RunTime:0.0010s ]
SQL: SELECT * FROM `weapp_statics` WHERE `day` = 1509465600 AND `shopid` = 29 LIMIT 1   [ RunTime:0.0022s ]
SQL: UPDATE `weapp_statics` SET `pv`=pv+1 WHERE `day` = 1509465600 AND `shopid` = 29 [ RunTime:0.0032s ]
SQL: SHOW COLUMNS FROM `weapp_config` [ RunTime:0.0011s ]
SQL: SELECT * FROM `weapp_config` WHERE `uid` = 29 LIMIT 1   [ RunTime:0.0002s ]
SQL: SHOW COLUMNS FROM `weapp_shop_wxappuser` [ RunTime:0.0012s ]
NOTIC: [2] Illegal offset type in isset or empty /home/wwwroot/small/ThinkPHP/Library/Think/Model.class.php 第 445 行.
SQL: UPDATE `weapp_shop_wxappuser` SET `token_time`='1512102612' WHERE `token` = '8aabcc56cde201654b5391f22b222001' [ RunTime:0.0053s ]
SQL: SELECT * FROM `weapp_shop_wxappuser` WHERE `token` = '8aabcc56cde201654b5391f22b222001' LIMIT 1   [ RunTime:0.0003s ]
SQL: SHOW COLUMNS FROM `weapp_shop_order` [ RunTime:0.0016s ]
SQL: SELECT * FROM `weapp_shop_order` WHERE `is_del` = 0 AND `uid` = 29 AND `wxuid` = '4889'  [ RunTime:0.0006s ]
NOTIC: [8] Undefined variable: array /home/wwwroot/small/Application/Admin/Controller/OrderController.class.php 第 97 行.
NOTIC: [2] Invalid argument supplied for foreach() /home/wwwroot/small/Application/Admin/Controller/OrderController.class.php 第 97 行.

[ 2017-11-01T12:30:12+08:00 ] 117.136.89.127 //order/blist?mallname=wxcba01efc22c3fcc6&token=8aabcc56cde201654b5391f22b222001
INFO: [ app_init ] --START--
INFO: Run Behavior\BuildLiteBehavior [ RunTime:0.000026s ]
INFO: [ app_init ] --END-- [ RunTime:0.000358s ]
INFO: [ app_begin ] --START--
INFO: Run Behavior\ReadHtmlCacheBehavior [ RunTime:0.000328s ]
INFO: [ app_begin ] --END-- [ RunTime:0.000449s ]
SQL: SHOW COLUMNS FROM `weapp_admin` [ RunTime:0.0013s ]
SQL: SELECT * FROM `weapp_admin` WHERE `mallname` = 'wxcba01efc22c3fcc6' LIMIT 1   [ RunTime:0.0008s ]
SQL: SHOW COLUMNS FROM `weapp_statics` [ RunTime:0.0021s ]
SQL: SELECT * FROM `weapp_statics` WHERE `day` = 1509465600 AND `shopid` = 29 LIMIT 1   [ RunTime:0.0028s ]
SQL: UPDATE `weapp_statics` SET `pv`=pv+1 WHERE `day` = 1509465600 AND `shopid` = 29 [ RunTime:0.0034s ]
SQL: SHOW COLUMNS FROM `weapp_config` [ RunTime:0.0011s ]
SQL: SELECT * FROM `weapp_config` WHERE `uid` = 29 LIMIT 1   [ RunTime:0.0002s ]
SQL: SHOW COLUMNS FROM `weapp_shop_wxappuser` [ RunTime:0.0022s ]
NOTIC: [2] Illegal offset type in isset or empty /home/wwwroot/small/ThinkPHP/Library/Think/Model.class.php 第 445 行.
SQL: UPDATE `weapp_shop_wxappuser` SET `token_time`='1512102612' WHERE `token` = '8aabcc56cde201654b5391f22b222001' [ RunTime:0.0029s ]
SQL: SELECT * FROM `weapp_shop_wxappuser` WHERE `token` = '8aabcc56cde201654b5391f22b222001' LIMIT 1   [ RunTime:0.0002s ]
SQL: SHOW COLUMNS FROM `weapp_shop_order` [ RunTime:0.0012s ]
SQL: SELECT * FROM `weapp_shop_order` WHERE `wxuid` = '4889' AND `is_del` = 0 AND `uid` = 29 ORDER BY create_time DESC  [ RunTime:0.0002s ]

[ 2017-11-01T14:15:37+08:00 ] 219.232.97.194 //config/get_value?mallname=wxcba01efc22c3fcc6&key=mallname
INFO: [ app_init ] --START--
INFO: Run Behavior\BuildLiteBehavior [ RunTime:0.000028s ]
INFO: [ app_init ] --END-- [ RunTime:0.000345s ]
INFO: [ app_begin ] --START--
INFO: Run Behavior\ReadHtmlCacheBehavior [ RunTime:0.000344s ]
INFO: [ app_begin ] --END-- [ RunTime:0.000470s ]
SQL: SHOW COLUMNS FROM `weapp_admin` [ RunTime:0.0026s ]
SQL: SELECT * FROM `weapp_admin` WHERE `mallname` = 'wxcba01efc22c3fcc6' LIMIT 1   [ RunTime:0.0003s ]
SQL: SHOW COLUMNS FROM `weapp_statics` [ RunTime:0.0011s ]
SQL: SELECT * FROM `weapp_statics` WHERE `day` = 1509465600 AND `shopid` = 29 LIMIT 1   [ RunTime:0.0002s ]
SQL: UPDATE `weapp_statics` SET `pv`=pv+1 WHERE `day` = 1509465600 AND `shopid` = 29 [ RunTime:0.0048s ]
SQL: SHOW COLUMNS FROM `weapp_config` [ RunTime:0.0013s ]
SQL: SELECT * FROM `weapp_config` WHERE `uid` = 29 LIMIT 1   [ RunTime:0.0002s ]

[ 2017-11-01T14:15:37+08:00 ] 219.232.97.194 //shop/goods_categoryall?mallname=wxcba01efc22c3fcc6
INFO: [ app_init ] --START--
INFO: Run Behavior\BuildLiteBehavior [ RunTime:0.000026s ]
INFO: [ app_init ] --END-- [ RunTime:0.000327s ]
INFO: [ app_begin ] --START--
INFO: Run Behavior\ReadHtmlCacheBehavior [ RunTime:0.002395s ]
INFO: [ app_begin ] --END-- [ RunTime:0.002517s ]
SQL: SHOW COLUMNS FROM `weapp_admin` [ RunTime:0.0014s ]
SQL: SELECT * FROM `weapp_admin` WHERE `mallname` = 'wxcba01efc22c3fcc6' LIMIT 1   [ RunTime:0.0016s ]
SQL: SHOW COLUMNS FROM `weapp_statics` [ RunTime:0.0013s ]
SQL: SELECT * FROM `weapp_statics` WHERE `day` = 1509465600 AND `shopid` = 29 LIMIT 1   [ RunTime:0.0002s ]
SQL: UPDATE `weapp_statics` SET `pv`=pv+1 WHERE `day` = 1509465600 AND `shopid` = 29 [ RunTime:0.0059s ]
SQL: SHOW COLUMNS FROM `weapp_config` [ RunTime:0.0012s ]
SQL: SELECT * FROM `weapp_config` WHERE `uid` = 29 LIMIT 1   [ RunTime:0.0003s ]
SQL: SHOW COLUMNS FROM `weapp_shop_cate` [ RunTime:0.0011s ]
SQL: SELECT * FROM `weapp_shop_cate` WHERE `is_del` = 0 AND `uid` = 29 ORDER BY `order` DESC  [ RunTime:0.0002s ]

[ 2017-11-01T14:15:37+08:00 ] 219.232.97.194 //banner/blist?mallname=wxcba01efc22c3fcc6&key=mallname
INFO: [ app_init ] --START--
INFO: Run Behavior\BuildLiteBehavior [ RunTime:0.000026s ]
INFO: [ app_init ] --END-- [ RunTime:0.000330s ]
INFO: [ app_begin ] --START--
INFO: Run Behavior\ReadHtmlCacheBehavior [ RunTime:0.000338s ]
INFO: [ app_begin ] --END-- [ RunTime:0.000468s ]
SQL: SHOW COLUMNS FROM `weapp_admin` [ RunTime:0.0011s ]
SQL: SELECT * FROM `weapp_admin` WHERE `mallname` = 'wxcba01efc22c3fcc6' LIMIT 1   [ RunTime:0.0023s ]
SQL: SHOW COLUMNS FROM `weapp_statics` [ RunTime:0.0013s ]
SQL: SELECT * FROM `weapp_statics` WHERE `day` = 1509465600 AND `shopid` = 29 LIMIT 1   [ RunTime:0.0004s ]
SQL: UPDATE `weapp_statics` SET `pv`=pv+1 WHERE `day` = 1509465600 AND `shopid` = 29 [ RunTime:0.0164s ]
SQL: SHOW COLUMNS FROM `weapp_config` [ RunTime:0.0012s ]
SQL: SELECT * FROM `weapp_config` WHERE `uid` = 29 LIMIT 1   [ RunTime:0.0002s ]
SQL: SHOW COLUMNS FROM `weapp_shop_vbanner` [ RunTime:0.0011s ]
SQL: SELECT * FROM `weapp_shop_vbanner` WHERE `is_del` = 0 AND `uid` = 29 LIMIT 7   [ RunTime:0.0002s ]

[ 2017-11-01T14:15:37+08:00 ] 219.232.97.194 //shop/goods_list?mallname=wxcba01efc22c3fcc6&categoryid=
INFO: [ app_init ] --START--
INFO: Run Behavior\BuildLiteBehavior [ RunTime:0.000027s ]
INFO: [ app_init ] --END-- [ RunTime:0.000543s ]
INFO: [ app_begin ] --START--
INFO: Run Behavior\ReadHtmlCacheBehavior [ RunTime:0.000344s ]
INFO: [ app_begin ] --END-- [ RunTime:0.000491s ]
SQL: SHOW COLUMNS FROM `weapp_admin` [ RunTime:0.0019s ]
SQL: SELECT * FROM `weapp_admin` WHERE `mallname` = 'wxcba01efc22c3fcc6' LIMIT 1   [ RunTime:0.0003s ]
SQL: SHOW COLUMNS FROM `weapp_statics` [ RunTime:0.0015s ]
SQL: SELECT * FROM `weapp_statics` WHERE `day` = 1509465600 AND `shopid` = 29 LIMIT 1   [ RunTime:0.0002s ]
SQL: UPDATE `weapp_statics` SET `pv`=pv+1 WHERE `day` = 1509465600 AND `shopid` = 29 [ RunTime:0.0033s ]
SQL: SHOW COLUMNS FROM `weapp_config` [ RunTime:0.0011s ]
SQL: SELECT * FROM `weapp_config` WHERE `uid` = 29 LIMIT 1   [ RunTime:0.0002s ]
SQL: SHOW COLUMNS FROM `weapp_shop_goods` [ RunTime:0.0012s ]
SQL: SELECT * FROM `weapp_shop_goods` WHERE `is_del` = 0 AND `uid` = 29  [ RunTime:0.0005s ]

[ 2017-11-01T14:15:37+08:00 ] 219.232.97.194 //user/wxapp_login?mallname=wxcba01efc22c3fcc6&code=001WEsQB1P46Wf07jWQB1hwwQB1WEsQd
INFO: [ app_init ] --START--
INFO: Run Behavior\BuildLiteBehavior [ RunTime:0.000026s ]
INFO: [ app_init ] --END-- [ RunTime:0.000341s ]
INFO: [ app_begin ] --START--
INFO: Run Behavior\ReadHtmlCacheBehavior [ RunTime:0.001060s ]
INFO: [ app_begin ] --END-- [ RunTime:0.001189s ]
SQL: SHOW COLUMNS FROM `weapp_admin` [ RunTime:0.0019s ]
SQL: SELECT * FROM `weapp_admin` WHERE `mallname` = 'wxcba01efc22c3fcc6' LIMIT 1   [ RunTime:0.0019s ]
SQL: SHOW COLUMNS FROM `weapp_statics` [ RunTime:0.0013s ]
SQL: SELECT * FROM `weapp_statics` WHERE `day` = 1509465600 AND `shopid` = 29 LIMIT 1   [ RunTime:0.0026s ]
SQL: UPDATE `weapp_statics` SET `pv`=pv+1 WHERE `day` = 1509465600 AND `shopid` = 29 [ RunTime:0.0029s ]
SQL: SHOW COLUMNS FROM `weapp_config` [ RunTime:0.0011s ]
SQL: SELECT * FROM `weapp_config` WHERE `uid` = 29 LIMIT 1   [ RunTime:0.0002s ]
SQL: SHOW COLUMNS FROM `weapp_weapp_session` [ RunTime:0.0018s ]
SQL: INSERT INTO `weapp_weapp_session` (`session_key`,`openid`,`create_time`,`code`) VALUES ('SesrbIne+cr5WEBl6HpCAw==','oDIAe0STGkJVyF-W4STdZZ5EoAoE','1510380937','001WEsQB1P46Wf07jWQB1hwwQB1WEsQd') [ RunTime:0.0025s ]
SQL: SHOW COLUMNS FROM `weapp_shop_wxappuser` [ RunTime:0.0012s ]
SQL: SELECT * FROM `weapp_shop_wxappuser` WHERE `openid` = 'oDIAe0STGkJVyF-W4STdZZ5EoAoE' LIMIT 1   [ RunTime:0.0003s ]

[ 2017-11-01T14:15:39+08:00 ] 219.232.97.194 //user/wxapp_registercomplex?mallname=wxcba01efc22c3fcc6&openid=oDIAe0STGkJVyF-W4STdZZ5EoAoE&code=%7B%22errMsg%22%3A%22getUserInfo%3Aok%22%2C%22rawData%22%3A%22%7B%5C%22nickName%5C%22%3A%5C%22%E9%98%BF%E8%8B%8F%E8%8B%8F%E8%8B%8F%5C%22%2C%5C%22gender%5C%22%3A2%2C%5C%22language%5C%22%3A%5C%22zh_CN%5C%22%2C%5C%22city%5C%22%3A%5C%22West%5C%22%2C%5C%22province%5C%22%3A%5C%22Beijing%5C%22%2C%5C%22country%5C%22%3A%5C%22China%5C%22%2C%5C%22avatarUrl%5C%22%3A%5C%22https%3A%2F%2Fwx.qlogo.cn%2Fmmopen%2Fvi_32%2FQ0j4TwGTfTKI5o7uA4Pyox2AqhWmx8LJCic6JSVLAG1ZbwibX3PZjrH9IMzjfXRv7uZDLqKgIYIibCnaUQA52JHibQ%2F0%5C%22%7D%22%2C%22userInfo%22%3A%7B%22nickName%22%3A%22%E9%98%BF%E8%8B%8F%E8%8B%8F%E8%8B%8F%22%2C%22gender%22%3A2%2C%22language%22%3A%22zh_CN%22%2C%22city%22%3A%22West%22%2C%22province%22%3A%22Beijing%22%2C%22country%22%3A%22China%22%2C%22avatarUrl%22%3A%22https%3A%2F%2Fwx.qlogo.cn%2Fmmopen%2Fvi_32%2FQ0j4TwGTfTKI5o7uA4Pyox2AqhWmx8LJCic6JSVLAG1ZbwibX3PZjrH9IMzjfXRv7uZDLqKgIYIibCnaUQA52JHibQ%2F0%22%7D%2C%22signature%22%3A%22f1c11036eeb384c70ad8aabc2a9cf10eb9363233%22%2C%22encryptedData%22%3A%22AS7Ez3HLFr1AJnIxwYvmHUQ2bCCEGO1aZXS4x4nygoLLO%2FL2Kyo5tQpMukuEnU67w5eFdyHvF5s7pEl1zGV1HYT2oJBPo%2BXDftfsob9let3UqIVLV%2BuyIQVeb2VXYkRc0FQXu0j8qW0BIfagXaJzV8eVtkpnexDWN51wObYPPNhVG7Pn%2F4syxLmHppyKlGM1%2Bh0sute%2B0j%2BikzbkhOoPxKkl9Um6bz4btQ8ch0HvEVM4pVaQTMt1MURqL6qIF05XxnmgokAXRDlt3kJRE9AvbnAbht5S5S0gj2LQDSmxfkQDdyJB28%2B%2F9014S14r55Wc%2BxjvHePItWxb4OskdV18RTaITQq0XtIjhx%2BwJ9j068IceeHFk5zO1DA%2FfCFJHO8P0WsNJVeShtLLtfbmFZDh5KHmAIffBlNZGkYw1aqWVlK61b0UrxzT5U9AJnbCTfVKFxe16RkuBgTILtac1zjwsmm0nH88tD3jrxgBhUBD1QM%3D%22%2C%22iv%22%3A%22zN1Q5%2B3J6d2SPsI59T4AYQ%3D%3D%22%7D
INFO: [ app_init ] --START--
INFO: Run Behavior\BuildLiteBehavior [ RunTime:0.000027s ]
INFO: [ app_init ] --END-- [ RunTime:0.000366s ]
INFO: [ app_begin ] --START--
INFO: Run Behavior\ReadHtmlCacheBehavior [ RunTime:0.000331s ]
INFO: [ app_begin ] --END-- [ RunTime:0.000451s ]
SQL: SHOW COLUMNS FROM `weapp_admin` [ RunTime:0.0018s ]
SQL: SELECT * FROM `weapp_admin` WHERE `mallname` = 'wxcba01efc22c3fcc6' LIMIT 1   [ RunTime:0.0002s ]
SQL: SHOW COLUMNS FROM `weapp_statics` [ RunTime:0.0011s ]
SQL: SELECT * FROM `weapp_statics` WHERE `day` = 1509465600 AND `shopid` = 29 LIMIT 1   [ RunTime:0.0002s ]
SQL: UPDATE `weapp_statics` SET `pv`=pv+1 WHERE `day` = 1509465600 AND `shopid` = 29 [ RunTime:0.0036s ]
SQL: SHOW COLUMNS FROM `weapp_config` [ RunTime:0.0011s ]
SQL: SELECT * FROM `weapp_config` WHERE `uid` = 29 LIMIT 1   [ RunTime:0.0002s ]
NOTIC: [8] Undefined index: signature /home/wwwroot/small/Application/Admin/Controller/UserController.class.php 第 145 行.
NOTIC: [8] Undefined index: encryptedData /home/wwwroot/small/Application/Admin/Controller/UserController.class.php 第 146 行.
NOTIC: [8] Undefined index: iv /home/wwwroot/small/Application/Admin/Controller/UserController.class.php 第 147 行.
SQL: SHOW COLUMNS FROM `weapp_shop_wxappuser` [ RunTime:0.0013s ]
SQL: SELECT * FROM `weapp_shop_wxappuser` WHERE `openid` = 'oDIAe0STGkJVyF-W4STdZZ5EoAoE' LIMIT 1   [ RunTime:0.0002s ]
SQL: SHOW COLUMNS FROM `weapp_shop_wxappuser` [ RunTime:0.0012s ]
SQL: INSERT INTO `weapp_shop_wxappuser` (`nickName`,`gender`,`language`,`city`,`province`,`country`,`avatarUrl`,`signature`,`encryptedData`,`iv`,`token`,`token_time`,`shopid`,`create_time`,`openid`) VALUES ('阿苏苏苏','2','zh_CN','West','Beijing','China','https://wx.qlogo.cn/mmopen/vi_32/Q0j4TwGTfTKI5o7uA4Pyox2AqhWmx8LJCic6JSVLAG1ZbwibX3PZjrH9IMzjfXRv7uZDLqKgIYIibCnaUQA52JHibQ/0',NULL,NULL,NULL,'44795e33470848b879dab43775873387','1512108939','29','1509516939','oDIAe0STGkJVyF-W4STdZZ5EoAoE') [ RunTime:0.0026s ]

[ 2017-11-01T14:15:40+08:00 ] 219.232.97.194 //user/wxapp_login?mallname=wxcba01efc22c3fcc6&code=061KCqlQ1PH1B71ktZnQ1qB6lQ1KCqll
INFO: [ app_init ] --START--
INFO: Run Behavior\BuildLiteBehavior [ RunTime:0.000027s ]
INFO: [ app_init ] --END-- [ RunTime:0.000377s ]
INFO: [ app_begin ] --START--
INFO: Run Behavior\ReadHtmlCacheBehavior [ RunTime:0.000419s ]
INFO: [ app_begin ] --END-- [ RunTime:0.000542s ]
SQL: SHOW COLUMNS FROM `weapp_admin` [ RunTime:0.0018s ]
SQL: SELECT * FROM `weapp_admin` WHERE `mallname` = 'wxcba01efc22c3fcc6' LIMIT 1   [ RunTime:0.0003s ]
SQL: SHOW COLUMNS FROM `weapp_statics` [ RunTime:0.0011s ]
SQL: SELECT * FROM `weapp_statics` WHERE `day` = 1509465600 AND `shopid` = 29 LIMIT 1   [ RunTime:0.0002s ]
SQL: UPDATE `weapp_statics` SET `pv`=pv+1 WHERE `day` = 1509465600 AND `shopid` = 29 [ RunTime:0.0031s ]
SQL: SHOW COLUMNS FROM `weapp_config` [ RunTime:0.0011s ]
SQL: SELECT * FROM `weapp_config` WHERE `uid` = 29 LIMIT 1   [ RunTime:0.0002s ]
SQL: SHOW COLUMNS FROM `weapp_weapp_session` [ RunTime:0.0018s ]
SQL: INSERT INTO `weapp_weapp_session` (`session_key`,`openid`,`create_time`,`code`) VALUES ('SesrbIne+cr5WEBl6HpCAw==','oDIAe0STGkJVyF-W4STdZZ5EoAoE','1510380940','061KCqlQ1PH1B71ktZnQ1qB6lQ1KCqll') [ RunTime:0.0029s ]
SQL: SHOW COLUMNS FROM `weapp_shop_wxappuser` [ RunTime:0.0013s ]
SQL: SELECT * FROM `weapp_shop_wxappuser` WHERE `openid` = 'oDIAe0STGkJVyF-W4STdZZ5EoAoE' LIMIT 1   [ RunTime:0.0003s ]

[ 2017-11-01T14:15:42+08:00 ] 219.232.97.194 //order/statistics?mallname=wxcba01efc22c3fcc6&token=44795e33470848b879dab43775873387
INFO: [ app_init ] --START--
INFO: Run Behavior\BuildLiteBehavior [ RunTime:0.000025s ]
INFO: [ app_init ] --END-- [ RunTime:0.000322s ]
INFO: [ app_begin ] --START--
INFO: Run Behavior\ReadHtmlCacheBehavior [ RunTime:0.001369s ]
INFO: [ app_begin ] --END-- [ RunTime:0.001471s ]
SQL: SHOW COLUMNS FROM `weapp_admin` [ RunTime:0.0018s ]
SQL: SELECT * FROM `weapp_admin` WHERE `mallname` = 'wxcba01efc22c3fcc6' LIMIT 1   [ RunTime:0.0006s ]
SQL: SHOW COLUMNS FROM `weapp_statics` [ RunTime:0.0018s ]
SQL: SELECT * FROM `weapp_statics` WHERE `day` = 1509465600 AND `shopid` = 29 LIMIT 1   [ RunTime:0.0006s ]
SQL: UPDATE `weapp_statics` SET `pv`=pv+1 WHERE `day` = 1509465600 AND `shopid` = 29 [ RunTime:0.0032s ]
SQL: SHOW COLUMNS FROM `weapp_config` [ RunTime:0.0011s ]
SQL: SELECT * FROM `weapp_config` WHERE `uid` = 29 LIMIT 1   [ RunTime:0.0002s ]
SQL: SHOW COLUMNS FROM `weapp_shop_wxappuser` [ RunTime:0.0019s ]
NOTIC: [2] Illegal offset type in isset or empty /home/wwwroot/small/ThinkPHP/Library/Think/Model.class.php 第 445 行.
SQL: UPDATE `weapp_shop_wxappuser` SET `token_time`='1512108942' WHERE `token` = '44795e33470848b879dab43775873387' [ RunTime:0.0204s ]
SQL: SELECT * FROM `weapp_shop_wxappuser` WHERE `token` = '44795e33470848b879dab43775873387' LIMIT 1   [ RunTime:0.0010s ]
SQL: SHOW COLUMNS FROM `weapp_shop_order` [ RunTime:0.0016s ]
SQL: SELECT * FROM `weapp_shop_order` WHERE `is_del` = 0 AND `uid` = 29 AND `wxuid` = '4890'  [ RunTime:0.0022s ]
NOTIC: [8] Undefined variable: array /home/wwwroot/small/Application/Admin/Controller/OrderController.class.php 第 97 行.
NOTIC: [2] Invalid argument supplied for foreach() /home/wwwroot/small/Application/Admin/Controller/OrderController.class.php 第 97 行.

[ 2017-11-01T14:15:42+08:00 ] 219.232.97.194 //order/blist?mallname=wxcba01efc22c3fcc6&token=44795e33470848b879dab43775873387
INFO: [ app_init ] --START--
INFO: Run Behavior\BuildLiteBehavior [ RunTime:0.000024s ]
INFO: [ app_init ] --END-- [ RunTime:0.000354s ]
INFO: [ app_begin ] --START--
INFO: Run Behavior\ReadHtmlCacheBehavior [ RunTime:0.000345s ]
INFO: [ app_begin ] --END-- [ RunTime:0.000455s ]
SQL: SHOW COLUMNS FROM `weapp_admin` [ RunTime:0.0042s ]
SQL: SELECT * FROM `weapp_admin` WHERE `mallname` = 'wxcba01efc22c3fcc6' LIMIT 1   [ RunTime:0.0008s ]
SQL: SHOW COLUMNS FROM `weapp_statics` [ RunTime:0.0035s ]
SQL: SELECT * FROM `weapp_statics` WHERE `day` = 1509465600 AND `shopid` = 29 LIMIT 1   [ RunTime:0.0002s ]
SQL: UPDATE `weapp_statics` SET `pv`=pv+1 WHERE `day` = 1509465600 AND `shopid` = 29 [ RunTime:0.0180s ]
SQL: SHOW COLUMNS FROM `weapp_config` [ RunTime:0.0033s ]
SQL: SELECT * FROM `weapp_config` WHERE `uid` = 29 LIMIT 1   [ RunTime:0.0020s ]
SQL: SHOW COLUMNS FROM `weapp_shop_wxappuser` [ RunTime:0.0014s ]
NOTIC: [2] Illegal offset type in isset or empty /home/wwwroot/small/ThinkPHP/Library/Think/Model.class.php 第 445 行.
SQL: UPDATE `weapp_shop_wxappuser` SET `token_time`='1512108942' WHERE `token` = '44795e33470848b879dab43775873387' [ RunTime:0.0024s ]
SQL: SELECT * FROM `weapp_shop_wxappuser` WHERE `token` = '44795e33470848b879dab43775873387' LIMIT 1   [ RunTime:0.0003s ]
SQL: SHOW COLUMNS FROM `weapp_shop_order` [ RunTime:0.0011s ]
SQL: SELECT * FROM `weapp_shop_order` WHERE `wxuid` = '4890' AND `is_del` = 0 AND `uid` = 29 ORDER BY create_time DESC  [ RunTime:0.0002s ]

[ 2017-11-01T15:26:54+08:00 ] 60.191.38.78 /
INFO: [ app_init ] --START--
INFO: Run Behavior\BuildLiteBehavior [ RunTime:0.000027s ]
INFO: [ app_init ] --END-- [ RunTime:0.001555s ]
INFO: [ app_begin ] --START--
INFO: Run Behavior\ReadHtmlCacheBehavior [ RunTime:0.000362s ]
INFO: [ app_begin ] --END-- [ RunTime:0.000483s ]

[ 2017-11-01T16:00:57+08:00 ] 183.39.197.72 //config/get_value?mallname=wxcba01efc22c3fcc6&key=mallname
INFO: [ app_init ] --START--
INFO: Run Behavior\BuildLiteBehavior [ RunTime:0.000026s ]
INFO: [ app_init ] --END-- [ RunTime:0.000363s ]
INFO: [ app_begin ] --START--
INFO: Run Behavior\ReadHtmlCacheBehavior [ RunTime:0.000334s ]
INFO: [ app_begin ] --END-- [ RunTime:0.000453s ]
SQL: SHOW COLUMNS FROM `weapp_admin` [ RunTime:0.0018s ]
SQL: SELECT * FROM `weapp_admin` WHERE `mallname` = 'wxcba01efc22c3fcc6' LIMIT 1   [ RunTime:0.0003s ]
SQL: SHOW COLUMNS FROM `weapp_statics` [ RunTime:0.0011s ]
SQL: SELECT * FROM `weapp_statics` WHERE `day` = 1509465600 AND `shopid` = 29 LIMIT 1   [ RunTime:0.0002s ]
SQL: UPDATE `weapp_statics` SET `pv`=pv+1 WHERE `day` = 1509465600 AND `shopid` = 29 [ RunTime:0.0030s ]
SQL: SHOW COLUMNS FROM `weapp_config` [ RunTime:0.0014s ]
SQL: SELECT * FROM `weapp_config` WHERE `uid` = 29 LIMIT 1   [ RunTime:0.0002s ]

[ 2017-11-01T16:00:57+08:00 ] 183.39.197.72 //user/wxapp_login?mallname=wxcba01efc22c3fcc6&code=003CZtW62xEArM03NbW62cyvW62CZtWW
INFO: [ app_init ] --START--
INFO: Run Behavior\BuildLiteBehavior [ RunTime:0.000027s ]
INFO: [ app_init ] --END-- [ RunTime:0.000359s ]
INFO: [ app_begin ] --START--
INFO: Run Behavior\ReadHtmlCacheBehavior [ RunTime:0.000338s ]
INFO: [ app_begin ] --END-- [ RunTime:0.000460s ]
SQL: SHOW COLUMNS FROM `weapp_admin` [ RunTime:0.0018s ]
SQL: SELECT * FROM `weapp_admin` WHERE `mallname` = 'wxcba01efc22c3fcc6' LIMIT 1   [ RunTime:0.0002s ]
SQL: SHOW COLUMNS FROM `weapp_statics` [ RunTime:0.0010s ]
SQL: SELECT * FROM `weapp_statics` WHERE `day` = 1509465600 AND `shopid` = 29 LIMIT 1   [ RunTime:0.0002s ]
SQL: UPDATE `weapp_statics` SET `pv`=pv+1 WHERE `day` = 1509465600 AND `shopid` = 29 [ RunTime:0.0027s ]
SQL: SHOW COLUMNS FROM `weapp_config` [ RunTime:0.0011s ]
SQL: SELECT * FROM `weapp_config` WHERE `uid` = 29 LIMIT 1   [ RunTime:0.0002s ]
SQL: SHOW COLUMNS FROM `weapp_weapp_session` [ RunTime:0.0018s ]
SQL: INSERT INTO `weapp_weapp_session` (`session_key`,`openid`,`create_time`,`code`) VALUES ('0GDmoqKWAf8vXm9+vGV3mA==','oDIAe0ULleCd5jQeK64-jqn1JE9o','1510387257','003CZtW62xEArM03NbW62cyvW62CZtWW') [ RunTime:0.0027s ]
SQL: SHOW COLUMNS FROM `weapp_shop_wxappuser` [ RunTime:0.0012s ]
SQL: SELECT * FROM `weapp_shop_wxappuser` WHERE `openid` = 'oDIAe0ULleCd5jQeK64-jqn1JE9o' LIMIT 1   [ RunTime:0.0003s ]

[ 2017-11-01T16:00:57+08:00 ] 183.39.197.72 //shop/goods_categoryall?mallname=wxcba01efc22c3fcc6
INFO: [ app_init ] --START--
INFO: Run Behavior\BuildLiteBehavior [ RunTime:0.000027s ]
INFO: [ app_init ] --END-- [ RunTime:0.000709s ]
INFO: [ app_begin ] --START--
INFO: Run Behavior\ReadHtmlCacheBehavior [ RunTime:0.000336s ]
INFO: [ app_begin ] --END-- [ RunTime:0.000453s ]
SQL: SHOW COLUMNS FROM `weapp_admin` [ RunTime:0.0017s ]
SQL: SELECT * FROM `weapp_admin` WHERE `mallname` = 'wxcba01efc22c3fcc6' LIMIT 1   [ RunTime:0.0003s ]
SQL: SHOW COLUMNS FROM `weapp_statics` [ RunTime:0.0014s ]
SQL: SELECT * FROM `weapp_statics` WHERE `day` = 1509465600 AND `shopid` = 29 LIMIT 1   [ RunTime:0.0005s ]
SQL: UPDATE `weapp_statics` SET `pv`=pv+1 WHERE `day` = 1509465600 AND `shopid` = 29 [ RunTime:0.0028s ]
SQL: SHOW COLUMNS FROM `weapp_config` [ RunTime:0.0011s ]
SQL: SELECT * FROM `weapp_config` WHERE `uid` = 29 LIMIT 1   [ RunTime:0.0002s ]
SQL: SHOW COLUMNS FROM `weapp_shop_cate` [ RunTime:0.0011s ]
SQL: SELECT * FROM `weapp_shop_cate` WHERE `is_del` = 0 AND `uid` = 29 ORDER BY `order` DESC  [ RunTime:0.0002s ]

[ 2017-11-01T16:00:57+08:00 ] 183.39.197.72 //banner/blist?mallname=wxcba01efc22c3fcc6&key=mallname
INFO: [ app_init ] --START--
INFO: Run Behavior\BuildLiteBehavior [ RunTime:0.000029s ]
INFO: [ app_init ] --END-- [ RunTime:0.002311s ]
INFO: [ app_begin ] --START--
INFO: Run Behavior\ReadHtmlCacheBehavior [ RunTime:0.000369s ]
INFO: [ app_begin ] --END-- [ RunTime:0.000562s ]
SQL: SHOW COLUMNS FROM `weapp_admin` [ RunTime:0.0012s ]
SQL: SELECT * FROM `weapp_admin` WHERE `mallname` = 'wxcba01efc22c3fcc6' LIMIT 1   [ RunTime:0.0002s ]
SQL: SHOW COLUMNS FROM `weapp_statics` [ RunTime:0.0010s ]
SQL: SELECT * FROM `weapp_statics` WHERE `day` = 1509465600 AND `shopid` = 29 LIMIT 1   [ RunTime:0.0002s ]
SQL: UPDATE `weapp_statics` SET `pv`=pv+1 WHERE `day` = 1509465600 AND `shopid` = 29 [ RunTime:0.0172s ]
SQL: SHOW COLUMNS FROM `weapp_config` [ RunTime:0.0013s ]
SQL: SELECT * FROM `weapp_config` WHERE `uid` = 29 LIMIT 1   [ RunTime:0.0002s ]
SQL: SHOW COLUMNS FROM `weapp_shop_vbanner` [ RunTime:0.0015s ]
SQL: SELECT * FROM `weapp_shop_vbanner` WHERE `is_del` = 0 AND `uid` = 29 LIMIT 7   [ RunTime:0.0002s ]

[ 2017-11-01T16:00:57+08:00 ] 183.39.197.72 //shop/goods_list?mallname=wxcba01efc22c3fcc6&categoryid=
INFO: [ app_init ] --START--
INFO: Run Behavior\BuildLiteBehavior [ RunTime:0.000026s ]
INFO: [ app_init ] --END-- [ RunTime:0.000327s ]
INFO: [ app_begin ] --START--
INFO: Run Behavior\ReadHtmlCacheBehavior [ RunTime:0.000374s ]
INFO: [ app_begin ] --END-- [ RunTime:0.000492s ]
SQL: SHOW COLUMNS FROM `weapp_admin` [ RunTime:0.0017s ]
SQL: SELECT * FROM `weapp_admin` WHERE `mallname` = 'wxcba01efc22c3fcc6' LIMIT 1   [ RunTime:0.0003s ]
SQL: SHOW COLUMNS FROM `weapp_statics` [ RunTime:0.0010s ]
SQL: SELECT * FROM `weapp_statics` WHERE `day` = 1509465600 AND `shopid` = 29 LIMIT 1   [ RunTime:0.0002s ]
SQL: UPDATE `weapp_statics` SET `pv`=pv+1 WHERE `day` = 1509465600 AND `shopid` = 29 [ RunTime:0.0029s ]
SQL: SHOW COLUMNS FROM `weapp_config` [ RunTime:0.0014s ]
SQL: SELECT * FROM `weapp_config` WHERE `uid` = 29 LIMIT 1   [ RunTime:0.0002s ]
SQL: SHOW COLUMNS FROM `weapp_shop_goods` [ RunTime:0.0012s ]
SQL: SELECT * FROM `weapp_shop_goods` WHERE `is_del` = 0 AND `uid` = 29  [ RunTime:0.0005s ]

[ 2017-11-01T16:01:02+08:00 ] 168.1.128.53 /
INFO: [ app_init ] --START--
INFO: Run Behavior\BuildLiteBehavior [ RunTime:0.000035s ]
INFO: [ app_init ] --END-- [ RunTime:0.000397s ]
INFO: [ app_begin ] --START--
INFO: Run Behavior\ReadHtmlCacheBehavior [ RunTime:0.000433s ]
INFO: [ app_begin ] --END-- [ RunTime:0.000574s ]

[ 2017-11-01T16:01:15+08:00 ] 183.39.197.72 //config/get_value?mallname=wxcba01efc22c3fcc6&key=mallname
INFO: [ app_init ] --START--
INFO: Run Behavior\BuildLiteBehavior [ RunTime:0.000024s ]
INFO: [ app_init ] --END-- [ RunTime:0.000316s ]
INFO: [ app_begin ] --START--
INFO: Run Behavior\ReadHtmlCacheBehavior [ RunTime:0.000331s ]
INFO: [ app_begin ] --END-- [ RunTime:0.000432s ]
SQL: SHOW COLUMNS FROM `weapp_admin` [ RunTime:0.0018s ]
SQL: SELECT * FROM `weapp_admin` WHERE `mallname` = 'wxcba01efc22c3fcc6' LIMIT 1   [ RunTime:0.0002s ]
SQL: SHOW COLUMNS FROM `weapp_statics` [ RunTime:0.0011s ]
SQL: SELECT * FROM `weapp_statics` WHERE `day` = 1509465600 AND `shopid` = 29 LIMIT 1   [ RunTime:0.0002s ]
SQL: UPDATE `weapp_statics` SET `pv`=pv+1 WHERE `day` = 1509465600 AND `shopid` = 29 [ RunTime:0.0035s ]
SQL: SHOW COLUMNS FROM `weapp_config` [ RunTime:0.0012s ]
SQL: SELECT * FROM `weapp_config` WHERE `uid` = 29 LIMIT 1   [ RunTime:0.0002s ]

[ 2017-11-01T16:01:15+08:00 ] 183.39.197.72 //banner/blist?mallname=wxcba01efc22c3fcc6&key=mallname
INFO: [ app_init ] --START--
INFO: Run Behavior\BuildLiteBehavior [ RunTime:0.000028s ]
INFO: [ app_init ] --END-- [ RunTime:0.000672s ]
INFO: [ app_begin ] --START--
INFO: Run Behavior\ReadHtmlCacheBehavior [ RunTime:0.000333s ]
INFO: [ app_begin ] --END-- [ RunTime:0.000453s ]
SQL: SHOW COLUMNS FROM `weapp_admin` [ RunTime:0.0021s ]
SQL: SELECT * FROM `weapp_admin` WHERE `mallname` = 'wxcba01efc22c3fcc6' LIMIT 1   [ RunTime:0.0003s ]
SQL: SHOW COLUMNS FROM `weapp_statics` [ RunTime:0.0010s ]
SQL: SELECT * FROM `weapp_statics` WHERE `day` = 1509465600 AND `shopid` = 29 LIMIT 1   [ RunTime:0.0002s ]
SQL: UPDATE `weapp_statics` SET `pv`=pv+1 WHERE `day` = 1509465600 AND `shopid` = 29 [ RunTime:0.0041s ]
SQL: SHOW COLUMNS FROM `weapp_config` [ RunTime:0.0015s ]
SQL: SELECT * FROM `weapp_config` WHERE `uid` = 29 LIMIT 1   [ RunTime:0.0002s ]
SQL: SHOW COLUMNS FROM `weapp_shop_vbanner` [ RunTime:0.0011s ]
SQL: SELECT * FROM `weapp_shop_vbanner` WHERE `is_del` = 0 AND `uid` = 29 LIMIT 7   [ RunTime:0.0002s ]

[ 2017-11-01T16:01:15+08:00 ] 183.39.197.72 //shop/goods_categoryall?mallname=wxcba01efc22c3fcc6
INFO: [ app_init ] --START--
INFO: Run Behavior\BuildLiteBehavior [ RunTime:0.000026s ]
INFO: [ app_init ] --END-- [ RunTime:0.000328s ]
INFO: [ app_begin ] --START--
INFO: Run Behavior\ReadHtmlCacheBehavior [ RunTime:0.000370s ]
INFO: [ app_begin ] --END-- [ RunTime:0.000513s ]
SQL: SHOW COLUMNS FROM `weapp_admin` [ RunTime:0.0018s ]
SQL: SELECT * FROM `weapp_admin` WHERE `mallname` = 'wxcba01efc22c3fcc6' LIMIT 1   [ RunTime:0.0003s ]
SQL: SHOW COLUMNS FROM `weapp_statics` [ RunTime:0.0011s ]
SQL: SELECT * FROM `weapp_statics` WHERE `day` = 1509465600 AND `shopid` = 29 LIMIT 1   [ RunTime:0.0002s ]
SQL: UPDATE `weapp_statics` SET `pv`=pv+1 WHERE `day` = 1509465600 AND `shopid` = 29 [ RunTime:0.0035s ]
SQL: SHOW COLUMNS FROM `weapp_config` [ RunTime:0.0011s ]
SQL: SELECT * FROM `weapp_config` WHERE `uid` = 29 LIMIT 1   [ RunTime:0.0002s ]
SQL: SHOW COLUMNS FROM `weapp_shop_cate` [ RunTime:0.0011s ]
SQL: SELECT * FROM `weapp_shop_cate` WHERE `is_del` = 0 AND `uid` = 29 ORDER BY `order` DESC  [ RunTime:0.0002s ]

[ 2017-11-01T16:01:15+08:00 ] 183.39.197.72 //shop/goods_list?mallname=wxcba01efc22c3fcc6&categoryid=
INFO: [ app_init ] --START--
INFO: Run Behavior\BuildLiteBehavior [ RunTime:0.000039s ]
INFO: [ app_init ] --END-- [ RunTime:0.000379s ]
INFO: [ app_begin ] --START--
INFO: Run Behavior\ReadHtmlCacheBehavior [ RunTime:0.000420s ]
INFO: [ app_begin ] --END-- [ RunTime:0.000564s ]
SQL: SHOW COLUMNS FROM `weapp_admin` [ RunTime:0.0022s ]
SQL: SELECT * FROM `weapp_admin` WHERE `mallname` = 'wxcba01efc22c3fcc6' LIMIT 1   [ RunTime:0.0003s ]
SQL: SHOW COLUMNS FROM `weapp_statics` [ RunTime:0.0011s ]
SQL: SELECT * FROM `weapp_statics` WHERE `day` = 1509465600 AND `shopid` = 29 LIMIT 1   [ RunTime:0.0002s ]
SQL: UPDATE `weapp_statics` SET `pv`=pv+1 WHERE `day` = 1509465600 AND `shopid` = 29 [ RunTime:0.0152s ]
SQL: SHOW COLUMNS FROM `weapp_config` [ RunTime:0.0014s ]
SQL: SELECT * FROM `weapp_config` WHERE `uid` = 29 LIMIT 1   [ RunTime:0.0002s ]
SQL: SHOW COLUMNS FROM `weapp_shop_goods` [ RunTime:0.0012s ]
SQL: SELECT * FROM `weapp_shop_goods` WHERE `is_del` = 0 AND `uid` = 29  [ RunTime:0.0006s ]

[ 2017-11-01T16:01:15+08:00 ] 183.39.197.72 //user/wxapp_login?mallname=wxcba01efc22c3fcc6&code=0034y9Io1beoAo0DzeIo183WHo14y9IY
INFO: [ app_init ] --START--
INFO: Run Behavior\BuildLiteBehavior [ RunTime:0.000027s ]
INFO: [ app_init ] --END-- [ RunTime:0.000377s ]
INFO: [ app_begin ] --START--
INFO: Run Behavior\ReadHtmlCacheBehavior [ RunTime:0.000368s ]
INFO: [ app_begin ] --END-- [ RunTime:0.000513s ]
SQL: SHOW COLUMNS FROM `weapp_admin` [ RunTime:0.0015s ]
SQL: SELECT * FROM `weapp_admin` WHERE `mallname` = 'wxcba01efc22c3fcc6' LIMIT 1   [ RunTime:0.0002s ]
SQL: SHOW COLUMNS FROM `weapp_statics` [ RunTime:0.0010s ]
SQL: SELECT * FROM `weapp_statics` WHERE `day` = 1509465600 AND `shopid` = 29 LIMIT 1   [ RunTime:0.0002s ]
SQL: UPDATE `weapp_statics` SET `pv`=pv+1 WHERE `day` = 1509465600 AND `shopid` = 29 [ RunTime:0.0022s ]
SQL: SHOW COLUMNS FROM `weapp_config` [ RunTime:0.0011s ]
SQL: SELECT * FROM `weapp_config` WHERE `uid` = 29 LIMIT 1   [ RunTime:0.0002s ]
SQL: SHOW COLUMNS FROM `weapp_weapp_session` [ RunTime:0.0017s ]
SQL: INSERT INTO `weapp_weapp_session` (`session_key`,`openid`,`create_time`,`code`) VALUES ('0GDmoqKWAf8vXm9+vGV3mA==','oDIAe0ULleCd5jQeK64-jqn1JE9o','1510387275','0034y9Io1beoAo0DzeIo183WHo14y9IY') [ RunTime:0.0023s ]
SQL: SHOW COLUMNS FROM `weapp_shop_wxappuser` [ RunTime:0.0011s ]
SQL: SELECT * FROM `weapp_shop_wxappuser` WHERE `openid` = 'oDIAe0ULleCd5jQeK64-jqn1JE9o' LIMIT 1   [ RunTime:0.0003s ]

[ 2017-11-01T16:01:21+08:00 ] 183.39.197.72 //config/get_value?mallname=wxcba01efc22c3fcc6&key=mallname
INFO: [ app_init ] --START--
INFO: Run Behavior\BuildLiteBehavior [ RunTime:0.000027s ]
INFO: [ app_init ] --END-- [ RunTime:0.000439s ]
INFO: [ app_begin ] --START--
INFO: Run Behavior\ReadHtmlCacheBehavior [ RunTime:0.000332s ]
INFO: [ app_begin ] --END-- [ RunTime:0.000479s ]
SQL: SHOW COLUMNS FROM `weapp_admin` [ RunTime:0.0023s ]
SQL: SELECT * FROM `weapp_admin` WHERE `mallname` = 'wxcba01efc22c3fcc6' LIMIT 1   [ RunTime:0.0002s ]
SQL: SHOW COLUMNS FROM `weapp_statics` [ RunTime:0.0011s ]
SQL: SELECT * FROM `weapp_statics` WHERE `day` = 1509465600 AND `shopid` = 29 LIMIT 1   [ RunTime:0.0002s ]
SQL: UPDATE `weapp_statics` SET `pv`=pv+1 WHERE `day` = 1509465600 AND `shopid` = 29 [ RunTime:0.0035s ]
SQL: SHOW COLUMNS FROM `weapp_config` [ RunTime:0.0011s ]
SQL: SELECT * FROM `weapp_config` WHERE `uid` = 29 LIMIT 1   [ RunTime:0.0002s ]

[ 2017-11-01T16:01:22+08:00 ] 183.39.197.72 //banner/blist?mallname=wxcba01efc22c3fcc6&key=mallname
INFO: [ app_init ] --START--
INFO: Run Behavior\BuildLiteBehavior [ RunTime:0.000075s ]
INFO: [ app_init ] --END-- [ RunTime:0.000415s ]
INFO: [ app_begin ] --START--
INFO: Run Behavior\ReadHtmlCacheBehavior [ RunTime:0.000341s ]
INFO: [ app_begin ] --END-- [ RunTime:0.000458s ]
SQL: SHOW COLUMNS FROM `weapp_admin` [ RunTime:0.0018s ]
SQL: SELECT * FROM `weapp_admin` WHERE `mallname` = 'wxcba01efc22c3fcc6' LIMIT 1   [ RunTime:0.0003s ]
SQL: SHOW COLUMNS FROM `weapp_statics` [ RunTime:0.0011s ]
SQL: SELECT * FROM `weapp_statics` WHERE `day` = 1509465600 AND `shopid` = 29 LIMIT 1   [ RunTime:0.0002s ]
SQL: UPDATE `weapp_statics` SET `pv`=pv+1 WHERE `day` = 1509465600 AND `shopid` = 29 [ RunTime:0.0180s ]
SQL: SHOW COLUMNS FROM `weapp_config` [ RunTime:0.0011s ]
SQL: SELECT * FROM `weapp_config` WHERE `uid` = 29 LIMIT 1   [ RunTime:0.0002s ]
SQL: SHOW COLUMNS FROM `weapp_shop_vbanner` [ RunTime:0.0016s ]
SQL: SELECT * FROM `weapp_shop_vbanner` WHERE `is_del` = 0 AND `uid` = 29 LIMIT 7   [ RunTime:0.0002s ]

[ 2017-11-01T16:01:22+08:00 ] 183.39.197.72 //shop/goods_categoryall?mallname=wxcba01efc22c3fcc6
INFO: [ app_init ] --START--
INFO: Run Behavior\BuildLiteBehavior [ RunTime:0.000027s ]
INFO: [ app_init ] --END-- [ RunTime:0.000336s ]
INFO: [ app_begin ] --START--
INFO: Run Behavior\ReadHtmlCacheBehavior [ RunTime:0.000377s ]
INFO: [ app_begin ] --END-- [ RunTime:0.000494s ]
SQL: SHOW COLUMNS FROM `weapp_admin` [ RunTime:0.0018s ]
SQL: SELECT * FROM `weapp_admin` WHERE `mallname` = 'wxcba01efc22c3fcc6' LIMIT 1   [ RunTime:0.0003s ]
SQL: SHOW COLUMNS FROM `weapp_statics` [ RunTime:0.0016s ]
SQL: SELECT * FROM `weapp_statics` WHERE `day` = 1509465600 AND `shopid` = 29 LIMIT 1   [ RunTime:0.0016s ]
SQL: UPDATE `weapp_statics` SET `pv`=pv+1 WHERE `day` = 1509465600 AND `shopid` = 29 [ RunTime:0.0027s ]
SQL: SHOW COLUMNS FROM `weapp_config` [ RunTime:0.0019s ]
SQL: SELECT * FROM `weapp_config` WHERE `uid` = 29 LIMIT 1   [ RunTime:0.0002s ]
SQL: SHOW COLUMNS FROM `weapp_shop_cate` [ RunTime:0.0010s ]
SQL: SELECT * FROM `weapp_shop_cate` WHERE `is_del` = 0 AND `uid` = 29 ORDER BY `order` DESC  [ RunTime:0.0002s ]

[ 2017-11-01T16:01:22+08:00 ] 183.39.197.72 //shop/goods_list?mallname=wxcba01efc22c3fcc6&categoryid=
INFO: [ app_init ] --START--
INFO: Run Behavior\BuildLiteBehavior [ RunTime:0.000027s ]
INFO: [ app_init ] --END-- [ RunTime:0.000360s ]
INFO: [ app_begin ] --START--
INFO: Run Behavior\ReadHtmlCacheBehavior [ RunTime:0.000334s ]
INFO: [ app_begin ] --END-- [ RunTime:0.000456s ]
SQL: SHOW COLUMNS FROM `weapp_admin` [ RunTime:0.0019s ]
SQL: SELECT * FROM `weapp_admin` WHERE `mallname` = 'wxcba01efc22c3fcc6' LIMIT 1   [ RunTime:0.0002s ]
SQL: SHOW COLUMNS FROM `weapp_statics` [ RunTime:0.0011s ]
SQL: SELECT * FROM `weapp_statics` WHERE `day` = 1509465600 AND `shopid` = 29 LIMIT 1   [ RunTime:0.0002s ]
SQL: UPDATE `weapp_statics` SET `pv`=pv+1 WHERE `day` = 1509465600 AND `shopid` = 29 [ RunTime:0.0024s ]
SQL: SHOW COLUMNS FROM `weapp_config` [ RunTime:0.0012s ]
SQL: SELECT * FROM `weapp_config` WHERE `uid` = 29 LIMIT 1   [ RunTime:0.0002s ]
SQL: SHOW COLUMNS FROM `weapp_shop_goods` [ RunTime:0.0015s ]
SQL: SELECT * FROM `weapp_shop_goods` WHERE `is_del` = 0 AND `uid` = 29  [ RunTime:0.0006s ]

[ 2017-11-01T16:01:22+08:00 ] 183.39.197.72 //user/wxapp_login?mallname=wxcba01efc22c3fcc6&code=0036cjie0vAXZy1kKvje0c8lie06cjif
INFO: [ app_init ] --START--
INFO: Run Behavior\BuildLiteBehavior [ RunTime:0.000026s ]
INFO: [ app_init ] --END-- [ RunTime:0.004847s ]
INFO: [ app_begin ] --START--
INFO: Run Behavior\ReadHtmlCacheBehavior [ RunTime:0.001089s ]
INFO: [ app_begin ] --END-- [ RunTime:0.001209s ]
SQL: SHOW COLUMNS FROM `weapp_admin` [ RunTime:0.0013s ]
SQL: SELECT * FROM `weapp_admin` WHERE `mallname` = 'wxcba01efc22c3fcc6' LIMIT 1   [ RunTime:0.0002s ]
SQL: SHOW COLUMNS FROM `weapp_statics` [ RunTime:0.0011s ]
SQL: SELECT * FROM `weapp_statics` WHERE `day` = 1509465600 AND `shopid` = 29 LIMIT 1   [ RunTime:0.0002s ]
SQL: UPDATE `weapp_statics` SET `pv`=pv+1 WHERE `day` = 1509465600 AND `shopid` = 29 [ RunTime:0.0023s ]
SQL: SHOW COLUMNS FROM `weapp_config` [ RunTime:0.0011s ]
SQL: SELECT * FROM `weapp_config` WHERE `uid` = 29 LIMIT 1   [ RunTime:0.0002s ]
SQL: SHOW COLUMNS FROM `weapp_weapp_session` [ RunTime:0.0019s ]
SQL: INSERT INTO `weapp_weapp_session` (`session_key`,`openid`,`create_time`,`code`) VALUES ('0GDmoqKWAf8vXm9+vGV3mA==','oDIAe0ULleCd5jQeK64-jqn1JE9o','1510387282','0036cjie0vAXZy1kKvje0c8lie06cjif') [ RunTime:0.0027s ]
SQL: SHOW COLUMNS FROM `weapp_shop_wxappuser` [ RunTime:0.0013s ]
SQL: SELECT * FROM `weapp_shop_wxappuser` WHERE `openid` = 'oDIAe0ULleCd5jQeK64-jqn1JE9o' LIMIT 1   [ RunTime:0.0003s ]

[ 2017-11-01T16:06:32+08:00 ] 183.39.197.72 /
INFO: [ app_init ] --START--
INFO: Run Behavior\BuildLiteBehavior [ RunTime:0.000026s ]
INFO: [ app_init ] --END-- [ RunTime:0.000336s ]
INFO: [ app_begin ] --START--
INFO: Run Behavior\ReadHtmlCacheBehavior [ RunTime:0.000422s ]
INFO: [ app_begin ] --END-- [ RunTime:0.000543s ]

[ 2017-11-01T16:36:44+08:00 ] 183.240.198.185 /
INFO: [ app_init ] --START--
INFO: Run Behavior\BuildLiteBehavior [ RunTime:0.000027s ]
INFO: [ app_init ] --END-- [ RunTime:0.000350s ]
INFO: [ app_begin ] --START--
INFO: Run Behavior\ReadHtmlCacheBehavior [ RunTime:0.000332s ]
INFO: [ app_begin ] --END-- [ RunTime:0.000453s ]

[ 2017-11-01T16:37:16+08:00 ] 183.240.198.185 /
INFO: [ app_init ] --START--
INFO: Run Behavior\BuildLiteBehavior [ RunTime:0.000026s ]
INFO: [ app_init ] --END-- [ RunTime:0.000345s ]
INFO: [ app_begin ] --START--
INFO: Run Behavior\ReadHtmlCacheBehavior [ RunTime:0.000360s ]
INFO: [ app_begin ] --END-- [ RunTime:0.000461s ]

[ 2017-11-01T16:37:21+08:00 ] 183.240.198.185 /
INFO: [ app_init ] --START--
INFO: Run Behavior\BuildLiteBehavior [ RunTime:0.000028s ]
INFO: [ app_init ] --END-- [ RunTime:0.000360s ]
INFO: [ app_begin ] --START--
INFO: Run Behavior\ReadHtmlCacheBehavior [ RunTime:0.000375s ]
INFO: [ app_begin ] --END-- [ RunTime:0.000522s ]

[ 2017-11-01T17:21:13+08:00 ] 140.205.225.206 /showcase/integration/saveGangster.action
INFO: [ app_init ] --START--
INFO: Run Behavior\BuildLiteBehavior [ RunTime:0.000024s ]
INFO: [ app_init ] --END-- [ RunTime:0.000352s ]
INFO: [ app_begin ] --START--
INFO: Run Behavior\ReadHtmlCacheBehavior [ RunTime:0.000331s ]
INFO: [ app_begin ] --END-- [ RunTime:0.000435s ]
ERR: 无法加载控制器:Showcase

[ 2017-11-01T17:21:14+08:00 ] 140.205.225.206 /struts2-showcase/integration/saveGangster.action
INFO: [ app_init ] --START--
INFO: Run Behavior\BuildLiteBehavior [ RunTime:0.000030s ]
INFO: [ app_init ] --END-- [ RunTime:0.000370s ]
INFO: [ app_begin ] --START--
INFO: Run Behavior\ReadHtmlCacheBehavior [ RunTime:0.000367s ]
INFO: [ app_begin ] --END-- [ RunTime:0.000488s ]
ERR: 无法加载控制器:Struts2-showcase

[ 2017-11-01T17:21:14+08:00 ] 140.205.225.206 /integration/saveGangster.action
INFO: [ app_init ] --START--
INFO: Run Behavior\BuildLiteBehavior [ RunTime:0.000028s ]
INFO: [ app_init ] --END-- [ RunTime:0.000335s ]
INFO: [ app_begin ] --START--
INFO: Run Behavior\ReadHtmlCacheBehavior [ RunTime:0.000369s ]
INFO: [ app_begin ] --END-- [ RunTime:0.000492s ]
ERR: 无法加载控制器:Integration

[ 2017-11-01T19:27:50+08:00 ] 216.218.206.67 /
INFO: [ app_init ] --START--
INFO: Run Behavior\BuildLiteBehavior [ RunTime:0.000025s ]
INFO: [ app_init ] --END-- [ RunTime:0.000533s ]
INFO: [ app_begin ] --START--
INFO: Run Behavior\ReadHtmlCacheBehavior [ RunTime:0.000570s ]
INFO: [ app_begin ] --END-- [ RunTime:0.000722s ]

[ 2017-11-01T20:15:18+08:00 ] 140.205.225.197 /showcase/integration/saveGangster.action
INFO: [ app_init ] --START--
INFO: Run Behavior\BuildLiteBehavior [ RunTime:0.000026s ]
INFO: [ app_init ] --END-- [ RunTime:0.000337s ]
INFO: [ app_begin ] --START--
INFO: Run Behavior\ReadHtmlCacheBehavior [ RunTime:0.000344s ]
INFO: [ app_begin ] --END-- [ RunTime:0.000475s ]
ERR: 无法加载控制器:Showcase

[ 2017-11-01T20:15:18+08:00 ] 140.205.225.197 /struts2-showcase/integration/saveGangster.action
INFO: [ app_init ] --START--
INFO: Run Behavior\BuildLiteBehavior [ RunTime:0.000024s ]
INFO: [ app_init ] --END-- [ RunTime:0.000313s ]
INFO: [ app_begin ] --START--
INFO: Run Behavior\ReadHtmlCacheBehavior [ RunTime:0.000363s ]
INFO: [ app_begin ] --END-- [ RunTime:0.000467s ]
ERR: 无法加载控制器:Struts2-showcase

[ 2017-11-01T20:15:19+08:00 ] 140.205.225.197 /integration/saveGangster.action
INFO: [ app_init ] --START--
INFO: Run Behavior\BuildLiteBehavior [ RunTime:0.000026s ]
INFO: [ app_init ] --END-- [ RunTime:0.000333s ]
INFO: [ app_begin ] --START--
INFO: Run Behavior\ReadHtmlCacheBehavior [ RunTime:0.000346s ]
INFO: [ app_begin ] --END-- [ RunTime:0.000473s ]
ERR: 无法加载控制器:Integration

