[ 2017-11-06T04:27:14+08:00 ] 47.93.180.168 /
INFO: [ app_init ] --START--
INFO: Run Behavior\BuildLiteBehavior [ RunTime:0.000029s ]
INFO: [ app_init ] --END-- [ RunTime:0.000559s ]
INFO: [ app_begin ] --START--
INFO: Run Behavior\ReadHtmlCacheBehavior [ RunTime:0.001124s ]
INFO: [ app_begin ] --END-- [ RunTime:0.001280s ]

[ 2017-11-06T06:24:36+08:00 ] 106.11.227.113 /
INFO: [ app_init ] --START--
INFO: Run Behavior\BuildLiteBehavior [ RunTime:0.000026s ]
INFO: [ app_init ] --END-- [ RunTime:0.000332s ]
INFO: [ app_begin ] --START--
INFO: Run Behavior\ReadHtmlCacheBehavior [ RunTime:0.000370s ]
INFO: [ app_begin ] --END-- [ RunTime:0.000488s ]

[ 2017-11-06T07:49:49+08:00 ] 168.1.128.54 /
INFO: [ app_init ] --START--
INFO: Run Behavior\BuildLiteBehavior [ RunTime:0.000027s ]
INFO: [ app_init ] --END-- [ RunTime:0.000334s ]
INFO: [ app_begin ] --START--
INFO: Run Behavior\ReadHtmlCacheBehavior [ RunTime:0.000387s ]
INFO: [ app_begin ] --END-- [ RunTime:0.000505s ]

[ 2017-11-06T10:10:40+08:00 ] 139.162.116.133 /
INFO: [ app_init ] --START--
INFO: Run Behavior\BuildLiteBehavior [ RunTime:0.000032s ]
INFO: [ app_init ] --END-- [ RunTime:0.000550s ]
INFO: [ app_begin ] --START--
INFO: Run Behavior\ReadHtmlCacheBehavior [ RunTime:0.000540s ]
INFO: [ app_begin ] --END-- [ RunTime:0.000682s ]

[ 2017-11-06T10:27:01+08:00 ] 140.205.201.32 /showcase/integration/saveGangster.action
INFO: [ app_init ] --START--
INFO: Run Behavior\BuildLiteBehavior [ RunTime:0.000027s ]
INFO: [ app_init ] --END-- [ RunTime:0.000404s ]
INFO: [ app_begin ] --START--
INFO: Run Behavior\ReadHtmlCacheBehavior [ RunTime:0.000333s ]
INFO: [ app_begin ] --END-- [ RunTime:0.000474s ]
ERR: 无法加载控制器:Showcase

[ 2017-11-06T10:27:01+08:00 ] 140.205.201.32 /struts2-showcase/integration/saveGangster.action
INFO: [ app_init ] --START--
INFO: Run Behavior\BuildLiteBehavior [ RunTime:0.000026s ]
INFO: [ app_init ] --END-- [ RunTime:0.000342s ]
INFO: [ app_begin ] --START--
INFO: Run Behavior\ReadHtmlCacheBehavior [ RunTime:0.000324s ]
INFO: [ app_begin ] --END-- [ RunTime:0.000448s ]
ERR: 无法加载控制器:Struts2-showcase

[ 2017-11-06T10:27:02+08:00 ] 140.205.201.32 /integration/saveGangster.action
INFO: [ app_init ] --START--
INFO: Run Behavior\BuildLiteBehavior [ RunTime:0.000027s ]
INFO: [ app_init ] --END-- [ RunTime:0.000410s ]
INFO: [ app_begin ] --START--
INFO: Run Behavior\ReadHtmlCacheBehavior [ RunTime:0.000348s ]
INFO: [ app_begin ] --END-- [ RunTime:0.000481s ]
ERR: 无法加载控制器:Integration

[ 2017-11-06T17:01:36+08:00 ] 140.205.225.190 /showcase/integration/saveGangster.action
INFO: [ app_init ] --START--
INFO: Run Behavior\BuildLiteBehavior [ RunTime:0.000062s ]
INFO: [ app_init ] --END-- [ RunTime:0.000483s ]
INFO: [ app_begin ] --START--
INFO: Run Behavior\ReadHtmlCacheBehavior [ RunTime:0.000364s ]
INFO: [ app_begin ] --END-- [ RunTime:0.000511s ]
ERR: 无法加载控制器:Showcase

[ 2017-11-06T17:01:37+08:00 ] 140.205.225.190 /struts2-showcase/integration/saveGangster.action
INFO: [ app_init ] --START--
INFO: Run Behavior\BuildLiteBehavior [ RunTime:0.000027s ]
INFO: [ app_init ] --END-- [ RunTime:0.000357s ]
INFO: [ app_begin ] --START--
INFO: Run Behavior\ReadHtmlCacheBehavior [ RunTime:0.000383s ]
INFO: [ app_begin ] --END-- [ RunTime:0.000502s ]
ERR: 无法加载控制器:Struts2-showcase

[ 2017-11-06T17:01:37+08:00 ] 140.205.225.190 /integration/saveGangster.action
INFO: [ app_init ] --START--
INFO: Run Behavior\BuildLiteBehavior [ RunTime:0.000027s ]
INFO: [ app_init ] --END-- [ RunTime:0.000361s ]
INFO: [ app_begin ] --START--
INFO: Run Behavior\ReadHtmlCacheBehavior [ RunTime:0.000329s ]
INFO: [ app_begin ] --END-- [ RunTime:0.000455s ]
ERR: 无法加载控制器:Integration

[ 2017-11-06T17:06:47+08:00 ] 43.250.201.117 //config/get_value?mallname=wxcba01efc22c3fcc6&key=mallname
INFO: [ app_init ] --START--
INFO: Run Behavior\BuildLiteBehavior [ RunTime:0.000026s ]
INFO: [ app_init ] --END-- [ RunTime:0.002371s ]
INFO: [ app_begin ] --START--
INFO: Run Behavior\ReadHtmlCacheBehavior [ RunTime:0.001378s ]
INFO: [ app_begin ] --END-- [ RunTime:0.001509s ]
SQL: SHOW COLUMNS FROM `weapp_admin` [ RunTime:0.0020s ]
SQL: SELECT * FROM `weapp_admin` WHERE `mallname` = 'wxcba01efc22c3fcc6' LIMIT 1   [ RunTime:0.0018s ]
SQL: SHOW COLUMNS FROM `weapp_statics` [ RunTime:0.0015s ]
SQL: SELECT * FROM `weapp_statics` WHERE `day` = 1509897600 AND `shopid` = 29 LIMIT 1   [ RunTime:0.0010s ]
SQL: SHOW COLUMNS FROM `weapp_statics` [ RunTime:0.0018s ]
SQL: INSERT INTO `weapp_statics` (`day`,`shopid`,`pv`,`uv`,`uvex`,`pvex`) VALUES ('1509897600','29','1','1','1','1') [ RunTime:0.0063s ]
SQL: SHOW COLUMNS FROM `weapp_config` [ RunTime:0.0549s ]
SQL: SELECT * FROM `weapp_config` WHERE `uid` = 29 LIMIT 1   [ RunTime:0.0005s ]

[ 2017-11-06T17:06:47+08:00 ] 43.250.201.117 //banner/blist?mallname=wxcba01efc22c3fcc6&key=mallname
INFO: [ app_init ] --START--
INFO: Run Behavior\BuildLiteBehavior [ RunTime:0.000027s ]
INFO: [ app_init ] --END-- [ RunTime:0.000375s ]
INFO: [ app_begin ] --START--
INFO: Run Behavior\ReadHtmlCacheBehavior [ RunTime:0.000330s ]
INFO: [ app_begin ] --END-- [ RunTime:0.001487s ]
SQL: SHOW COLUMNS FROM `weapp_admin` [ RunTime:0.0023s ]
SQL: SELECT * FROM `weapp_admin` WHERE `mallname` = 'wxcba01efc22c3fcc6' LIMIT 1   [ RunTime:0.0008s ]
SQL: SHOW COLUMNS FROM `weapp_statics` [ RunTime:0.0011s ]
SQL: SELECT * FROM `weapp_statics` WHERE `day` = 1509897600 AND `shopid` = 29 LIMIT 1   [ RunTime:0.0006s ]
SQL: SHOW COLUMNS FROM `weapp_statics` [ RunTime:0.0009s ]
SQL: INSERT INTO `weapp_statics` (`day`,`shopid`,`pv`,`uv`,`uvex`,`pvex`) VALUES ('1509897600','29','1','1','1','1') [ RunTime:0.0047s ]
SQL: SHOW COLUMNS FROM `weapp_config` [ RunTime:0.0577s ]
SQL: SELECT * FROM `weapp_config` WHERE `uid` = 29 LIMIT 1   [ RunTime:0.0007s ]
SQL: SHOW COLUMNS FROM `weapp_shop_vbanner` [ RunTime:0.0023s ]
SQL: SELECT * FROM `weapp_shop_vbanner` WHERE `is_del` = 0 AND `uid` = 29 LIMIT 7   [ RunTime:0.0013s ]

[ 2017-11-06T17:06:47+08:00 ] 43.250.201.117 //shop/goods_categoryall?mallname=wxcba01efc22c3fcc6
INFO: [ app_init ] --START--
INFO: Run Behavior\BuildLiteBehavior [ RunTime:0.000026s ]
INFO: [ app_init ] --END-- [ RunTime:0.000324s ]
INFO: [ app_begin ] --START--
INFO: Run Behavior\ReadHtmlCacheBehavior [ RunTime:0.003049s ]
INFO: [ app_begin ] --END-- [ RunTime:0.003496s ]
SQL: SHOW COLUMNS FROM `weapp_admin` [ RunTime:0.0012s ]
SQL: SELECT * FROM `weapp_admin` WHERE `mallname` = 'wxcba01efc22c3fcc6' LIMIT 1   [ RunTime:0.0019s ]
SQL: SHOW COLUMNS FROM `weapp_statics` [ RunTime:0.0006s ]
SQL: SELECT * FROM `weapp_statics` WHERE `day` = 1509897600 AND `shopid` = 29 LIMIT 1   [ RunTime:0.0002s ]
SQL: SHOW COLUMNS FROM `weapp_statics` [ RunTime:0.0017s ]
SQL: INSERT INTO `weapp_statics` (`day`,`shopid`,`pv`,`uv`,`uvex`,`pvex`) VALUES ('1509897600','29','1','1','1','1') [ RunTime:0.0791s ]
SQL: SHOW COLUMNS FROM `weapp_config` [ RunTime:0.0006s ]
SQL: SELECT * FROM `weapp_config` WHERE `uid` = 29 LIMIT 1   [ RunTime:0.0002s ]
SQL: SHOW COLUMNS FROM `weapp_shop_cate` [ RunTime:0.0032s ]
SQL: SELECT * FROM `weapp_shop_cate` WHERE `is_del` = 0 AND `uid` = 29 ORDER BY `order` DESC  [ RunTime:0.0002s ]

[ 2017-11-06T17:06:48+08:00 ] 43.250.201.117 //user/wxapp_login?mallname=wxcba01efc22c3fcc6&code=011KTRaz0FVRjg19DW8z0KBEaz0KTRaf
INFO: [ app_init ] --START--
INFO: Run Behavior\BuildLiteBehavior [ RunTime:0.000026s ]
INFO: [ app_init ] --END-- [ RunTime:0.000358s ]
INFO: [ app_begin ] --START--
INFO: Run Behavior\ReadHtmlCacheBehavior [ RunTime:0.000375s ]
INFO: [ app_begin ] --END-- [ RunTime:0.000493s ]
SQL: SHOW COLUMNS FROM `weapp_admin` [ RunTime:0.0007s ]
SQL: SELECT * FROM `weapp_admin` WHERE `mallname` = 'wxcba01efc22c3fcc6' LIMIT 1   [ RunTime:0.0003s ]
SQL: SHOW COLUMNS FROM `weapp_statics` [ RunTime:0.0005s ]
SQL: SELECT * FROM `weapp_statics` WHERE `day` = 1509897600 AND `shopid` = 29 LIMIT 1   [ RunTime:0.0002s ]
SQL: UPDATE `weapp_statics` SET `pv`=pv+1 WHERE `day` = 1509897600 AND `shopid` = 29 [ RunTime:0.0029s ]
SQL: SHOW COLUMNS FROM `weapp_config` [ RunTime:0.0005s ]
SQL: SELECT * FROM `weapp_config` WHERE `uid` = 29 LIMIT 1   [ RunTime:0.0002s ]
SQL: SHOW COLUMNS FROM `weapp_weapp_session` [ RunTime:0.0014s ]
SQL: INSERT INTO `weapp_weapp_session` (`session_key`,`openid`,`create_time`,`code`) VALUES ('9DyIS/Z4xbn+2ks+yVSXoA==','oDIAe0UAi9cu6jDGugSjl6K8xGQk','1510823208','011KTRaz0FVRjg19DW8z0KBEaz0KTRaf') [ RunTime:0.0073s ]
SQL: SHOW COLUMNS FROM `weapp_shop_wxappuser` [ RunTime:0.0017s ]
SQL: SELECT * FROM `weapp_shop_wxappuser` WHERE `openid` = 'oDIAe0UAi9cu6jDGugSjl6K8xGQk' LIMIT 1   [ RunTime:0.0003s ]

[ 2017-11-06T17:06:48+08:00 ] 43.250.201.117 //shop/goods_list?mallname=wxcba01efc22c3fcc6&categoryid=
INFO: [ app_init ] --START--
INFO: Run Behavior\BuildLiteBehavior [ RunTime:0.000041s ]
INFO: [ app_init ] --END-- [ RunTime:0.000436s ]
INFO: [ app_begin ] --START--
INFO: Run Behavior\ReadHtmlCacheBehavior [ RunTime:0.000416s ]
INFO: [ app_begin ] --END-- [ RunTime:0.000535s ]
SQL: SHOW COLUMNS FROM `weapp_admin` [ RunTime:0.0007s ]
SQL: SELECT * FROM `weapp_admin` WHERE `mallname` = 'wxcba01efc22c3fcc6' LIMIT 1   [ RunTime:0.0002s ]
SQL: SHOW COLUMNS FROM `weapp_statics` [ RunTime:0.0005s ]
SQL: SELECT * FROM `weapp_statics` WHERE `day` = 1509897600 AND `shopid` = 29 LIMIT 1   [ RunTime:0.0002s ]
SQL: UPDATE `weapp_statics` SET `pv`=pv+1 WHERE `day` = 1509897600 AND `shopid` = 29 [ RunTime:0.0027s ]
SQL: SHOW COLUMNS FROM `weapp_config` [ RunTime:0.0005s ]
SQL: SELECT * FROM `weapp_config` WHERE `uid` = 29 LIMIT 1   [ RunTime:0.0002s ]
SQL: SHOW COLUMNS FROM `weapp_shop_goods` [ RunTime:0.0010s ]
SQL: SELECT * FROM `weapp_shop_goods` WHERE `is_del` = 0 AND `uid` = 29  [ RunTime:0.0005s ]

[ 2017-11-06T17:06:51+08:00 ] 43.250.201.117 //user/wxapp_registercomplex?mallname=wxcba01efc22c3fcc6&openid=oDIAe0UAi9cu6jDGugSjl6K8xGQk&code=%7B%22errMsg%22%3A%22getUserInfo%3Aok%22%2C%22rawData%22%3A%22%7B%5C%22nickName%5C%22%3A%5C%22A%E7%83%9F%E7%81%AC%E4%BC%A4%E8%82%BA*%E4%B8%8D%E4%BC%A4%E5%BF%83%5C%22%2C%5C%22gender%5C%22%3A2%2C%5C%22language%5C%22%3A%5C%22zh_CN%5C%22%2C%5C%22city%5C%22%3A%5C%22Xianning%5C%22%2C%5C%22province%5C%22%3A%5C%22Hubei%5C%22%2C%5C%22country%5C%22%3A%5C%22China%5C%22%2C%5C%22avatarUrl%5C%22%3A%5C%22https%3A%2F%2Fwx.qlogo.cn%2Fmmopen%2Fvi_32%2FQ0j4TwGTfTKgevFEhhXxnibKISokJS4cxRzCtXqxkkyNmGce1qOaE2kwbhU5OhCIhUj7WSnQYyicGIeIFcvBQOaQ%2F0%5C%22%7D%22%2C%22userInfo%22%3A%7B%22nickName%22%3A%22A%E7%83%9F%E7%81%AC%E4%BC%A4%E8%82%BA*%E4%B8%8D%E4%BC%A4%E5%BF%83%22%2C%22gender%22%3A2%2C%22language%22%3A%22zh_CN%22%2C%22city%22%3A%22Xianning%22%2C%22province%22%3A%22Hubei%22%2C%22country%22%3A%22China%22%2C%22avatarUrl%22%3A%22https%3A%2F%2Fwx.qlogo.cn%2Fmmopen%2Fvi_32%2FQ0j4TwGTfTKgevFEhhXxnibKISokJS4cxRzCtXqxkkyNmGce1qOaE2kwbhU5OhCIhUj7WSnQYyicGIeIFcvBQOaQ%2F0%22%7D%2C%22signature%22%3A%220ee95198c8f9f5b6c95e3d29c623f8dc59fbd997%22%2C%22encryptedData%22%3A%22LzhyQO7cwNiQBJmFvtiOhKMM%2B35EEjJ7yvIvl%2Fwc7w5dYFPS95kD9S0sBN0qzjgwSJg6cnwmS9D2q8EaX45Q%2Bdx62Yebg1G4JC3uqyaMybtCIAECeNLz5wjShF03RscZRLQZtdVR0nL0tVoW6LyIbESqp7OWAmSNa0XbsrewSOcVIQeWQ4QxXSANhohDMt%2BgcNSPbOVWDWC%2FEMJ6E1NrzxxSi%2F1MQp0PdqNdWWPCku03bk1r%2FMHR1hT8z2JiFQSFWuHypEeUBv6HqMdb%2Buu%2BxDJORQxAGIbei7smQTHdh34F4n6uNPfkLqJ2pHu7k8guc7RaIyWNfk7JyEGYzeXG4OazaLDZsVwfFrUzAqHJjiS1uFeZA8rgSMKhDpuJ7oHIiPihJYW2hEZa1Adq17VxAZNj9Sq5r80cOEHf0tpytM2lIdQO0Lqwg9BjlnOynjE5WIUbW4dXDd5Fkhw%2FftTf63%2BSi4pqnkMZflWYY0tTC9Q%3D%22%2C%22iv%22%3A%22ihMLVhijsQtr8FreL6e%2BJg%3D%3D%22%7D
INFO: [ app_init ] --START--
INFO: Run Behavior\BuildLiteBehavior [ RunTime:0.000264s ]
INFO: [ app_init ] --END-- [ RunTime:0.000596s ]
INFO: [ app_begin ] --START--
INFO: Run Behavior\ReadHtmlCacheBehavior [ RunTime:0.000348s ]
INFO: [ app_begin ] --END-- [ RunTime:0.000491s ]
SQL: SHOW COLUMNS FROM `weapp_admin` [ RunTime:0.0007s ]
SQL: SELECT * FROM `weapp_admin` WHERE `mallname` = 'wxcba01efc22c3fcc6' LIMIT 1   [ RunTime:0.0003s ]
SQL: SHOW COLUMNS FROM `weapp_statics` [ RunTime:0.0004s ]
SQL: SELECT * FROM `weapp_statics` WHERE `day` = 1509897600 AND `shopid` = 29 LIMIT 1   [ RunTime:0.0002s ]
SQL: UPDATE `weapp_statics` SET `pv`=pv+1 WHERE `day` = 1509897600 AND `shopid` = 29 [ RunTime:0.0048s ]
SQL: SHOW COLUMNS FROM `weapp_config` [ RunTime:0.0005s ]
SQL: SELECT * FROM `weapp_config` WHERE `uid` = 29 LIMIT 1   [ RunTime:0.0002s ]
NOTIC: [8] Undefined index: signature /home/wwwroot/small/Application/Admin/Controller/UserController.class.php 第 145 行.
NOTIC: [8] Undefined index: encryptedData /home/wwwroot/small/Application/Admin/Controller/UserController.class.php 第 146 行.
NOTIC: [8] Undefined index: iv /home/wwwroot/small/Application/Admin/Controller/UserController.class.php 第 147 行.
SQL: SHOW COLUMNS FROM `weapp_shop_wxappuser` [ RunTime:0.0005s ]
SQL: SELECT * FROM `weapp_shop_wxappuser` WHERE `openid` = 'oDIAe0UAi9cu6jDGugSjl6K8xGQk' LIMIT 1   [ RunTime:0.0002s ]
SQL: SHOW COLUMNS FROM `weapp_shop_wxappuser` [ RunTime:0.0006s ]
SQL: INSERT INTO `weapp_shop_wxappuser` (`nickName`,`gender`,`language`,`city`,`province`,`country`,`avatarUrl`,`signature`,`encryptedData`,`iv`,`token`,`token_time`,`shopid`,`create_time`,`openid`) VALUES ('A烟灬伤肺*不伤心','2','zh_CN','Xianning','Hubei','China','https://wx.qlogo.cn/mmopen/vi_32/Q0j4TwGTfTKgevFEhhXxnibKISokJS4cxRzCtXqxkkyNmGce1qOaE2kwbhU5OhCIhUj7WSnQYyicGIeIFcvBQOaQ/0',NULL,NULL,NULL,'f81dca6565c16c1815449db38b09a602','1512551211','29','1509959211','oDIAe0UAi9cu6jDGugSjl6K8xGQk') [ RunTime:0.0030s ]

[ 2017-11-06T17:07:52+08:00 ] 43.250.201.117 //user/wxapp_login?mallname=wxcba01efc22c3fcc6&code=061m59KW0Pax3W1laxIW0fjaKW0m59KW
INFO: [ app_init ] --START--
INFO: Run Behavior\BuildLiteBehavior [ RunTime:0.000027s ]
INFO: [ app_init ] --END-- [ RunTime:0.000477s ]
INFO: [ app_begin ] --START--
INFO: Run Behavior\ReadHtmlCacheBehavior [ RunTime:0.000377s ]
INFO: [ app_begin ] --END-- [ RunTime:0.000497s ]
SQL: SHOW COLUMNS FROM `weapp_admin` [ RunTime:0.0008s ]
SQL: SELECT * FROM `weapp_admin` WHERE `mallname` = 'wxcba01efc22c3fcc6' LIMIT 1   [ RunTime:0.0003s ]
SQL: SHOW COLUMNS FROM `weapp_statics` [ RunTime:0.0004s ]
SQL: SELECT * FROM `weapp_statics` WHERE `day` = 1509897600 AND `shopid` = 29 LIMIT 1   [ RunTime:0.0002s ]
SQL: UPDATE `weapp_statics` SET `pv`=pv+1 WHERE `day` = 1509897600 AND `shopid` = 29 [ RunTime:0.0031s ]
SQL: SHOW COLUMNS FROM `weapp_config` [ RunTime:0.0005s ]
SQL: SELECT * FROM `weapp_config` WHERE `uid` = 29 LIMIT 1   [ RunTime:0.0002s ]
NOTIC: [2] file_get_contents(https://api.weixin.qq.com/sns/jscode2session?appid=wxcba01efc22c3fcc6&amp;secret=14b02c89574c676eca5d5f3b0795ff59&amp;js_code=061m59KW0Pax3W1laxIW0fjaKW0m59KW&amp;grant_type=authorization_code): failed to open stream: Connection timed out /home/wwwroot/small/Application/Admin/Controller/UserController.class.php 第 95 行.

[ 2017-11-06T17:16:16+08:00 ] 118.249.57.176 //config/get_value?mallname=wxcba01efc22c3fcc6&key=mallname
INFO: [ app_init ] --START--
INFO: Run Behavior\BuildLiteBehavior [ RunTime:0.000027s ]
INFO: [ app_init ] --END-- [ RunTime:0.000336s ]
INFO: [ app_begin ] --START--
INFO: Run Behavior\ReadHtmlCacheBehavior [ RunTime:0.000344s ]
INFO: [ app_begin ] --END-- [ RunTime:0.000466s ]
SQL: SHOW COLUMNS FROM `weapp_admin` [ RunTime:0.0008s ]
SQL: SELECT * FROM `weapp_admin` WHERE `mallname` = 'wxcba01efc22c3fcc6' LIMIT 1   [ RunTime:0.0003s ]
SQL: SHOW COLUMNS FROM `weapp_statics` [ RunTime:0.0007s ]
SQL: SELECT * FROM `weapp_statics` WHERE `day` = 1509897600 AND `shopid` = 29 LIMIT 1   [ RunTime:0.0002s ]
SQL: UPDATE `weapp_statics` SET `pv`=pv+1 WHERE `day` = 1509897600 AND `shopid` = 29 [ RunTime:0.0220s ]
SQL: SHOW COLUMNS FROM `weapp_config` [ RunTime:0.0005s ]
SQL: SELECT * FROM `weapp_config` WHERE `uid` = 29 LIMIT 1   [ RunTime:0.0002s ]

[ 2017-11-06T17:16:16+08:00 ] 118.249.57.176 //banner/blist?mallname=wxcba01efc22c3fcc6&key=mallname
INFO: [ app_init ] --START--
INFO: Run Behavior\BuildLiteBehavior [ RunTime:0.000025s ]
INFO: [ app_init ] --END-- [ RunTime:0.000324s ]
INFO: [ app_begin ] --START--
INFO: Run Behavior\ReadHtmlCacheBehavior [ RunTime:0.001345s ]
INFO: [ app_begin ] --END-- [ RunTime:0.001460s ]
SQL: SHOW COLUMNS FROM `weapp_admin` [ RunTime:0.0122s ]
SQL: SELECT * FROM `weapp_admin` WHERE `mallname` = 'wxcba01efc22c3fcc6' LIMIT 1   [ RunTime:0.0003s ]
SQL: SHOW COLUMNS FROM `weapp_statics` [ RunTime:0.0008s ]
SQL: SELECT * FROM `weapp_statics` WHERE `day` = 1509897600 AND `shopid` = 29 LIMIT 1   [ RunTime:0.0006s ]
SQL: UPDATE `weapp_statics` SET `pv`=pv+1 WHERE `day` = 1509897600 AND `shopid` = 29 [ RunTime:0.0028s ]
SQL: SHOW COLUMNS FROM `weapp_config` [ RunTime:0.0005s ]
SQL: SELECT * FROM `weapp_config` WHERE `uid` = 29 LIMIT 1   [ RunTime:0.0002s ]
SQL: SHOW COLUMNS FROM `weapp_shop_vbanner` [ RunTime:0.0008s ]
SQL: SELECT * FROM `weapp_shop_vbanner` WHERE `is_del` = 0 AND `uid` = 29 LIMIT 7   [ RunTime:0.0002s ]

[ 2017-11-06T17:16:16+08:00 ] 118.249.57.176 //shop/goods_categoryall?mallname=wxcba01efc22c3fcc6
INFO: [ app_init ] --START--
INFO: Run Behavior\BuildLiteBehavior [ RunTime:0.000025s ]
INFO: [ app_init ] --END-- [ RunTime:0.000346s ]
INFO: [ app_begin ] --START--
INFO: Run Behavior\ReadHtmlCacheBehavior [ RunTime:0.000330s ]
INFO: [ app_begin ] --END-- [ RunTime:0.000946s ]
SQL: SHOW COLUMNS FROM `weapp_admin` [ RunTime:0.0009s ]
SQL: SELECT * FROM `weapp_admin` WHERE `mallname` = 'wxcba01efc22c3fcc6' LIMIT 1   [ RunTime:0.0004s ]
SQL: SHOW COLUMNS FROM `weapp_statics` [ RunTime:0.0005s ]
SQL: SELECT * FROM `weapp_statics` WHERE `day` = 1509897600 AND `shopid` = 29 LIMIT 1   [ RunTime:0.0005s ]
SQL: UPDATE `weapp_statics` SET `pv`=pv+1 WHERE `day` = 1509897600 AND `shopid` = 29 [ RunTime:0.0042s ]
SQL: SHOW COLUMNS FROM `weapp_config` [ RunTime:0.0005s ]
SQL: SELECT * FROM `weapp_config` WHERE `uid` = 29 LIMIT 1   [ RunTime:0.0002s ]
SQL: SHOW COLUMNS FROM `weapp_shop_cate` [ RunTime:0.0005s ]
SQL: SELECT * FROM `weapp_shop_cate` WHERE `is_del` = 0 AND `uid` = 29 ORDER BY `order` DESC  [ RunTime:0.0002s ]

[ 2017-11-06T17:16:16+08:00 ] 118.249.57.176 //shop/goods_list?mallname=wxcba01efc22c3fcc6&categoryid=
INFO: [ app_init ] --START--
INFO: Run Behavior\BuildLiteBehavior [ RunTime:0.000026s ]
INFO: [ app_init ] --END-- [ RunTime:0.000379s ]
INFO: [ app_begin ] --START--
INFO: Run Behavior\ReadHtmlCacheBehavior [ RunTime:0.000373s ]
INFO: [ app_begin ] --END-- [ RunTime:0.000496s ]
SQL: SHOW COLUMNS FROM `weapp_admin` [ RunTime:0.0006s ]
SQL: SELECT * FROM `weapp_admin` WHERE `mallname` = 'wxcba01efc22c3fcc6' LIMIT 1   [ RunTime:0.0002s ]
SQL: SHOW COLUMNS FROM `weapp_statics` [ RunTime:0.0007s ]
SQL: SELECT * FROM `weapp_statics` WHERE `day` = 1509897600 AND `shopid` = 29 LIMIT 1   [ RunTime:0.0002s ]
SQL: UPDATE `weapp_statics` SET `pv`=pv+1 WHERE `day` = 1509897600 AND `shopid` = 29 [ RunTime:0.0028s ]
SQL: SHOW COLUMNS FROM `weapp_config` [ RunTime:0.0005s ]
SQL: SELECT * FROM `weapp_config` WHERE `uid` = 29 LIMIT 1   [ RunTime:0.0002s ]
SQL: SHOW COLUMNS FROM `weapp_shop_goods` [ RunTime:0.0006s ]
SQL: SELECT * FROM `weapp_shop_goods` WHERE `is_del` = 0 AND `uid` = 29  [ RunTime:0.0005s ]

[ 2017-11-06T17:16:16+08:00 ] 118.249.57.176 //user/wxapp_login?mallname=wxcba01efc22c3fcc6&code=061zuu890hBM9v1mws7909Ss890zuu88
INFO: [ app_init ] --START--
INFO: Run Behavior\BuildLiteBehavior [ RunTime:0.000026s ]
INFO: [ app_init ] --END-- [ RunTime:0.000356s ]
INFO: [ app_begin ] --START--
INFO: Run Behavior\ReadHtmlCacheBehavior [ RunTime:0.000339s ]
INFO: [ app_begin ] --END-- [ RunTime:0.000456s ]
SQL: SHOW COLUMNS FROM `weapp_admin` [ RunTime:0.0006s ]
SQL: SELECT * FROM `weapp_admin` WHERE `mallname` = 'wxcba01efc22c3fcc6' LIMIT 1   [ RunTime:0.0002s ]
SQL: SHOW COLUMNS FROM `weapp_statics` [ RunTime:0.0008s ]
SQL: SELECT * FROM `weapp_statics` WHERE `day` = 1509897600 AND `shopid` = 29 LIMIT 1   [ RunTime:0.0002s ]
SQL: UPDATE `weapp_statics` SET `pv`=pv+1 WHERE `day` = 1509897600 AND `shopid` = 29 [ RunTime:0.0027s ]
SQL: SHOW COLUMNS FROM `weapp_config` [ RunTime:0.0005s ]
SQL: SELECT * FROM `weapp_config` WHERE `uid` = 29 LIMIT 1   [ RunTime:0.0002s ]
SQL: SHOW COLUMNS FROM `weapp_weapp_session` [ RunTime:0.0008s ]
SQL: INSERT INTO `weapp_weapp_session` (`session_key`,`openid`,`create_time`,`code`) VALUES ('ImYw8WERenjetzYNkVCHGA==','oDIAe0UAi9cu6jDGugSjl6K8xGQk','1510823776','061zuu890hBM9v1mws7909Ss890zuu88') [ RunTime:0.0314s ]
SQL: SHOW COLUMNS FROM `weapp_shop_wxappuser` [ RunTime:0.0008s ]
SQL: SELECT * FROM `weapp_shop_wxappuser` WHERE `openid` = 'oDIAe0UAi9cu6jDGugSjl6K8xGQk' LIMIT 1   [ RunTime:0.0002s ]

[ 2017-11-06T17:16:26+08:00 ] 118.249.57.176 //shop/goods_detail?mallname=wxcba01efc22c3fcc6&id=49
INFO: [ app_init ] --START--
INFO: Run Behavior\BuildLiteBehavior [ RunTime:0.000027s ]
INFO: [ app_init ] --END-- [ RunTime:0.000381s ]
INFO: [ app_begin ] --START--
INFO: Run Behavior\ReadHtmlCacheBehavior [ RunTime:0.000346s ]
INFO: [ app_begin ] --END-- [ RunTime:0.000481s ]
SQL: SHOW COLUMNS FROM `weapp_admin` [ RunTime:0.0011s ]
SQL: SELECT * FROM `weapp_admin` WHERE `mallname` = 'wxcba01efc22c3fcc6' LIMIT 1   [ RunTime:0.0002s ]
SQL: SHOW COLUMNS FROM `weapp_statics` [ RunTime:0.0005s ]
SQL: SELECT * FROM `weapp_statics` WHERE `day` = 1509897600 AND `shopid` = 29 LIMIT 1   [ RunTime:0.0002s ]
SQL: UPDATE `weapp_statics` SET `pv`=pv+1 WHERE `day` = 1509897600 AND `shopid` = 29 [ RunTime:0.0034s ]
SQL: SHOW COLUMNS FROM `weapp_config` [ RunTime:0.0006s ]
SQL: SELECT * FROM `weapp_config` WHERE `uid` = 29 LIMIT 1   [ RunTime:0.0002s ]
SQL: SHOW COLUMNS FROM `weapp_shop_goods` [ RunTime:0.0009s ]
SQL: SELECT * FROM `weapp_shop_goods` WHERE `is_del` = 0 AND `uid` = 29 AND `id` = 49 LIMIT 1   [ RunTime:0.0002s ]
NOTIC: [8] Undefined offset: 1 /home/wwwroot/small/Application/Admin/Controller/ShopController.class.php 第 32 行.
NOTIC: [8] Undefined offset: 2 /home/wwwroot/small/Application/Admin/Controller/ShopController.class.php 第 33 行.

[ 2017-11-06T19:30:55+08:00 ] 184.105.247.196 /
INFO: [ app_init ] --START--
INFO: Run Behavior\BuildLiteBehavior [ RunTime:0.000026s ]
INFO: [ app_init ] --END-- [ RunTime:0.000334s ]
INFO: [ app_begin ] --START--
INFO: Run Behavior\ReadHtmlCacheBehavior [ RunTime:0.000343s ]
INFO: [ app_begin ] --END-- [ RunTime:0.000471s ]

[ 2017-11-06T19:51:41+08:00 ] 140.205.225.183 /showcase/integration/saveGangster.action
INFO: [ app_init ] --START--
INFO: Run Behavior\BuildLiteBehavior [ RunTime:0.000027s ]
INFO: [ app_init ] --END-- [ RunTime:0.000348s ]
INFO: [ app_begin ] --START--
INFO: Run Behavior\ReadHtmlCacheBehavior [ RunTime:0.000358s ]
INFO: [ app_begin ] --END-- [ RunTime:0.000478s ]
ERR: 无法加载控制器:Showcase

[ 2017-11-06T19:51:42+08:00 ] 140.205.225.183 /struts2-showcase/integration/saveGangster.action
INFO: [ app_init ] --START--
INFO: Run Behavior\BuildLiteBehavior [ RunTime:0.000026s ]
INFO: [ app_init ] --END-- [ RunTime:0.000363s ]
INFO: [ app_begin ] --START--
INFO: Run Behavior\ReadHtmlCacheBehavior [ RunTime:0.000320s ]
INFO: [ app_begin ] --END-- [ RunTime:0.000449s ]
ERR: 无法加载控制器:Struts2-showcase

[ 2017-11-06T19:51:42+08:00 ] 140.205.225.183 /integration/saveGangster.action
INFO: [ app_init ] --START--
INFO: Run Behavior\BuildLiteBehavior [ RunTime:0.000026s ]
INFO: [ app_init ] --END-- [ RunTime:0.000345s ]
INFO: [ app_begin ] --START--
INFO: Run Behavior\ReadHtmlCacheBehavior [ RunTime:0.000318s ]
INFO: [ app_begin ] --END-- [ RunTime:0.000435s ]
ERR: 无法加载控制器:Integration

[ 2017-11-06T23:15:29+08:00 ] 47.97.16.6 /
INFO: [ app_init ] --START--
INFO: Run Behavior\BuildLiteBehavior [ RunTime:0.000027s ]
INFO: [ app_init ] --END-- [ RunTime:0.000370s ]
INFO: [ app_begin ] --START--
INFO: Run Behavior\ReadHtmlCacheBehavior [ RunTime:0.000422s ]
INFO: [ app_begin ] --END-- [ RunTime:0.000559s ]

